Error: HADOOP_HOME is not set. Hadoop job types will not run properly.
bin/internal/../..
:bin/internal/../../lib/activation-1.1.jar:bin/internal/../../lib/antlr-2.7.2.jar:bin/internal/../../lib/aopalliance-1.0.jar:bin/internal/../../lib/az-core-0.1.0-SNAPSHOT.jar:bin/internal/../../lib/az-flow-trigger-dependency-plugin-0.1.0-SNAPSHOT.jar:bin/internal/../../lib/azkaban-common-0.1.0-SNAPSHOT.jar:bin/internal/../../lib/azkaban-db-0.1.0-SNAPSHOT.jar:bin/internal/../../lib/azkaban-spi-0.1.0-SNAPSHOT.jar:bin/internal/../../lib/azkaban-web-server-0.1.0-SNAPSHOT.jar:bin/internal/../../lib/c3p0-0.9.1.1.jar:bin/internal/../../lib/cached-http-filesystem-0.1.0-SNAPSHOT.jar:bin/internal/../../lib/cglib-nodep-2.2.jar:bin/internal/../../lib/commons-beanutils-1.7.0.jar:bin/internal/../../lib/commons-chain-1.1.jar:bin/internal/../../lib/commons-codec-1.13.jar:bin/internal/../../lib/commons-collections-3.2.2.jar:bin/internal/../../lib/commons-compress-1.2.jar:bin/internal/../../lib/commons-dbcp2-2.7.0.jar:bin/internal/../../lib/commons-dbutils-1.5.jar:bin/internal/../../lib/commons-digester-1.8.jar:bin/internal/../../lib/commons-fileupload-1.2.1.jar:bin/internal/../../lib/commons-io-2.4.jar:bin/internal/../../lib/commons-jexl-2.1.1.jar:bin/internal/../../lib/commons-lang-2.6.jar:bin/internal/../../lib/commons-logging-1.2.jar:bin/internal/../../lib/commons-math3-3.0.jar:bin/internal/../../lib/commons-pool2-2.7.0.jar:bin/internal/../../lib/commons-validator-1.3.1.jar:bin/internal/../../lib/data-1.15.7.jar:bin/internal/../../lib/data-transform-1.15.7.jar:bin/internal/../../lib/dom4j-1.1.jar:bin/internal/../../lib/gson-2.8.1.jar:bin/internal/../../lib/guava-21.0.jar:bin/internal/../../lib/guice-4.1.0.jar:bin/internal/../../lib/httpclient-4.5.3.jar:bin/internal/../../lib/httpcore-4.4.6.jar:bin/internal/../../lib/jackson-core-2.2.2.jar:bin/internal/../../lib/jackson-core-asl-1.9.5.jar:bin/internal/../../lib/jackson-mapper-asl-1.9.5.jar:bin/internal/../../lib/javax.inject-1.jar:bin/internal/../../lib/javax.servlet-api-3.0.1.jar:bin/internal/../../lib/jetty-6.1.26.jar:bin/internal/../../lib/jetty-util-6.1.26.jar:bin/internal/../../lib/joda-time-2.0.jar:bin/internal/../../lib/jopt-simple-4.3.jar:bin/internal/../../lib/json-20070829.jar:bin/internal/../../lib/li-jersey-uri-1.15.7.jar:bin/internal/../../lib/log4j-1.2.17.jar:bin/internal/../../lib/mail-1.4.5.jar:bin/internal/../../lib/metrics-core-3.1.0.jar:bin/internal/../../lib/metrics-jvm-3.1.0.jar:bin/internal/../../lib/mina-core-1.1.7.jar:bin/internal/../../lib/mysql-connector-java-5.1.28.jar:bin/internal/../../lib/netty-3.2.3.Final.jar:bin/internal/../../lib/oro-2.0.8.jar:bin/internal/../../lib/parseq-1.3.6.jar:bin/internal/../../lib/pegasus-common-1.15.7.jar:bin/internal/../../lib/quartz-2.2.1.jar:bin/internal/../../lib/r2-1.15.7.jar:bin/internal/../../lib/restli-common-1.15.7.jar:bin/internal/../../lib/restli-server-1.15.7.jar:bin/internal/../../lib/servlet-api-2.5-20081211.jar:bin/internal/../../lib/slf4j-api-1.7.18.jar:bin/internal/../../lib/slf4j-log4j12-1.7.18.jar:bin/internal/../../lib/snakeyaml-1.18.jar:bin/internal/../../lib/snappy-0.3.jar:bin/internal/../../lib/sslext-1.2-0.jar:bin/internal/../../lib/struts-core-1.3.8.jar:bin/internal/../../lib/struts-taglib-1.3.8.jar:bin/internal/../../lib/struts-tiles-1.3.8.jar:bin/internal/../../lib/velocity-1.7.jar:bin/internal/../../lib/velocity-tools-2.0.jar:bin/internal/../../extlib/*.jar:bin/internal/../../plugins/*/*.jar
2020/08/30 03:15:03.105 +0000 INFO [AzkabanWebServer] [Azkaban] Starting Jetty Azkaban Web Server...
2020/08/30 03:15:03.179 +0000 INFO [AzkabanServer] [Azkaban] Loading azkaban settings file from bin/internal/../../conf
2020/08/30 03:15:03.180 +0000 INFO [AzkabanServer] [Azkaban] Loading azkaban properties file
2020/08/30 03:15:05.301 +0000 INFO [log] [Azkaban] Logging to org.slf4j.impl.Log4jLoggerAdapter(org.mortbay.log) via org.mortbay.log.Slf4jLog
2020/08/30 03:15:05.302 +0000 INFO [WebServerProvider] [Azkaban] Setting up connector with stats on: true
2020/08/30 03:15:05.341 +0000 INFO [WebServerProvider] [Azkaban] Starting server on port: 8081 # Max threads: 25
2020/08/30 03:15:05.498 +0000 INFO [JdbcProjectImpl] [Azkaban] project temporary folder is being constructed.
2020/08/30 03:15:05.499 +0000 WARN [StorageCleaner] [Azkaban] Project cleanup disabled. All artifacts will be stored.
2020/08/30 03:15:05.500 +0000 INFO [ValidatorUtils] [Azkaban] Creating XmlValidatorManager instance (loading validators)...
2020/08/30 03:15:05.502 +0000 WARN [XmlValidatorManager] [Azkaban] Validator directory validators does not exist or is not a directory.
2020/08/30 03:15:05.504 +0000 WARN [XmlValidatorManager] [Azkaban] Azkaban properties file does not contain the key project.validators.xml.file
2020/08/30 03:15:05.504 +0000 INFO [ValidatorUtils] [Azkaban] XmlValidatorManager instance created.
2020/08/30 03:15:05.504 +0000 INFO [AzkabanProjectLoader] [Azkaban] Using temp dir: /app/temp
2020/08/30 03:15:05.505 +0000 INFO [AzkabanProjectLoader] [Azkaban] Project version retention is set to 3
2020/08/30 03:15:05.505 +0000 INFO [ProjectManager] [Azkaban] Loading active projects.
2020/08/30 03:15:06.886 +0000 INFO [ProjectManager] [Azkaban] Loading flows from active projects.
2020/08/30 03:15:06.904 +0000 INFO [ProjectManager] [Azkaban] Loading whitelisted projects.
2020/08/30 03:15:06.904 +0000 INFO [ProjectManager] [Azkaban] ProjectManager instance created.
2020/08/30 03:15:06.998 +0000 INFO [TriggerManager] [Azkaban] TriggerManager loaded.
2020/08/30 03:15:06.999 +0000 WARN [SessionCache] [Azkaban] azkaban.session.max_number_per_ip_per_user is not configured. The number of sessions per IP per user is not being capped.
2020/08/30 03:15:07.013 +0000 INFO [AzkabanWebServerModule] [Azkaban] Loading user manager class azkaban.user.XmlUserManager
2020/08/30 03:15:07.696 +0000 INFO [XmlUserManager] [Azkaban] Loading user azkaban
2020/08/30 03:15:07.697 +0000 INFO [XmlUserManager] [Azkaban] Loading user metrics
2020/08/30 03:15:07.721 +0000 INFO [UserUtils] [Azkaban] Starting configuration watching thread.
2020/08/30 03:15:07.803 +0000 INFO [AzkabanWebServer] [Azkaban] Loading built-in checker and action types
2020/08/30 03:15:07.810 +0000 INFO [CheckerTypeLoader] [Azkaban] Registering checker BasicTimeChecker
2020/08/30 03:15:07.821 +0000 INFO [CheckerTypeLoader] [Azkaban] Registering checker SlaChecker
2020/08/30 03:15:07.821 +0000 INFO [CheckerTypeLoader] [Azkaban] Registering checker ExecutionChecker
2020/08/30 03:15:07.821 +0000 INFO [ActionTypeLoader] [Azkaban] Registering action ExecuteFlowAction
2020/08/30 03:15:07.821 +0000 INFO [ActionTypeLoader] [Azkaban] Registering action KillExecutionAction
2020/08/30 03:15:07.822 +0000 INFO [ActionTypeLoader] [Azkaban] Registering action AlertAction
2020/08/30 03:15:07.822 +0000 INFO [ActionTypeLoader] [Azkaban] Registering action CreateTriggerAction
2020/08/30 03:15:07.822 +0000 INFO [PluginCheckerAndActionsLoader] [Azkaban] Loading plug-in checker and action types
2020/08/30 03:15:07.823 +0000 ERROR [PluginCheckerAndActionsLoader] [Azkaban] plugin path plugins/triggers doesn't exist!
2020/08/30 03:15:07.870 +0000 INFO [AzkabanWebServer] [Azkaban] Setting timezone to Asia/Beijing
2020/08/30 03:15:07.870 +0000 INFO [AzkabanWebServer] [Azkaban] Registering MBeans...
2020/08/30 03:15:07.942 +0000 INFO [MBeanRegistrationManager] [Azkaban] Bean azkaban.jmx.JmxJettyServer registered.
2020/08/30 03:15:07.944 +0000 INFO [MBeanRegistrationManager] [Azkaban] Bean azkaban.jmx.JmxTriggerManager registered.
2020/08/30 03:15:08.003 +0000 INFO [MBeanRegistrationManager] [Azkaban] Bean azkaban.jmx.JmxExecutorManager registered.
2020/08/30 03:15:08.038 +0000 INFO [MBeanRegistrationManager] [Azkaban] Bean org.apache.log4j.jmx.HierarchyDynamicMBean registered.
2020/08/30 03:15:08.038 +0000 INFO [AzkabanWebServer] [Azkaban] ************* loginLoggerObjName is null, make sure there is a logger with name azkaban.webapp.servlet.LoginAbstractAzkabanServlet
2020/08/30 03:15:08.039 +0000 INFO [ExecutorManager] [Azkaban] Initializing executors from database.
2020/08/30 03:15:08.064 +0000 INFO [ExecutorManager] [Azkaban] Loading running flows from database..
2020/08/30 03:15:08.118 +0000 INFO [ExecutorManager] [Azkaban] Loaded 0 running flows
2020/08/30 03:15:08.122 +0000 INFO [ExecutorManager] [Azkaban] QueueProcessorThread active turned true
2020/08/30 03:15:08.135 +0000 INFO [ExecutionLogsCleaner] [Azkaban] Starting execution logs clean up thread
2020/08/30 03:15:08.157 +0000 INFO [AzkabanWebServer] [Azkaban] Setting up web resource dir web/
2020/08/30 03:15:08.180 +0000 INFO [ExecutionLogsCleaner] [Azkaban] Cleaning old logs from execution_logs
2020/08/30 03:15:08.342 +0000 INFO [ExecutionLogsCleaner] [Azkaban] Cleaning old log files before 2020-06-07T03:15:08.184Z
2020/08/30 03:15:08.421 +0000 INFO [JdbcTriggerImpl] [Azkaban] Loading all triggers from db.
2020/08/30 03:15:08.425 +0000 INFO [JdbcTriggerImpl] [Azkaban] Loaded 0 triggers.
2020/08/30 03:15:08.433 +0000 INFO [log] [Azkaban] jetty-6.1.26
2020/08/30 03:15:08.542 +0000 INFO [ProjectManagerServlet] [Azkaban] downloadBufferSize: 8192
2020/08/30 03:15:08.848 +0000 INFO [RestLiAnnotationReader] [Azkaban] Processed actions resource 'azkaban.restli.UserManagerResource'
2020/08/30 03:15:08.849 +0000 INFO [RestLiAnnotationReader] [Azkaban] Processed actions resource 'azkaban.restli.ProjectManagerResource'
2020/08/30 03:15:08.899 +0000 INFO [log] [Azkaban] Started SocketConnector@0.0.0.0:8081
2020/08/30 03:15:08.900 +0000 INFO [AzkabanWebServer] [Azkaban] Server started
2020/08/30 03:15:09.346 +0000 INFO [ExecutionLogsCleaner] [Azkaban] Cleaned up 0 log entries.
2020/08/30 03:15:09.346 +0000 INFO [ExecutionLogsCleaner] [Azkaban] log clean up time: 1004 ms.
2020/08/30 04:12:42.580 +0000 INFO [LoginAbstractAzkabanServlet] [Azkaban] 83.97.20.25  -  "GET / - HTTP/1.0" not-browser
2020/08/30 04:15:08.144 +0000 INFO [ExecutionLogsCleaner] [Azkaban] Cleaning old logs from execution_logs
2020/08/30 04:15:08.145 +0000 INFO [ExecutionLogsCleaner] [Azkaban] Cleaning old log files before 2020-06-07T04:15:08.144Z
2020/08/30 04:15:09.146 +0000 INFO [ExecutionLogsCleaner] [Azkaban] Cleaned up 0 log entries.
2020/08/30 04:15:09.146 +0000 INFO [ExecutionLogsCleaner] [Azkaban] log clean up time: 1001 ms.
2020/08/30 05:15:08.144 +0000 INFO [ExecutionLogsCleaner] [Azkaban] Cleaning old logs from execution_logs
2020/08/30 05:15:08.144 +0000 INFO [ExecutionLogsCleaner] [Azkaban] Cleaning old log files before 2020-06-07T05:15:08.144Z
2020/08/30 05:15:09.146 +0000 INFO [ExecutionLogsCleaner] [Azkaban] Cleaned up 0 log entries.
2020/08/30 05:15:09.147 +0000 INFO [ExecutionLogsCleaner] [Azkaban] log clean up time: 1002 ms.
2020/08/30 06:15:08.144 +0000 INFO [ExecutionLogsCleaner] [Azkaban] Cleaning old logs from execution_logs
2020/08/30 06:15:08.145 +0000 INFO [ExecutionLogsCleaner] [Azkaban] Cleaning old log files before 2020-06-07T06:15:08.144Z
2020/08/30 06:15:09.147 +0000 INFO [ExecutionLogsCleaner] [Azkaban] Cleaned up 0 log entries.
2020/08/30 06:15:09.148 +0000 INFO [ExecutionLogsCleaner] [Azkaban] log clean up time: 1003 ms.
2020/08/30 07:10:37.533 +0000 INFO [LoginAbstractAzkabanServlet] [Azkaban] 83.97.20.25  -  "GET / - HTTP/1.0" not-browser
2020/08/30 07:15:08.144 +0000 INFO [ExecutionLogsCleaner] [Azkaban] Cleaning old logs from execution_logs
2020/08/30 07:15:08.144 +0000 INFO [ExecutionLogsCleaner] [Azkaban] Cleaning old log files before 2020-06-07T07:15:08.144Z
2020/08/30 07:15:09.146 +0000 INFO [ExecutionLogsCleaner] [Azkaban] Cleaned up 0 log entries.
2020/08/30 07:15:09.146 +0000 INFO [ExecutionLogsCleaner] [Azkaban] log clean up time: 1002 ms.
2020/08/30 08:15:08.144 +0000 INFO [ExecutionLogsCleaner] [Azkaban] Cleaning old logs from execution_logs
2020/08/30 08:15:08.144 +0000 INFO [ExecutionLogsCleaner] [Azkaban] Cleaning old log files before 2020-06-07T08:15:08.144Z
2020/08/30 08:15:09.146 +0000 INFO [ExecutionLogsCleaner] [Azkaban] Cleaned up 0 log entries.
2020/08/30 08:15:09.147 +0000 INFO [ExecutionLogsCleaner] [Azkaban] log clean up time: 1003 ms.
2020/08/30 09:15:08.144 +0000 INFO [ExecutionLogsCleaner] [Azkaban] Cleaning old logs from execution_logs
2020/08/30 09:15:08.144 +0000 INFO [ExecutionLogsCleaner] [Azkaban] Cleaning old log files before 2020-06-07T09:15:08.144Z
2020/08/30 09:15:09.146 +0000 INFO [ExecutionLogsCleaner] [Azkaban] Cleaned up 0 log entries.
2020/08/30 09:15:09.146 +0000 INFO [ExecutionLogsCleaner] [Azkaban] log clean up time: 1002 ms.
2020/08/30 10:15:08.144 +0000 INFO [ExecutionLogsCleaner] [Azkaban] Cleaning old logs from execution_logs
2020/08/30 10:15:08.150 +0000 INFO [ExecutionLogsCleaner] [Azkaban] Cleaning old log files before 2020-06-07T10:15:08.150Z
2020/08/30 10:15:09.174 +0000 INFO [ExecutionLogsCleaner] [Azkaban] Cleaned up 0 log entries.
2020/08/30 10:15:09.175 +0000 INFO [ExecutionLogsCleaner] [Azkaban] log clean up time: 1025 ms.
2020/08/30 11:15:08.144 +0000 INFO [ExecutionLogsCleaner] [Azkaban] Cleaning old logs from execution_logs
2020/08/30 11:15:08.144 +0000 INFO [ExecutionLogsCleaner] [Azkaban] Cleaning old log files before 2020-06-07T11:15:08.144Z
2020/08/30 11:15:09.146 +0000 INFO [ExecutionLogsCleaner] [Azkaban] Cleaned up 0 log entries.
2020/08/30 11:15:09.146 +0000 INFO [ExecutionLogsCleaner] [Azkaban] log clean up time: 1001 ms.
2020/08/30 12:15:08.144 +0000 INFO [ExecutionLogsCleaner] [Azkaban] Cleaning old logs from execution_logs
2020/08/30 12:15:08.144 +0000 INFO [ExecutionLogsCleaner] [Azkaban] Cleaning old log files before 2020-06-07T12:15:08.144Z
2020/08/30 12:15:09.146 +0000 INFO [ExecutionLogsCleaner] [Azkaban] Cleaned up 0 log entries.
2020/08/30 12:15:09.146 +0000 INFO [ExecutionLogsCleaner] [Azkaban] log clean up time: 1001 ms.
2020/08/30 13:15:08.144 +0000 INFO [ExecutionLogsCleaner] [Azkaban] Cleaning old logs from execution_logs
2020/08/30 13:15:08.154 +0000 INFO [ExecutionLogsCleaner] [Azkaban] Cleaning old log files before 2020-06-07T13:15:08.154Z
2020/08/30 13:15:09.167 +0000 INFO [ExecutionLogsCleaner] [Azkaban] Cleaned up 0 log entries.
2020/08/30 13:15:09.167 +0000 INFO [ExecutionLogsCleaner] [Azkaban] log clean up time: 1012 ms.
2020/08/30 14:14:22.322 +0000 INFO [LoginAbstractAzkabanServlet] [Azkaban] 83.97.20.25  -  "GET / - HTTP/1.0" not-browser
2020/08/30 14:15:08.145 +0000 INFO [ExecutionLogsCleaner] [Azkaban] Cleaning old logs from execution_logs
2020/08/30 14:15:08.145 +0000 INFO [ExecutionLogsCleaner] [Azkaban] Cleaning old log files before 2020-06-07T14:15:08.145Z
2020/08/30 14:15:09.170 +0000 INFO [ExecutionLogsCleaner] [Azkaban] Cleaned up 0 log entries.
2020/08/30 14:15:09.170 +0000 INFO [ExecutionLogsCleaner] [Azkaban] log clean up time: 1025 ms.
2020/08/30 15:15:08.159 +0000 INFO [ExecutionLogsCleaner] [Azkaban] Cleaning old logs from execution_logs
2020/08/30 15:15:08.172 +0000 INFO [ExecutionLogsCleaner] [Azkaban] Cleaning old log files before 2020-06-07T15:15:08.172Z
2020/08/30 15:15:09.202 +0000 INFO [ExecutionLogsCleaner] [Azkaban] Cleaned up 0 log entries.
2020/08/30 15:15:09.202 +0000 INFO [ExecutionLogsCleaner] [Azkaban] log clean up time: 1027 ms.
2020/08/30 16:15:08.160 +0000 INFO [ExecutionLogsCleaner] [Azkaban] Cleaning old logs from execution_logs
2020/08/30 16:15:08.167 +0000 INFO [ExecutionLogsCleaner] [Azkaban] Cleaning old log files before 2020-06-07T16:15:08.167Z
2020/08/30 16:15:09.193 +0000 INFO [ExecutionLogsCleaner] [Azkaban] Cleaned up 0 log entries.
2020/08/30 16:15:09.193 +0000 INFO [ExecutionLogsCleaner] [Azkaban] log clean up time: 1026 ms.
2020/08/30 16:59:53.929 +0000 INFO [LoginAbstractAzkabanServlet] [Azkaban] 83.97.20.25  -  "GET / - HTTP/1.0" not-browser
2020/08/30 17:15:08.163 +0000 INFO [ExecutionLogsCleaner] [Azkaban] Cleaning old logs from execution_logs
2020/08/30 17:15:08.174 +0000 INFO [ExecutionLogsCleaner] [Azkaban] Cleaning old log files before 2020-06-07T17:15:08.174Z
2020/08/30 17:15:09.192 +0000 INFO [ExecutionLogsCleaner] [Azkaban] Cleaned up 0 log entries.
2020/08/30 17:15:09.192 +0000 INFO [ExecutionLogsCleaner] [Azkaban] log clean up time: 1018 ms.
2020/08/30 18:15:08.157 +0000 INFO [ExecutionLogsCleaner] [Azkaban] Cleaning old logs from execution_logs
2020/08/30 18:15:08.170 +0000 INFO [ExecutionLogsCleaner] [Azkaban] Cleaning old log files before 2020-06-07T18:15:08.170Z
2020/08/30 18:15:09.199 +0000 INFO [ExecutionLogsCleaner] [Azkaban] Cleaned up 0 log entries.
2020/08/30 18:15:09.199 +0000 INFO [ExecutionLogsCleaner] [Azkaban] log clean up time: 1029 ms.
2020/08/30 19:15:08.156 +0000 INFO [ExecutionLogsCleaner] [Azkaban] Cleaning old logs from execution_logs
2020/08/30 19:15:08.173 +0000 INFO [ExecutionLogsCleaner] [Azkaban] Cleaning old log files before 2020-06-07T19:15:08.173Z
2020/08/30 19:15:09.199 +0000 INFO [ExecutionLogsCleaner] [Azkaban] Cleaned up 0 log entries.
2020/08/30 19:15:09.199 +0000 INFO [ExecutionLogsCleaner] [Azkaban] log clean up time: 1026 ms.
2020/08/30 20:15:08.164 +0000 INFO [ExecutionLogsCleaner] [Azkaban] Cleaning old logs from execution_logs
2020/08/30 20:15:08.175 +0000 INFO [ExecutionLogsCleaner] [Azkaban] Cleaning old log files before 2020-06-07T20:15:08.175Z
2020/08/30 20:15:09.204 +0000 INFO [ExecutionLogsCleaner] [Azkaban] Cleaned up 0 log entries.
2020/08/30 20:15:09.204 +0000 INFO [ExecutionLogsCleaner] [Azkaban] log clean up time: 1027 ms.
2020/08/30 21:15:08.155 +0000 INFO [ExecutionLogsCleaner] [Azkaban] Cleaning old logs from execution_logs
2020/08/30 21:15:08.178 +0000 INFO [ExecutionLogsCleaner] [Azkaban] Cleaning old log files before 2020-06-07T21:15:08.178Z
2020/08/30 21:15:09.204 +0000 INFO [ExecutionLogsCleaner] [Azkaban] Cleaned up 0 log entries.
2020/08/30 21:15:09.204 +0000 INFO [ExecutionLogsCleaner] [Azkaban] log clean up time: 1026 ms.
2020/08/30 22:15:08.144 +0000 INFO [ExecutionLogsCleaner] [Azkaban] Cleaning old logs from execution_logs
2020/08/30 22:15:08.157 +0000 INFO [ExecutionLogsCleaner] [Azkaban] Cleaning old log files before 2020-06-07T22:15:08.156Z
2020/08/30 22:15:09.161 +0000 INFO [ExecutionLogsCleaner] [Azkaban] Cleaned up 0 log entries.
2020/08/30 22:15:09.162 +0000 INFO [ExecutionLogsCleaner] [Azkaban] log clean up time: 1005 ms.
2020/08/30 23:15:08.145 +0000 INFO [ExecutionLogsCleaner] [Azkaban] Cleaning old logs from execution_logs
2020/08/30 23:15:08.145 +0000 INFO [ExecutionLogsCleaner] [Azkaban] Cleaning old log files before 2020-06-07T23:15:08.145Z
2020/08/30 23:15:09.148 +0000 INFO [ExecutionLogsCleaner] [Azkaban] Cleaned up 0 log entries.
2020/08/30 23:15:09.148 +0000 INFO [ExecutionLogsCleaner] [Azkaban] log clean up time: 1003 ms.
2020/08/31 00:08:20.855 +0000 INFO [LoginAbstractAzkabanServlet] [Azkaban] 83.97.20.25  -  "GET / - HTTP/1.0" not-browser
2020/08/31 00:15:08.144 +0000 INFO [ExecutionLogsCleaner] [Azkaban] Cleaning old logs from execution_logs
2020/08/31 00:15:08.144 +0000 INFO [ExecutionLogsCleaner] [Azkaban] Cleaning old log files before 2020-06-08T00:15:08.144Z
2020/08/31 00:15:09.147 +0000 INFO [ExecutionLogsCleaner] [Azkaban] Cleaned up 0 log entries.
2020/08/31 00:15:09.147 +0000 INFO [ExecutionLogsCleaner] [Azkaban] log clean up time: 1002 ms.
2020/08/31 01:15:08.145 +0000 INFO [ExecutionLogsCleaner] [Azkaban] Cleaning old logs from execution_logs
2020/08/31 01:15:08.145 +0000 INFO [ExecutionLogsCleaner] [Azkaban] Cleaning old log files before 2020-06-08T01:15:08.145Z
2020/08/31 01:15:09.154 +0000 INFO [ExecutionLogsCleaner] [Azkaban] Cleaned up 0 log entries.
2020/08/31 01:15:09.154 +0000 INFO [ExecutionLogsCleaner] [Azkaban] log clean up time: 1009 ms.
2020/08/31 02:15:08.145 +0000 INFO [ExecutionLogsCleaner] [Azkaban] Cleaning old logs from execution_logs
2020/08/31 02:15:08.145 +0000 INFO [ExecutionLogsCleaner] [Azkaban] Cleaning old log files before 2020-06-08T02:15:08.145Z
2020/08/31 02:15:09.150 +0000 INFO [ExecutionLogsCleaner] [Azkaban] Cleaned up 0 log entries.
2020/08/31 02:15:09.150 +0000 INFO [ExecutionLogsCleaner] [Azkaban] log clean up time: 1005 ms.
2020/08/31 02:44:18.105 +0000 INFO [LoginAbstractAzkabanServlet] [Azkaban] 83.97.20.25  -  "GET / - HTTP/1.0" not-browser
2020/08/31 03:15:08.144 +0000 INFO [ExecutionLogsCleaner] [Azkaban] Cleaning old logs from execution_logs
2020/08/31 03:15:08.145 +0000 INFO [ExecutionLogsCleaner] [Azkaban] Cleaning old log files before 2020-06-08T03:15:08.144Z
2020/08/31 03:15:09.147 +0000 INFO [ExecutionLogsCleaner] [Azkaban] Cleaned up 0 log entries.
2020/08/31 03:15:09.147 +0000 INFO [ExecutionLogsCleaner] [Azkaban] log clean up time: 1002 ms.
2020/08/31 04:15:08.144 +0000 INFO [ExecutionLogsCleaner] [Azkaban] Cleaning old logs from execution_logs
2020/08/31 04:15:08.145 +0000 INFO [ExecutionLogsCleaner] [Azkaban] Cleaning old log files before 2020-06-08T04:15:08.144Z
2020/08/31 04:15:09.147 +0000 INFO [ExecutionLogsCleaner] [Azkaban] Cleaned up 0 log entries.
2020/08/31 04:15:09.147 +0000 INFO [ExecutionLogsCleaner] [Azkaban] log clean up time: 1002 ms.
2020/08/31 05:15:08.145 +0000 INFO [ExecutionLogsCleaner] [Azkaban] Cleaning old logs from execution_logs
2020/08/31 05:15:08.145 +0000 INFO [ExecutionLogsCleaner] [Azkaban] Cleaning old log files before 2020-06-08T05:15:08.145Z
2020/08/31 05:15:09.155 +0000 INFO [ExecutionLogsCleaner] [Azkaban] Cleaned up 0 log entries.
2020/08/31 05:15:09.155 +0000 INFO [ExecutionLogsCleaner] [Azkaban] log clean up time: 1010 ms.
2020/08/31 06:15:08.145 +0000 INFO [ExecutionLogsCleaner] [Azkaban] Cleaning old logs from execution_logs
2020/08/31 06:15:08.145 +0000 INFO [ExecutionLogsCleaner] [Azkaban] Cleaning old log files before 2020-06-08T06:15:08.145Z
2020/08/31 06:15:09.148 +0000 INFO [ExecutionLogsCleaner] [Azkaban] Cleaned up 0 log entries.
2020/08/31 06:15:09.148 +0000 INFO [ExecutionLogsCleaner] [Azkaban] log clean up time: 1003 ms.
2020/08/31 07:15:08.145 +0000 INFO [ExecutionLogsCleaner] [Azkaban] Cleaning old logs from execution_logs
2020/08/31 07:15:08.145 +0000 INFO [ExecutionLogsCleaner] [Azkaban] Cleaning old log files before 2020-06-08T07:15:08.145Z
2020/08/31 07:15:09.155 +0000 INFO [ExecutionLogsCleaner] [Azkaban] Cleaned up 0 log entries.
2020/08/31 07:15:09.155 +0000 INFO [ExecutionLogsCleaner] [Azkaban] log clean up time: 1010 ms.
2020/08/31 08:15:08.175 +0000 INFO [ExecutionLogsCleaner] [Azkaban] Cleaning old logs from execution_logs
2020/08/31 08:15:08.185 +0000 INFO [ExecutionLogsCleaner] [Azkaban] Cleaning old log files before 2020-06-08T08:15:08.185Z
2020/08/31 08:15:09.205 +0000 INFO [ExecutionLogsCleaner] [Azkaban] Cleaned up 0 log entries.
2020/08/31 08:15:09.206 +0000 INFO [ExecutionLogsCleaner] [Azkaban] log clean up time: 1021 ms.
2020/08/31 09:15:08.152 +0000 INFO [ExecutionLogsCleaner] [Azkaban] Cleaning old logs from execution_logs
2020/08/31 09:15:08.161 +0000 INFO [ExecutionLogsCleaner] [Azkaban] Cleaning old log files before 2020-06-08T09:15:08.161Z
2020/08/31 09:15:09.184 +0000 INFO [ExecutionLogsCleaner] [Azkaban] Cleaned up 0 log entries.
2020/08/31 09:15:09.184 +0000 INFO [ExecutionLogsCleaner] [Azkaban] log clean up time: 1023 ms.
