Error: HADOOP_HOME is not set. Hadoop job types will not run properly.
bin/internal/../..
:bin/internal/../../lib/activation-1.1.jar:bin/internal/../../lib/antlr-2.7.2.jar:bin/internal/../../lib/aopalliance-1.0.jar:bin/internal/../../lib/az-core-0.1.0-SNAPSHOT.jar:bin/internal/../../lib/az-flow-trigger-dependency-plugin-0.1.0-SNAPSHOT.jar:bin/internal/../../lib/azkaban-common-0.1.0-SNAPSHOT.jar:bin/internal/../../lib/azkaban-db-0.1.0-SNAPSHOT.jar:bin/internal/../../lib/azkaban-spi-0.1.0-SNAPSHOT.jar:bin/internal/../../lib/azkaban-web-server-0.1.0-SNAPSHOT.jar:bin/internal/../../lib/c3p0-0.9.1.1.jar:bin/internal/../../lib/cached-http-filesystem-0.1.0-SNAPSHOT.jar:bin/internal/../../lib/cglib-nodep-2.2.jar:bin/internal/../../lib/commons-beanutils-1.7.0.jar:bin/internal/../../lib/commons-chain-1.1.jar:bin/internal/../../lib/commons-codec-1.13.jar:bin/internal/../../lib/commons-collections-3.2.2.jar:bin/internal/../../lib/commons-compress-1.2.jar:bin/internal/../../lib/commons-dbcp2-2.7.0.jar:bin/internal/../../lib/commons-dbutils-1.5.jar:bin/internal/../../lib/commons-digester-1.8.jar:bin/internal/../../lib/commons-fileupload-1.2.1.jar:bin/internal/../../lib/commons-io-2.4.jar:bin/internal/../../lib/commons-jexl-2.1.1.jar:bin/internal/../../lib/commons-lang-2.6.jar:bin/internal/../../lib/commons-logging-1.2.jar:bin/internal/../../lib/commons-math3-3.0.jar:bin/internal/../../lib/commons-pool2-2.7.0.jar:bin/internal/../../lib/commons-validator-1.3.1.jar:bin/internal/../../lib/data-1.15.7.jar:bin/internal/../../lib/data-transform-1.15.7.jar:bin/internal/../../lib/dom4j-1.1.jar:bin/internal/../../lib/gson-2.8.1.jar:bin/internal/../../lib/guava-21.0.jar:bin/internal/../../lib/guice-4.1.0.jar:bin/internal/../../lib/httpclient-4.5.3.jar:bin/internal/../../lib/httpcore-4.4.6.jar:bin/internal/../../lib/jackson-core-2.2.2.jar:bin/internal/../../lib/jackson-core-asl-1.9.5.jar:bin/internal/../../lib/jackson-mapper-asl-1.9.5.jar:bin/internal/../../lib/javax.inject-1.jar:bin/internal/../../lib/javax.servlet-api-3.0.1.jar:bin/internal/../../lib/jetty-6.1.26.jar:bin/internal/../../lib/jetty-util-6.1.26.jar:bin/internal/../../lib/joda-time-2.0.jar:bin/internal/../../lib/jopt-simple-4.3.jar:bin/internal/../../lib/json-20070829.jar:bin/internal/../../lib/li-jersey-uri-1.15.7.jar:bin/internal/../../lib/log4j-1.2.17.jar:bin/internal/../../lib/mail-1.4.5.jar:bin/internal/../../lib/metrics-core-3.1.0.jar:bin/internal/../../lib/metrics-jvm-3.1.0.jar:bin/internal/../../lib/mina-core-1.1.7.jar:bin/internal/../../lib/mysql-connector-java-5.1.28.jar:bin/internal/../../lib/netty-3.2.3.Final.jar:bin/internal/../../lib/oro-2.0.8.jar:bin/internal/../../lib/parseq-1.3.6.jar:bin/internal/../../lib/pegasus-common-1.15.7.jar:bin/internal/../../lib/quartz-2.2.1.jar:bin/internal/../../lib/r2-1.15.7.jar:bin/internal/../../lib/restli-common-1.15.7.jar:bin/internal/../../lib/restli-server-1.15.7.jar:bin/internal/../../lib/servlet-api-2.5-20081211.jar:bin/internal/../../lib/slf4j-api-1.7.18.jar:bin/internal/../../lib/slf4j-log4j12-1.7.18.jar:bin/internal/../../lib/snakeyaml-1.18.jar:bin/internal/../../lib/snappy-0.3.jar:bin/internal/../../lib/sslext-1.2-0.jar:bin/internal/../../lib/struts-core-1.3.8.jar:bin/internal/../../lib/struts-taglib-1.3.8.jar:bin/internal/../../lib/struts-tiles-1.3.8.jar:bin/internal/../../lib/velocity-1.7.jar:bin/internal/../../lib/velocity-tools-2.0.jar:bin/internal/../../extlib/*.jar:bin/internal/../../plugins/*/*.jar
2020/09/09 04:12:12.294 +0000 INFO [AzkabanWebServer] [Azkaban] Starting Jetty Azkaban Web Server...
2020/09/09 04:12:12.371 +0000 INFO [AzkabanServer] [Azkaban] Loading azkaban settings file from bin/internal/../../conf
2020/09/09 04:12:12.371 +0000 INFO [AzkabanServer] [Azkaban] Loading azkaban properties file
2020/09/09 04:12:14.564 +0000 INFO [log] [Azkaban] Logging to org.slf4j.impl.Log4jLoggerAdapter(org.mortbay.log) via org.mortbay.log.Slf4jLog
2020/09/09 04:12:14.564 +0000 INFO [WebServerProvider] [Azkaban] Setting up connector with stats on: true
2020/09/09 04:12:14.573 +0000 INFO [WebServerProvider] [Azkaban] Starting server on port: 8081 # Max threads: 25
2020/09/09 04:12:14.732 +0000 WARN [StorageCleaner] [Azkaban] Project cleanup disabled. All artifacts will be stored.
2020/09/09 04:12:14.733 +0000 INFO [ValidatorUtils] [Azkaban] Creating XmlValidatorManager instance (loading validators)...
2020/09/09 04:12:14.742 +0000 WARN [XmlValidatorManager] [Azkaban] Validator directory validators does not exist or is not a directory.
2020/09/09 04:12:14.743 +0000 WARN [XmlValidatorManager] [Azkaban] Azkaban properties file does not contain the key project.validators.xml.file
2020/09/09 04:12:14.743 +0000 INFO [ValidatorUtils] [Azkaban] XmlValidatorManager instance created.
2020/09/09 04:12:14.744 +0000 INFO [AzkabanProjectLoader] [Azkaban] Using temp dir: /app/temp
2020/09/09 04:12:14.744 +0000 INFO [AzkabanProjectLoader] [Azkaban] Project version retention is set to 3
2020/09/09 04:12:14.745 +0000 INFO [ProjectManager] [Azkaban] Loading active projects.
2020/09/09 04:12:15.756 +0000 INFO [ProjectManager] [Azkaban] Loading flows from active projects.
2020/09/09 04:12:15.807 +0000 INFO [ProjectManager] [Azkaban] Loading whitelisted projects.
2020/09/09 04:12:15.808 +0000 INFO [ProjectManager] [Azkaban] ProjectManager instance created.
2020/09/09 04:12:15.972 +0000 INFO [TriggerManager] [Azkaban] TriggerManager loaded.
2020/09/09 04:12:15.972 +0000 WARN [SessionCache] [Azkaban] azkaban.session.max_number_per_ip_per_user is not configured. The number of sessions per IP per user is not being capped.
2020/09/09 04:12:15.975 +0000 INFO [AzkabanWebServerModule] [Azkaban] Loading user manager class azkaban.user.XmlUserManager
2020/09/09 04:12:16.375 +0000 INFO [XmlUserManager] [Azkaban] Loading user azkaban
2020/09/09 04:12:16.376 +0000 INFO [XmlUserManager] [Azkaban] Loading user metrics
2020/09/09 04:12:16.396 +0000 INFO [UserUtils] [Azkaban] Starting configuration watching thread.
2020/09/09 04:12:16.480 +0000 INFO [AzkabanWebServer] [Azkaban] Loading built-in checker and action types
2020/09/09 04:12:16.487 +0000 INFO [CheckerTypeLoader] [Azkaban] Registering checker BasicTimeChecker
2020/09/09 04:12:16.488 +0000 INFO [CheckerTypeLoader] [Azkaban] Registering checker SlaChecker
2020/09/09 04:12:16.488 +0000 INFO [CheckerTypeLoader] [Azkaban] Registering checker ExecutionChecker
2020/09/09 04:12:16.488 +0000 INFO [ActionTypeLoader] [Azkaban] Registering action ExecuteFlowAction
2020/09/09 04:12:16.488 +0000 INFO [ActionTypeLoader] [Azkaban] Registering action KillExecutionAction
2020/09/09 04:12:16.489 +0000 INFO [ActionTypeLoader] [Azkaban] Registering action AlertAction
2020/09/09 04:12:16.489 +0000 INFO [ActionTypeLoader] [Azkaban] Registering action CreateTriggerAction
2020/09/09 04:12:16.490 +0000 INFO [PluginCheckerAndActionsLoader] [Azkaban] Loading plug-in checker and action types
2020/09/09 04:12:16.490 +0000 ERROR [PluginCheckerAndActionsLoader] [Azkaban] plugin path plugins/triggers doesn't exist!
2020/09/09 04:12:16.566 +0000 INFO [AzkabanWebServer] [Azkaban] Setting timezone to Asia/Beijing
2020/09/09 04:12:16.566 +0000 INFO [AzkabanWebServer] [Azkaban] Registering MBeans...
2020/09/09 04:12:16.578 +0000 INFO [MBeanRegistrationManager] [Azkaban] Bean azkaban.jmx.JmxJettyServer registered.
2020/09/09 04:12:16.580 +0000 INFO [MBeanRegistrationManager] [Azkaban] Bean azkaban.jmx.JmxTriggerManager registered.
2020/09/09 04:12:16.582 +0000 INFO [MBeanRegistrationManager] [Azkaban] Bean azkaban.jmx.JmxExecutorManager registered.
2020/09/09 04:12:16.614 +0000 INFO [MBeanRegistrationManager] [Azkaban] Bean org.apache.log4j.jmx.HierarchyDynamicMBean registered.
2020/09/09 04:12:16.615 +0000 INFO [AzkabanWebServer] [Azkaban] ************* loginLoggerObjName is null, make sure there is a logger with name azkaban.webapp.servlet.LoginAbstractAzkabanServlet
2020/09/09 04:12:16.615 +0000 ERROR [StdOutErrRedirect] [Azkaban] Exception in thread "main" 
2020/09/09 04:12:16.615 +0000 ERROR [StdOutErrRedirect] [Azkaban] java.lang.IllegalArgumentException: azkaban.use.multiple.executors must be true. Single executor mode is not supported any more.
2020/09/09 04:12:16.615 +0000 ERROR [StdOutErrRedirect] [Azkaban] 	at azkaban.executor.ExecutorManager.checkMultiExecutorMode(ExecutorManager.java:202)
2020/09/09 04:12:16.616 +0000 ERROR [StdOutErrRedirect] [Azkaban] 	at azkaban.executor.ExecutorManager.setupExecutors(ExecutorManager.java:191)
2020/09/09 04:12:16.616 +0000 ERROR [StdOutErrRedirect] [Azkaban] 	at azkaban.executor.ExecutorManager.initialize(ExecutorManager.java:127)
2020/09/09 04:12:16.616 +0000 ERROR [StdOutErrRedirect] [Azkaban] 	at azkaban.executor.ExecutorManager.start(ExecutorManager.java:141)
2020/09/09 04:12:16.616 +0000 ERROR [StdOutErrRedirect] [Azkaban] 	at azkaban.webapp.AzkabanWebServer.launch(AzkabanWebServer.java:234)
2020/09/09 04:12:16.617 +0000 ERROR [StdOutErrRedirect] [Azkaban] 	at azkaban.webapp.AzkabanWebServer.main(AzkabanWebServer.java:227)
