Error: HADOOP_HOME is not set. Hadoop job types will not run properly.
bin/internal/../..
:bin/internal/../../lib/activation-1.1.jar:bin/internal/../../lib/antlr-2.7.2.jar:bin/internal/../../lib/aopalliance-1.0.jar:bin/internal/../../lib/az-core-0.1.0-SNAPSHOT.jar:bin/internal/../../lib/az-flow-trigger-dependency-plugin-0.1.0-SNAPSHOT.jar:bin/internal/../../lib/azkaban-common-0.1.0-SNAPSHOT.jar:bin/internal/../../lib/azkaban-db-0.1.0-SNAPSHOT.jar:bin/internal/../../lib/azkaban-spi-0.1.0-SNAPSHOT.jar:bin/internal/../../lib/azkaban-web-server-0.1.0-SNAPSHOT.jar:bin/internal/../../lib/c3p0-0.9.1.1.jar:bin/internal/../../lib/cached-http-filesystem-0.1.0-SNAPSHOT.jar:bin/internal/../../lib/cglib-nodep-2.2.jar:bin/internal/../../lib/commons-beanutils-1.7.0.jar:bin/internal/../../lib/commons-chain-1.1.jar:bin/internal/../../lib/commons-codec-1.13.jar:bin/internal/../../lib/commons-collections-3.2.2.jar:bin/internal/../../lib/commons-compress-1.2.jar:bin/internal/../../lib/commons-dbcp2-2.7.0.jar:bin/internal/../../lib/commons-dbutils-1.5.jar:bin/internal/../../lib/commons-digester-1.8.jar:bin/internal/../../lib/commons-fileupload-1.2.1.jar:bin/internal/../../lib/commons-io-2.4.jar:bin/internal/../../lib/commons-jexl-2.1.1.jar:bin/internal/../../lib/commons-lang-2.6.jar:bin/internal/../../lib/commons-logging-1.2.jar:bin/internal/../../lib/commons-math3-3.0.jar:bin/internal/../../lib/commons-pool2-2.7.0.jar:bin/internal/../../lib/commons-validator-1.3.1.jar:bin/internal/../../lib/data-1.15.7.jar:bin/internal/../../lib/data-transform-1.15.7.jar:bin/internal/../../lib/dom4j-1.1.jar:bin/internal/../../lib/gson-2.8.1.jar:bin/internal/../../lib/guava-21.0.jar:bin/internal/../../lib/guice-4.1.0.jar:bin/internal/../../lib/httpclient-4.5.3.jar:bin/internal/../../lib/httpcore-4.4.6.jar:bin/internal/../../lib/jackson-core-2.2.2.jar:bin/internal/../../lib/jackson-core-asl-1.9.5.jar:bin/internal/../../lib/jackson-mapper-asl-1.9.5.jar:bin/internal/../../lib/javax.inject-1.jar:bin/internal/../../lib/javax.servlet-api-3.0.1.jar:bin/internal/../../lib/jetty-6.1.26.jar:bin/internal/../../lib/jetty-util-6.1.26.jar:bin/internal/../../lib/joda-time-2.0.jar:bin/internal/../../lib/jopt-simple-4.3.jar:bin/internal/../../lib/json-20070829.jar:bin/internal/../../lib/li-jersey-uri-1.15.7.jar:bin/internal/../../lib/log4j-1.2.17.jar:bin/internal/../../lib/mail-1.4.5.jar:bin/internal/../../lib/metrics-core-3.1.0.jar:bin/internal/../../lib/metrics-jvm-3.1.0.jar:bin/internal/../../lib/mina-core-1.1.7.jar:bin/internal/../../lib/mysql-connector-java-5.1.28.jar:bin/internal/../../lib/netty-3.2.3.Final.jar:bin/internal/../../lib/oro-2.0.8.jar:bin/internal/../../lib/parseq-1.3.6.jar:bin/internal/../../lib/pegasus-common-1.15.7.jar:bin/internal/../../lib/quartz-2.2.1.jar:bin/internal/../../lib/r2-1.15.7.jar:bin/internal/../../lib/restli-common-1.15.7.jar:bin/internal/../../lib/restli-server-1.15.7.jar:bin/internal/../../lib/servlet-api-2.5-20081211.jar:bin/internal/../../lib/slf4j-api-1.7.18.jar:bin/internal/../../lib/slf4j-log4j12-1.7.18.jar:bin/internal/../../lib/snakeyaml-1.18.jar:bin/internal/../../lib/snappy-0.3.jar:bin/internal/../../lib/sslext-1.2-0.jar:bin/internal/../../lib/struts-core-1.3.8.jar:bin/internal/../../lib/struts-taglib-1.3.8.jar:bin/internal/../../lib/struts-tiles-1.3.8.jar:bin/internal/../../lib/velocity-1.7.jar:bin/internal/../../lib/velocity-tools-2.0.jar:bin/internal/../../extlib/*.jar:bin/internal/../../plugins/*/*.jar
2020/08/31 09:55:39.572 +0000 INFO [AzkabanWebServer] [Azkaban] Starting Jetty Azkaban Web Server...
2020/08/31 09:55:39.695 +0000 INFO [AzkabanServer] [Azkaban] Loading azkaban settings file from bin/internal/../../conf
2020/08/31 09:55:39.695 +0000 INFO [AzkabanServer] [Azkaban] Loading azkaban properties file
2020/08/31 09:55:42.323 +0000 INFO [log] [Azkaban] Logging to org.slf4j.impl.Log4jLoggerAdapter(org.mortbay.log) via org.mortbay.log.Slf4jLog
2020/08/31 09:55:42.323 +0000 INFO [WebServerProvider] [Azkaban] Setting up connector with stats on: true
2020/08/31 09:55:42.366 +0000 INFO [WebServerProvider] [Azkaban] Starting server on port: 8081 # Max threads: 25
2020/08/31 09:55:42.690 +0000 INFO [JdbcProjectImpl] [Azkaban] project temporary folder is being constructed.
2020/08/31 09:55:42.702 +0000 WARN [StorageCleaner] [Azkaban] Project cleanup disabled. All artifacts will be stored.
2020/08/31 09:55:42.702 +0000 INFO [ValidatorUtils] [Azkaban] Creating XmlValidatorManager instance (loading validators)...
2020/08/31 09:55:42.704 +0000 WARN [XmlValidatorManager] [Azkaban] Validator directory validators does not exist or is not a directory.
2020/08/31 09:55:42.720 +0000 WARN [XmlValidatorManager] [Azkaban] Azkaban properties file does not contain the key project.validators.xml.file
2020/08/31 09:55:42.725 +0000 INFO [ValidatorUtils] [Azkaban] XmlValidatorManager instance created.
2020/08/31 09:55:42.726 +0000 INFO [AzkabanProjectLoader] [Azkaban] Using temp dir: /app/temp
2020/08/31 09:55:42.726 +0000 INFO [AzkabanProjectLoader] [Azkaban] Project version retention is set to 3
2020/08/31 09:55:42.726 +0000 INFO [ProjectManager] [Azkaban] Loading active projects.
2020/08/31 09:55:43.997 +0000 INFO [ProjectManager] [Azkaban] Loading flows from active projects.
2020/08/31 09:55:44.109 +0000 INFO [ProjectManager] [Azkaban] Loading whitelisted projects.
2020/08/31 09:55:44.109 +0000 INFO [ProjectManager] [Azkaban] ProjectManager instance created.
2020/08/31 09:55:44.226 +0000 INFO [TriggerManager] [Azkaban] TriggerManager loaded.
2020/08/31 09:55:44.235 +0000 WARN [SessionCache] [Azkaban] azkaban.session.max_number_per_ip_per_user is not configured. The number of sessions per IP per user is not being capped.
2020/08/31 09:55:44.238 +0000 INFO [AzkabanWebServerModule] [Azkaban] Loading user manager class azkaban.user.XmlUserManager
2020/08/31 09:55:44.967 +0000 INFO [XmlUserManager] [Azkaban] Loading user azkaban
2020/08/31 09:55:44.968 +0000 INFO [XmlUserManager] [Azkaban] Loading user metrics
2020/08/31 09:55:44.996 +0000 INFO [UserUtils] [Azkaban] Starting configuration watching thread.
2020/08/31 09:55:45.119 +0000 INFO [AzkabanWebServer] [Azkaban] Loading built-in checker and action types
2020/08/31 09:55:45.121 +0000 INFO [CheckerTypeLoader] [Azkaban] Registering checker BasicTimeChecker
2020/08/31 09:55:45.122 +0000 INFO [CheckerTypeLoader] [Azkaban] Registering checker SlaChecker
2020/08/31 09:55:45.122 +0000 INFO [CheckerTypeLoader] [Azkaban] Registering checker ExecutionChecker
2020/08/31 09:55:45.122 +0000 INFO [ActionTypeLoader] [Azkaban] Registering action ExecuteFlowAction
2020/08/31 09:55:45.122 +0000 INFO [ActionTypeLoader] [Azkaban] Registering action KillExecutionAction
2020/08/31 09:55:45.123 +0000 INFO [ActionTypeLoader] [Azkaban] Registering action AlertAction
2020/08/31 09:55:45.123 +0000 INFO [ActionTypeLoader] [Azkaban] Registering action CreateTriggerAction
2020/08/31 09:55:45.123 +0000 INFO [PluginCheckerAndActionsLoader] [Azkaban] Loading plug-in checker and action types
2020/08/31 09:55:45.124 +0000 ERROR [PluginCheckerAndActionsLoader] [Azkaban] plugin path plugins/triggers doesn't exist!
2020/08/31 09:55:45.145 +0000 INFO [AzkabanWebServer] [Azkaban] Setting timezone to Asia/Beijing
2020/08/31 09:55:45.145 +0000 INFO [AzkabanWebServer] [Azkaban] Registering MBeans...
2020/08/31 09:55:45.165 +0000 INFO [MBeanRegistrationManager] [Azkaban] Bean azkaban.jmx.JmxJettyServer registered.
2020/08/31 09:55:45.167 +0000 INFO [MBeanRegistrationManager] [Azkaban] Bean azkaban.jmx.JmxTriggerManager registered.
2020/08/31 09:55:45.168 +0000 INFO [MBeanRegistrationManager] [Azkaban] Bean azkaban.jmx.JmxExecutorManager registered.
2020/08/31 09:55:45.187 +0000 INFO [MBeanRegistrationManager] [Azkaban] Bean org.apache.log4j.jmx.HierarchyDynamicMBean registered.
2020/08/31 09:55:45.188 +0000 INFO [AzkabanWebServer] [Azkaban] ************* loginLoggerObjName is null, make sure there is a logger with name azkaban.webapp.servlet.LoginAbstractAzkabanServlet
2020/08/31 09:55:45.189 +0000 INFO [ExecutorManager] [Azkaban] Initializing executors from database.
2020/08/31 09:55:45.192 +0000 INFO [ExecutorManager] [Azkaban] Loading running flows from database..
2020/08/31 09:55:45.227 +0000 INFO [ExecutorManager] [Azkaban] Loaded 0 running flows
2020/08/31 09:55:45.231 +0000 INFO [ExecutorManager] [Azkaban] QueueProcessorThread active turned true
2020/08/31 09:55:45.236 +0000 INFO [ExecutionLogsCleaner] [Azkaban] Starting execution logs clean up thread
2020/08/31 09:55:45.295 +0000 INFO [ExecutionLogsCleaner] [Azkaban] Cleaning old logs from execution_logs
2020/08/31 09:55:45.327 +0000 INFO [AzkabanWebServer] [Azkaban] Setting up web resource dir web/
2020/08/31 09:55:45.409 +0000 INFO [ExecutionLogsCleaner] [Azkaban] Cleaning old log files before 2020-06-08T09:55:45.305Z
2020/08/31 09:55:45.524 +0000 INFO [JdbcTriggerImpl] [Azkaban] Loading all triggers from db.
2020/08/31 09:55:45.532 +0000 INFO [JdbcTriggerImpl] [Azkaban] Loaded 0 triggers.
2020/08/31 09:55:45.539 +0000 INFO [log] [Azkaban] jetty-6.1.26
2020/08/31 09:55:45.615 +0000 INFO [ProjectManagerServlet] [Azkaban] downloadBufferSize: 8192
2020/08/31 09:55:45.838 +0000 INFO [RestLiAnnotationReader] [Azkaban] Processed actions resource 'azkaban.restli.UserManagerResource'
2020/08/31 09:55:45.839 +0000 INFO [RestLiAnnotationReader] [Azkaban] Processed actions resource 'azkaban.restli.ProjectManagerResource'
2020/08/31 09:55:45.870 +0000 INFO [log] [Azkaban] Started SocketConnector@0.0.0.0:8081
2020/08/31 09:55:45.870 +0000 INFO [AzkabanWebServer] [Azkaban] Server started
2020/08/31 09:55:46.493 +0000 INFO [ExecutionLogsCleaner] [Azkaban] Cleaned up 0 log entries.
2020/08/31 09:55:46.493 +0000 INFO [ExecutionLogsCleaner] [Azkaban] log clean up time: 1083 ms.
2020/08/31 10:55:45.238 +0000 INFO [ExecutionLogsCleaner] [Azkaban] Cleaning old logs from execution_logs
2020/08/31 10:55:45.238 +0000 INFO [ExecutionLogsCleaner] [Azkaban] Cleaning old log files before 2020-06-08T10:55:45.238Z
2020/08/31 10:55:46.241 +0000 INFO [ExecutionLogsCleaner] [Azkaban] Cleaned up 0 log entries.
2020/08/31 10:55:46.241 +0000 INFO [ExecutionLogsCleaner] [Azkaban] log clean up time: 1003 ms.
2020/08/31 11:55:45.238 +0000 INFO [ExecutionLogsCleaner] [Azkaban] Cleaning old logs from execution_logs
2020/08/31 11:55:45.238 +0000 INFO [ExecutionLogsCleaner] [Azkaban] Cleaning old log files before 2020-06-08T11:55:45.238Z
2020/08/31 11:55:46.240 +0000 INFO [ExecutionLogsCleaner] [Azkaban] Cleaned up 0 log entries.
2020/08/31 11:55:46.241 +0000 INFO [ExecutionLogsCleaner] [Azkaban] log clean up time: 1003 ms.
2020/08/31 12:19:53.237 +0000 INFO [LoginAbstractAzkabanServlet] [Azkaban] 83.97.20.25  -  "GET / - HTTP/1.0" not-browser
2020/08/31 12:55:45.238 +0000 INFO [ExecutionLogsCleaner] [Azkaban] Cleaning old logs from execution_logs
2020/08/31 12:55:45.238 +0000 INFO [ExecutionLogsCleaner] [Azkaban] Cleaning old log files before 2020-06-08T12:55:45.238Z
2020/08/31 12:55:46.241 +0000 INFO [ExecutionLogsCleaner] [Azkaban] Cleaned up 0 log entries.
2020/08/31 12:55:46.241 +0000 INFO [ExecutionLogsCleaner] [Azkaban] log clean up time: 1003 ms.
2020/08/31 13:55:45.238 +0000 INFO [ExecutionLogsCleaner] [Azkaban] Cleaning old logs from execution_logs
2020/08/31 13:55:45.238 +0000 INFO [ExecutionLogsCleaner] [Azkaban] Cleaning old log files before 2020-06-08T13:55:45.238Z
2020/08/31 13:55:46.240 +0000 INFO [ExecutionLogsCleaner] [Azkaban] Cleaned up 0 log entries.
2020/08/31 13:55:46.240 +0000 INFO [ExecutionLogsCleaner] [Azkaban] log clean up time: 1002 ms.
2020/08/31 14:55:45.240 +0000 INFO [ExecutionLogsCleaner] [Azkaban] Cleaning old logs from execution_logs
2020/08/31 14:55:45.240 +0000 INFO [ExecutionLogsCleaner] [Azkaban] Cleaning old log files before 2020-06-08T14:55:45.240Z
2020/08/31 14:55:46.247 +0000 INFO [ExecutionLogsCleaner] [Azkaban] Cleaned up 0 log entries.
2020/08/31 14:55:46.247 +0000 INFO [ExecutionLogsCleaner] [Azkaban] log clean up time: 1006 ms.
2020/08/31 15:55:45.238 +0000 INFO [ExecutionLogsCleaner] [Azkaban] Cleaning old logs from execution_logs
2020/08/31 15:55:45.238 +0000 INFO [ExecutionLogsCleaner] [Azkaban] Cleaning old log files before 2020-06-08T15:55:45.238Z
2020/08/31 15:55:46.242 +0000 INFO [ExecutionLogsCleaner] [Azkaban] Cleaned up 0 log entries.
2020/08/31 15:55:46.242 +0000 INFO [ExecutionLogsCleaner] [Azkaban] log clean up time: 1003 ms.
2020/08/31 16:55:45.240 +0000 INFO [ExecutionLogsCleaner] [Azkaban] Cleaning old logs from execution_logs
2020/08/31 16:55:45.240 +0000 INFO [ExecutionLogsCleaner] [Azkaban] Cleaning old log files before 2020-06-08T16:55:45.240Z
2020/08/31 16:55:46.243 +0000 INFO [ExecutionLogsCleaner] [Azkaban] Cleaned up 0 log entries.
2020/08/31 16:55:46.243 +0000 INFO [ExecutionLogsCleaner] [Azkaban] log clean up time: 1003 ms.
2020/08/31 17:55:45.239 +0000 INFO [ExecutionLogsCleaner] [Azkaban] Cleaning old logs from execution_logs
2020/08/31 17:55:45.242 +0000 INFO [ExecutionLogsCleaner] [Azkaban] Cleaning old log files before 2020-06-08T17:55:45.242Z
2020/08/31 17:55:46.253 +0000 INFO [ExecutionLogsCleaner] [Azkaban] Cleaned up 0 log entries.
2020/08/31 17:55:46.254 +0000 INFO [ExecutionLogsCleaner] [Azkaban] log clean up time: 1012 ms.
2020/08/31 18:55:45.239 +0000 INFO [ExecutionLogsCleaner] [Azkaban] Cleaning old logs from execution_logs
2020/08/31 18:55:45.249 +0000 INFO [ExecutionLogsCleaner] [Azkaban] Cleaning old log files before 2020-06-08T18:55:45.248Z
2020/08/31 18:55:46.272 +0000 INFO [ExecutionLogsCleaner] [Azkaban] Cleaned up 0 log entries.
2020/08/31 18:55:46.272 +0000 INFO [ExecutionLogsCleaner] [Azkaban] log clean up time: 1023 ms.
2020/08/31 19:55:45.249 +0000 INFO [ExecutionLogsCleaner] [Azkaban] Cleaning old logs from execution_logs
2020/08/31 19:55:45.259 +0000 INFO [ExecutionLogsCleaner] [Azkaban] Cleaning old log files before 2020-06-08T19:55:45.259Z
2020/08/31 19:55:46.278 +0000 INFO [ExecutionLogsCleaner] [Azkaban] Cleaned up 0 log entries.
2020/08/31 19:55:46.278 +0000 INFO [ExecutionLogsCleaner] [Azkaban] log clean up time: 1019 ms.
2020/08/31 20:00:49.722 +0000 INFO [LoginAbstractAzkabanServlet] [Azkaban] 83.97.20.25  -  "GET / - HTTP/1.0" not-browser
2020/08/31 20:55:45.250 +0000 INFO [ExecutionLogsCleaner] [Azkaban] Cleaning old logs from execution_logs
2020/08/31 20:55:45.264 +0000 INFO [ExecutionLogsCleaner] [Azkaban] Cleaning old log files before 2020-06-08T20:55:45.264Z
2020/08/31 20:55:46.290 +0000 INFO [ExecutionLogsCleaner] [Azkaban] Cleaned up 0 log entries.
2020/08/31 20:55:46.290 +0000 INFO [ExecutionLogsCleaner] [Azkaban] log clean up time: 1024 ms.
2020/08/31 21:55:45.241 +0000 INFO [ExecutionLogsCleaner] [Azkaban] Cleaning old logs from execution_logs
2020/08/31 21:55:45.258 +0000 INFO [ExecutionLogsCleaner] [Azkaban] Cleaning old log files before 2020-06-08T21:55:45.258Z
2020/08/31 21:55:46.287 +0000 INFO [ExecutionLogsCleaner] [Azkaban] Cleaned up 0 log entries.
2020/08/31 21:55:46.288 +0000 INFO [ExecutionLogsCleaner] [Azkaban] log clean up time: 1030 ms.
2020/08/31 22:10:23.800 +0000 INFO [LoginAbstractAzkabanServlet] [Azkaban] 83.97.20.25  -  "GET / - HTTP/1.0" not-browser
2020/08/31 22:55:45.249 +0000 INFO [ExecutionLogsCleaner] [Azkaban] Cleaning old logs from execution_logs
2020/08/31 22:55:45.265 +0000 INFO [ExecutionLogsCleaner] [Azkaban] Cleaning old log files before 2020-06-08T22:55:45.265Z
2020/08/31 22:55:46.277 +0000 INFO [ExecutionLogsCleaner] [Azkaban] Cleaned up 0 log entries.
2020/08/31 22:55:46.277 +0000 INFO [ExecutionLogsCleaner] [Azkaban] log clean up time: 1011 ms.
2020/08/31 23:55:45.251 +0000 INFO [ExecutionLogsCleaner] [Azkaban] Cleaning old logs from execution_logs
2020/08/31 23:55:45.262 +0000 INFO [ExecutionLogsCleaner] [Azkaban] Cleaning old log files before 2020-06-08T23:55:45.262Z
2020/08/31 23:55:46.291 +0000 INFO [ExecutionLogsCleaner] [Azkaban] Cleaned up 0 log entries.
2020/08/31 23:55:46.291 +0000 INFO [ExecutionLogsCleaner] [Azkaban] log clean up time: 1028 ms.
2020/09/01 00:55:45.251 +0000 INFO [ExecutionLogsCleaner] [Azkaban] Cleaning old logs from execution_logs
2020/09/01 00:55:45.263 +0000 INFO [ExecutionLogsCleaner] [Azkaban] Cleaning old log files before 2020-06-09T00:55:45.263Z
2020/09/01 00:55:46.287 +0000 INFO [ExecutionLogsCleaner] [Azkaban] Cleaned up 0 log entries.
2020/09/01 00:55:46.287 +0000 INFO [ExecutionLogsCleaner] [Azkaban] log clean up time: 1023 ms.
2020/09/01 01:55:45.238 +0000 INFO [ExecutionLogsCleaner] [Azkaban] Cleaning old logs from execution_logs
2020/09/01 01:55:45.257 +0000 INFO [ExecutionLogsCleaner] [Azkaban] Cleaning old log files before 2020-06-09T01:55:45.257Z
2020/09/01 01:55:46.265 +0000 INFO [ExecutionLogsCleaner] [Azkaban] Cleaned up 0 log entries.
2020/09/01 01:55:46.265 +0000 INFO [ExecutionLogsCleaner] [Azkaban] log clean up time: 1008 ms.
2020/09/01 02:55:45.255 +0000 INFO [ExecutionLogsCleaner] [Azkaban] Cleaning old logs from execution_logs
2020/09/01 02:55:45.286 +0000 INFO [ExecutionLogsCleaner] [Azkaban] Cleaning old log files before 2020-06-09T02:55:45.282Z
2020/09/01 02:55:46.324 +0000 INFO [ExecutionLogsCleaner] [Azkaban] Cleaned up 0 log entries.
2020/09/01 02:55:46.324 +0000 INFO [ExecutionLogsCleaner] [Azkaban] log clean up time: 1036 ms.
2020/09/01 03:55:45.250 +0000 INFO [ExecutionLogsCleaner] [Azkaban] Cleaning old logs from execution_logs
2020/09/01 03:55:45.263 +0000 INFO [ExecutionLogsCleaner] [Azkaban] Cleaning old log files before 2020-06-09T03:55:45.263Z
2020/09/01 03:55:46.407 +0000 INFO [ExecutionLogsCleaner] [Azkaban] Cleaned up 0 log entries.
2020/09/01 03:55:46.407 +0000 INFO [ExecutionLogsCleaner] [Azkaban] log clean up time: 1144 ms.
2020/09/01 04:55:45.254 +0000 INFO [ExecutionLogsCleaner] [Azkaban] Cleaning old logs from execution_logs
2020/09/01 04:55:45.269 +0000 INFO [ExecutionLogsCleaner] [Azkaban] Cleaning old log files before 2020-06-09T04:55:45.269Z
2020/09/01 04:55:46.299 +0000 INFO [ExecutionLogsCleaner] [Azkaban] Cleaned up 0 log entries.
2020/09/01 04:55:46.305 +0000 INFO [ExecutionLogsCleaner] [Azkaban] log clean up time: 1034 ms.
2020/09/01 05:50:45.801 +0000 INFO [LoginAbstractAzkabanServlet] [Azkaban] 83.97.20.25  -  "GET / - HTTP/1.0" not-browser
2020/09/01 05:55:45.241 +0000 INFO [ExecutionLogsCleaner] [Azkaban] Cleaning old logs from execution_logs
2020/09/01 05:55:45.243 +0000 INFO [ExecutionLogsCleaner] [Azkaban] Cleaning old log files before 2020-06-09T05:55:45.243Z
2020/09/01 05:55:46.274 +0000 INFO [ExecutionLogsCleaner] [Azkaban] Cleaned up 0 log entries.
2020/09/01 05:55:46.274 +0000 INFO [ExecutionLogsCleaner] [Azkaban] log clean up time: 1031 ms.
2020/09/01 06:55:45.251 +0000 INFO [ExecutionLogsCleaner] [Azkaban] Cleaning old logs from execution_logs
2020/09/01 06:55:45.261 +0000 INFO [ExecutionLogsCleaner] [Azkaban] Cleaning old log files before 2020-06-09T06:55:45.261Z
2020/09/01 06:55:46.281 +0000 INFO [ExecutionLogsCleaner] [Azkaban] Cleaned up 0 log entries.
2020/09/01 06:55:46.281 +0000 INFO [ExecutionLogsCleaner] [Azkaban] log clean up time: 1020 ms.
2020/09/01 07:55:45.248 +0000 INFO [ExecutionLogsCleaner] [Azkaban] Cleaning old logs from execution_logs
2020/09/01 07:55:45.259 +0000 INFO [ExecutionLogsCleaner] [Azkaban] Cleaning old log files before 2020-06-09T07:55:45.259Z
2020/09/01 07:55:46.266 +0000 INFO [ExecutionLogsCleaner] [Azkaban] Cleaned up 0 log entries.
2020/09/01 07:55:46.266 +0000 INFO [ExecutionLogsCleaner] [Azkaban] log clean up time: 1006 ms.
2020/09/01 08:07:19.182 +0000 INFO [LoginAbstractAzkabanServlet] [Azkaban] 83.97.20.25  -  "GET / - HTTP/1.0" not-browser
2020/09/01 08:11:09.486 +0000 INFO [LoginAbstractAzkabanServlet] [Azkaban] 83.97.20.25  -  "GET / - HTTP/1.0" not-browser
2020/09/01 08:55:45.253 +0000 INFO [ExecutionLogsCleaner] [Azkaban] Cleaning old logs from execution_logs
2020/09/01 08:55:45.263 +0000 INFO [ExecutionLogsCleaner] [Azkaban] Cleaning old log files before 2020-06-09T08:55:45.263Z
2020/09/01 08:55:46.288 +0000 INFO [ExecutionLogsCleaner] [Azkaban] Cleaned up 0 log entries.
2020/09/01 08:55:46.288 +0000 INFO [ExecutionLogsCleaner] [Azkaban] log clean up time: 1025 ms.
2020/09/01 09:55:45.248 +0000 INFO [ExecutionLogsCleaner] [Azkaban] Cleaning old logs from execution_logs
2020/09/01 09:55:45.260 +0000 INFO [ExecutionLogsCleaner] [Azkaban] Cleaning old log files before 2020-06-09T09:55:45.260Z
2020/09/01 09:55:46.283 +0000 INFO [ExecutionLogsCleaner] [Azkaban] Cleaned up 0 log entries.
2020/09/01 09:55:46.284 +0000 INFO [ExecutionLogsCleaner] [Azkaban] log clean up time: 1024 ms.
2020/09/01 10:55:45.239 +0000 INFO [ExecutionLogsCleaner] [Azkaban] Cleaning old logs from execution_logs
2020/09/01 10:55:45.255 +0000 INFO [ExecutionLogsCleaner] [Azkaban] Cleaning old log files before 2020-06-09T10:55:45.255Z
2020/09/01 10:55:46.259 +0000 INFO [ExecutionLogsCleaner] [Azkaban] Cleaned up 0 log entries.
2020/09/01 10:55:46.259 +0000 INFO [ExecutionLogsCleaner] [Azkaban] log clean up time: 1004 ms.
2020/09/01 11:55:45.244 +0000 INFO [ExecutionLogsCleaner] [Azkaban] Cleaning old logs from execution_logs
2020/09/01 11:55:45.254 +0000 INFO [ExecutionLogsCleaner] [Azkaban] Cleaning old log files before 2020-06-09T11:55:45.254Z
2020/09/01 11:55:46.257 +0000 INFO [ExecutionLogsCleaner] [Azkaban] Cleaned up 0 log entries.
2020/09/01 11:55:46.257 +0000 INFO [ExecutionLogsCleaner] [Azkaban] log clean up time: 1003 ms.
2020/09/01 12:55:45.238 +0000 INFO [ExecutionLogsCleaner] [Azkaban] Cleaning old logs from execution_logs
2020/09/01 12:55:45.238 +0000 INFO [ExecutionLogsCleaner] [Azkaban] Cleaning old log files before 2020-06-09T12:55:45.238Z
2020/09/01 12:55:46.247 +0000 INFO [ExecutionLogsCleaner] [Azkaban] Cleaned up 0 log entries.
2020/09/01 12:55:46.247 +0000 INFO [ExecutionLogsCleaner] [Azkaban] log clean up time: 1009 ms.
2020/09/01 13:55:45.238 +0000 INFO [ExecutionLogsCleaner] [Azkaban] Cleaning old logs from execution_logs
2020/09/01 13:55:45.238 +0000 INFO [ExecutionLogsCleaner] [Azkaban] Cleaning old log files before 2020-06-09T13:55:45.238Z
2020/09/01 13:55:46.252 +0000 INFO [ExecutionLogsCleaner] [Azkaban] Cleaned up 0 log entries.
2020/09/01 13:55:46.252 +0000 INFO [ExecutionLogsCleaner] [Azkaban] log clean up time: 1014 ms.
2020/09/01 14:55:45.239 +0000 INFO [ExecutionLogsCleaner] [Azkaban] Cleaning old logs from execution_logs
2020/09/01 14:55:45.239 +0000 INFO [ExecutionLogsCleaner] [Azkaban] Cleaning old log files before 2020-06-09T14:55:45.239Z
2020/09/01 14:55:46.241 +0000 INFO [ExecutionLogsCleaner] [Azkaban] Cleaned up 0 log entries.
2020/09/01 14:55:46.242 +0000 INFO [ExecutionLogsCleaner] [Azkaban] log clean up time: 1003 ms.
2020/09/01 15:55:45.238 +0000 INFO [ExecutionLogsCleaner] [Azkaban] Cleaning old logs from execution_logs
2020/09/01 15:55:45.238 +0000 INFO [ExecutionLogsCleaner] [Azkaban] Cleaning old log files before 2020-06-09T15:55:45.238Z
2020/09/01 15:55:46.255 +0000 INFO [ExecutionLogsCleaner] [Azkaban] Cleaned up 0 log entries.
2020/09/01 15:55:46.255 +0000 INFO [ExecutionLogsCleaner] [Azkaban] log clean up time: 1017 ms.
2020/09/01 16:26:20.562 +0000 INFO [LoginAbstractAzkabanServlet] [Azkaban] 83.97.20.25  -  "GET / - HTTP/1.0" not-browser
2020/09/01 16:45:45.398 +0000 INFO [LoginAbstractAzkabanServlet] [Azkaban] 83.97.20.25  -  "GET / - HTTP/1.0" not-browser
2020/09/01 16:55:45.238 +0000 INFO [ExecutionLogsCleaner] [Azkaban] Cleaning old logs from execution_logs
2020/09/01 16:55:45.238 +0000 INFO [ExecutionLogsCleaner] [Azkaban] Cleaning old log files before 2020-06-09T16:55:45.238Z
2020/09/01 16:55:46.240 +0000 INFO [ExecutionLogsCleaner] [Azkaban] Cleaned up 0 log entries.
2020/09/01 16:55:46.241 +0000 INFO [ExecutionLogsCleaner] [Azkaban] log clean up time: 1003 ms.
2020/09/01 17:55:45.239 +0000 INFO [ExecutionLogsCleaner] [Azkaban] Cleaning old logs from execution_logs
2020/09/01 17:55:45.248 +0000 INFO [ExecutionLogsCleaner] [Azkaban] Cleaning old log files before 2020-06-09T17:55:45.248Z
2020/09/01 17:55:46.251 +0000 INFO [ExecutionLogsCleaner] [Azkaban] Cleaned up 0 log entries.
2020/09/01 17:55:46.251 +0000 INFO [ExecutionLogsCleaner] [Azkaban] log clean up time: 1003 ms.
2020/09/01 18:55:45.238 +0000 INFO [ExecutionLogsCleaner] [Azkaban] Cleaning old logs from execution_logs
2020/09/01 18:55:45.239 +0000 INFO [ExecutionLogsCleaner] [Azkaban] Cleaning old log files before 2020-06-09T18:55:45.238Z
2020/09/01 18:55:46.246 +0000 INFO [ExecutionLogsCleaner] [Azkaban] Cleaned up 0 log entries.
2020/09/01 18:55:46.246 +0000 INFO [ExecutionLogsCleaner] [Azkaban] log clean up time: 1007 ms.
2020/09/01 19:55:45.249 +0000 INFO [ExecutionLogsCleaner] [Azkaban] Cleaning old logs from execution_logs
2020/09/01 19:55:45.259 +0000 INFO [ExecutionLogsCleaner] [Azkaban] Cleaning old log files before 2020-06-09T19:55:45.259Z
2020/09/01 19:55:46.286 +0000 INFO [ExecutionLogsCleaner] [Azkaban] Cleaned up 0 log entries.
2020/09/01 19:55:46.286 +0000 INFO [ExecutionLogsCleaner] [Azkaban] log clean up time: 1027 ms.
2020/09/01 20:55:45.238 +0000 INFO [ExecutionLogsCleaner] [Azkaban] Cleaning old logs from execution_logs
2020/09/01 20:55:45.238 +0000 INFO [ExecutionLogsCleaner] [Azkaban] Cleaning old log files before 2020-06-09T20:55:45.238Z
2020/09/01 20:55:46.240 +0000 INFO [ExecutionLogsCleaner] [Azkaban] Cleaned up 0 log entries.
2020/09/01 20:55:46.240 +0000 INFO [ExecutionLogsCleaner] [Azkaban] log clean up time: 1002 ms.
2020/09/01 21:55:45.238 +0000 INFO [ExecutionLogsCleaner] [Azkaban] Cleaning old logs from execution_logs
2020/09/01 21:55:45.247 +0000 INFO [ExecutionLogsCleaner] [Azkaban] Cleaning old log files before 2020-06-09T21:55:45.246Z
2020/09/01 21:55:46.258 +0000 INFO [ExecutionLogsCleaner] [Azkaban] Cleaned up 0 log entries.
2020/09/01 21:55:46.258 +0000 INFO [ExecutionLogsCleaner] [Azkaban] log clean up time: 1011 ms.
2020/09/01 22:55:45.239 +0000 INFO [ExecutionLogsCleaner] [Azkaban] Cleaning old logs from execution_logs
2020/09/01 22:55:45.239 +0000 INFO [ExecutionLogsCleaner] [Azkaban] Cleaning old log files before 2020-06-09T22:55:45.239Z
2020/09/01 22:55:46.246 +0000 INFO [ExecutionLogsCleaner] [Azkaban] Cleaned up 0 log entries.
2020/09/01 22:55:46.246 +0000 INFO [ExecutionLogsCleaner] [Azkaban] log clean up time: 1007 ms.
2020/09/01 23:55:45.239 +0000 INFO [ExecutionLogsCleaner] [Azkaban] Cleaning old logs from execution_logs
2020/09/01 23:55:45.253 +0000 INFO [ExecutionLogsCleaner] [Azkaban] Cleaning old log files before 2020-06-09T23:55:45.247Z
2020/09/01 23:55:46.255 +0000 INFO [ExecutionLogsCleaner] [Azkaban] Cleaned up 0 log entries.
2020/09/01 23:55:46.256 +0000 INFO [ExecutionLogsCleaner] [Azkaban] log clean up time: 1003 ms.
2020/09/02 00:55:45.250 +0000 INFO [ExecutionLogsCleaner] [Azkaban] Cleaning old logs from execution_logs
2020/09/02 00:55:45.264 +0000 INFO [ExecutionLogsCleaner] [Azkaban] Cleaning old log files before 2020-06-10T00:55:45.264Z
2020/09/02 00:55:46.280 +0000 INFO [ExecutionLogsCleaner] [Azkaban] Cleaned up 0 log entries.
2020/09/02 00:55:46.280 +0000 INFO [ExecutionLogsCleaner] [Azkaban] log clean up time: 1016 ms.
2020/09/02 01:55:45.250 +0000 INFO [ExecutionLogsCleaner] [Azkaban] Cleaning old logs from execution_logs
2020/09/02 01:55:45.260 +0000 INFO [ExecutionLogsCleaner] [Azkaban] Cleaning old log files before 2020-06-10T01:55:45.260Z
2020/09/02 01:55:46.313 +0000 INFO [ExecutionLogsCleaner] [Azkaban] Cleaned up 0 log entries.
2020/09/02 01:55:46.313 +0000 INFO [ExecutionLogsCleaner] [Azkaban] log clean up time: 1052 ms.
2020/09/02 02:51:46.033 +0000 INFO [LoginAbstractAzkabanServlet] [Azkaban] 83.97.20.25  -  "GET / - HTTP/1.0" not-browser
2020/09/02 02:52:56.572 +0000 INFO [LoginAbstractAzkabanServlet] [Azkaban] 83.97.20.25  -  "GET / - HTTP/1.0" not-browser
2020/09/02 02:55:45.246 +0000 INFO [ExecutionLogsCleaner] [Azkaban] Cleaning old logs from execution_logs
2020/09/02 02:55:45.250 +0000 INFO [ExecutionLogsCleaner] [Azkaban] Cleaning old log files before 2020-06-10T02:55:45.250Z
2020/09/02 02:55:46.273 +0000 INFO [ExecutionLogsCleaner] [Azkaban] Cleaned up 0 log entries.
2020/09/02 02:55:46.273 +0000 INFO [ExecutionLogsCleaner] [Azkaban] log clean up time: 1023 ms.
2020/09/02 03:55:45.244 +0000 INFO [ExecutionLogsCleaner] [Azkaban] Cleaning old logs from execution_logs
2020/09/02 03:55:45.258 +0000 INFO [ExecutionLogsCleaner] [Azkaban] Cleaning old log files before 2020-06-10T03:55:45.258Z
2020/09/02 03:55:46.275 +0000 INFO [ExecutionLogsCleaner] [Azkaban] Cleaned up 0 log entries.
2020/09/02 03:55:46.275 +0000 INFO [ExecutionLogsCleaner] [Azkaban] log clean up time: 1017 ms.
2020/09/02 04:55:45.251 +0000 INFO [ExecutionLogsCleaner] [Azkaban] Cleaning old logs from execution_logs
2020/09/02 04:55:45.276 +0000 INFO [ExecutionLogsCleaner] [Azkaban] Cleaning old log files before 2020-06-10T04:55:45.270Z
2020/09/02 04:55:46.300 +0000 INFO [ExecutionLogsCleaner] [Azkaban] Cleaned up 0 log entries.
2020/09/02 04:55:46.300 +0000 INFO [ExecutionLogsCleaner] [Azkaban] log clean up time: 1024 ms.
2020/09/02 05:55:45.257 +0000 INFO [ExecutionLogsCleaner] [Azkaban] Cleaning old logs from execution_logs
2020/09/02 05:55:45.273 +0000 INFO [ExecutionLogsCleaner] [Azkaban] Cleaning old log files before 2020-06-10T05:55:45.273Z
2020/09/02 05:55:46.308 +0000 INFO [ExecutionLogsCleaner] [Azkaban] Cleaned up 0 log entries.
2020/09/02 05:55:46.308 +0000 INFO [ExecutionLogsCleaner] [Azkaban] log clean up time: 1035 ms.
2020/09/02 06:55:45.251 +0000 INFO [ExecutionLogsCleaner] [Azkaban] Cleaning old logs from execution_logs
2020/09/02 06:55:45.262 +0000 INFO [ExecutionLogsCleaner] [Azkaban] Cleaning old log files before 2020-06-10T06:55:45.262Z
2020/09/02 06:55:46.295 +0000 INFO [ExecutionLogsCleaner] [Azkaban] Cleaned up 0 log entries.
2020/09/02 06:55:46.295 +0000 INFO [ExecutionLogsCleaner] [Azkaban] log clean up time: 1033 ms.
2020/09/02 07:55:45.254 +0000 INFO [ExecutionLogsCleaner] [Azkaban] Cleaning old logs from execution_logs
2020/09/02 07:55:45.269 +0000 INFO [ExecutionLogsCleaner] [Azkaban] Cleaning old log files before 2020-06-10T07:55:45.269Z
2020/09/02 07:55:46.301 +0000 INFO [ExecutionLogsCleaner] [Azkaban] Cleaned up 0 log entries.
2020/09/02 07:55:46.301 +0000 INFO [ExecutionLogsCleaner] [Azkaban] log clean up time: 1032 ms.
2020/09/02 08:55:45.251 +0000 INFO [ExecutionLogsCleaner] [Azkaban] Cleaning old logs from execution_logs
2020/09/02 08:55:45.262 +0000 INFO [ExecutionLogsCleaner] [Azkaban] Cleaning old log files before 2020-06-10T08:55:45.262Z
2020/09/02 08:55:46.289 +0000 INFO [ExecutionLogsCleaner] [Azkaban] Cleaned up 0 log entries.
2020/09/02 08:55:46.289 +0000 INFO [ExecutionLogsCleaner] [Azkaban] log clean up time: 1027 ms.
2020/09/02 09:55:45.260 +0000 INFO [ExecutionLogsCleaner] [Azkaban] Cleaning old logs from execution_logs
2020/09/02 09:55:45.274 +0000 INFO [ExecutionLogsCleaner] [Azkaban] Cleaning old log files before 2020-06-10T09:55:45.274Z
2020/09/02 09:55:46.383 +0000 INFO [ExecutionLogsCleaner] [Azkaban] Cleaned up 0 log entries.
2020/09/02 09:55:46.383 +0000 INFO [ExecutionLogsCleaner] [Azkaban] log clean up time: 1109 ms.
2020/09/02 10:02:28.205 +0000 INFO [LoginAbstractAzkabanServlet] [Azkaban] 183.136.225.56  -  "GET / - HTTP/1.1" browser
2020/09/02 10:55:45.253 +0000 INFO [ExecutionLogsCleaner] [Azkaban] Cleaning old logs from execution_logs
2020/09/02 10:55:45.267 +0000 INFO [ExecutionLogsCleaner] [Azkaban] Cleaning old log files before 2020-06-10T10:55:45.267Z
2020/09/02 10:55:46.577 +0000 INFO [ExecutionLogsCleaner] [Azkaban] Cleaned up 0 log entries.
2020/09/02 10:55:46.577 +0000 INFO [ExecutionLogsCleaner] [Azkaban] log clean up time: 1309 ms.
2020/09/02 11:55:45.250 +0000 INFO [ExecutionLogsCleaner] [Azkaban] Cleaning old logs from execution_logs
2020/09/02 11:55:45.262 +0000 INFO [ExecutionLogsCleaner] [Azkaban] Cleaning old log files before 2020-06-10T11:55:45.262Z
2020/09/02 11:55:46.279 +0000 INFO [ExecutionLogsCleaner] [Azkaban] Cleaned up 0 log entries.
2020/09/02 11:55:46.279 +0000 INFO [ExecutionLogsCleaner] [Azkaban] log clean up time: 1017 ms.
2020/09/02 12:40:27.585 +0000 INFO [LoginAbstractAzkabanServlet] [Azkaban] 83.97.20.25  -  "GET / - HTTP/1.0" not-browser
2020/09/02 12:53:50.737 +0000 INFO [LoginAbstractAzkabanServlet] [Azkaban] 83.97.20.25  -  "GET / - HTTP/1.0" not-browser
2020/09/02 12:55:45.268 +0000 INFO [ExecutionLogsCleaner] [Azkaban] Cleaning old logs from execution_logs
2020/09/02 12:55:45.283 +0000 INFO [ExecutionLogsCleaner] [Azkaban] Cleaning old log files before 2020-06-10T12:55:45.283Z
2020/09/02 12:55:46.313 +0000 INFO [ExecutionLogsCleaner] [Azkaban] Cleaned up 0 log entries.
2020/09/02 12:55:46.313 +0000 INFO [ExecutionLogsCleaner] [Azkaban] log clean up time: 1030 ms.
2020/09/02 13:32:43.586 +0000 INFO [LoginAbstractAzkabanServlet] [Azkaban] 95.79.158.251  -  "GET /static/index.css - HTTP/1.1" browser
2020/09/02 13:32:43.594 +0000 INFO [LoginAbstractAzkabanServlet] [Azkaban] 95.79.158.251  -  "GET /Template/Home/Run/record.html - HTTP/1.1" browser
2020/09/02 13:32:43.655 +0000 INFO [LoginAbstractAzkabanServlet] [Azkaban] 95.79.158.251  -  "GET /Public/home/appjs/Index.js - HTTP/1.1" browser
2020/09/02 13:32:44.148 +0000 INFO [LoginAbstractAzkabanServlet] [Azkaban] 95.79.158.252  -  "GET /views/bank/bank.html - HTTP/1.1" browser
2020/09/02 13:32:44.163 +0000 INFO [LoginAbstractAzkabanServlet] [Azkaban] 95.79.158.252  -  "GET /Resource/webResource/js/newcheck.js - HTTP/1.1" browser
2020/09/02 13:32:44.180 +0000 INFO [LoginAbstractAzkabanServlet] [Azkaban] 95.79.158.251  -  "GET /index3.php m=Order&a=hetong&id=999999 HTTP/1.1" browser
2020/09/02 13:32:44.192 +0000 INFO [LoginAbstractAzkabanServlet] [Azkaban] 95.79.158.251  -  "GET /db/admin_yly.sql - HTTP/1.1" browser
2020/09/02 13:32:44.447 +0000 INFO [LoginAbstractAzkabanServlet] [Azkaban] 95.79.158.252  -  "GET /mindex/statics/js/qiandao.js - HTTP/1.1" browser
2020/09/02 13:32:44.459 +0000 INFO [LoginAbstractAzkabanServlet] [Azkaban] 95.79.158.252  -  "GET /index2.php - HTTP/1.1" browser
2020/09/02 13:32:44.461 +0000 INFO [LoginAbstractAzkabanServlet] [Azkaban] 95.79.158.251  -  "GET /Public/js/chatmsg.js - HTTP/1.1" browser
2020/09/02 13:32:44.464 +0000 INFO [LoginAbstractAzkabanServlet] [Azkaban] 95.79.158.251  -  "GET /resources/main/common.js - HTTP/1.1" browser
2020/09/02 13:32:44.467 +0000 INFO [LoginAbstractAzkabanServlet] [Azkaban] 95.79.158.251  -  "GET /static/js/winScale.js - HTTP/1.1" browser
2020/09/02 13:32:44.471 +0000 INFO [LoginAbstractAzkabanServlet] [Azkaban] 95.79.158.251  -  "GET /phpcms/modules/member/touzi.php - HTTP/1.1" browser
2020/09/02 13:32:44.474 +0000 INFO [LoginAbstractAzkabanServlet] [Azkaban] 95.79.158.251  -  "GET /static/admin/js/cvphp.js - HTTP/1.1" browser
2020/09/02 13:32:44.478 +0000 INFO [LoginAbstractAzkabanServlet] [Azkaban] 95.79.158.251  -  "GET /index/index/register1/type/1.html - HTTP/1.1" browser
2020/09/02 13:32:44.485 +0000 INFO [LoginAbstractAzkabanServlet] [Azkaban] 95.79.158.251  -  "GET /Public/Wchat/js/cvphp.js - HTTP/1.1" browser
2020/09/02 13:32:44.486 +0000 INFO [LoginAbstractAzkabanServlet] [Azkaban] 95.79.158.251  -  "GET /Loan/SubmitLogin - HTTP/1.1" browser
2020/09/02 13:32:44.489 +0000 INFO [LoginAbstractAzkabanServlet] [Azkaban] 95.79.158.251  -  "GET /cloud-app/include/css/uncall.css - HTTP/1.1" browser
2020/09/02 13:32:44.490 +0000 INFO [LoginAbstractAzkabanServlet] [Azkaban] 95.79.158.252  -  "GET /Pay/index.php - HTTP/1.1" browser
2020/09/02 13:32:44.494 +0000 INFO [LoginAbstractAzkabanServlet] [Azkaban] 95.79.158.251  -  "GET /jsonpublic/selectAddtion.asp - HTTP/1.1" browser
2020/09/02 13:32:44.496 +0000 INFO [LoginAbstractAzkabanServlet] [Azkaban] 95.79.158.251  -  "GET /index.php g=Pay&m=Res&a=ispay HTTP/1.1" browser
2020/09/02 13:32:44.499 +0000 INFO [LoginAbstractAzkabanServlet] [Azkaban] 95.79.158.251  -  "GET /Public/app/js/cvphp.js - HTTP/1.1" browser
2020/09/02 13:32:44.500 +0000 INFO [LoginAbstractAzkabanServlet] [Azkaban] 95.79.158.251  -  "GET /Public/Manage/js/cvphp.js - HTTP/1.1" browser
2020/09/02 13:32:44.502 +0000 INFO [LoginAbstractAzkabanServlet] [Azkaban] 95.79.158.251  -  "GET /api/v1/member/home - HTTP/1.1" browser
2020/09/02 13:32:44.514 +0000 INFO [LoginAbstractAzkabanServlet] [Azkaban] 95.79.158.251  -  "GET /source/pack/upload/install/ios.php - HTTP/1.1" browser
2020/09/02 13:32:44.529 +0000 INFO [LoginAbstractAzkabanServlet] [Azkaban] 95.79.158.251  -  "GET /case/ - HTTP/1.1" browser
2020/09/02 13:32:45.411 +0000 INFO [LoginAbstractAzkabanServlet] [Azkaban] 95.79.158.251  -  "GET /gai/ucms/login.php - HTTP/1.1" browser
2020/09/02 13:32:45.428 +0000 INFO [LoginAbstractAzkabanServlet] [Azkaban] 95.79.158.252  -  "GET /app/common.js version=2.4.43&build=1563436823 HTTP/1.1" browser
2020/09/02 13:32:45.429 +0000 INFO [LoginAbstractAzkabanServlet] [Azkaban] 95.79.158.251  -  "GET /static/index/js/lk/order.js - HTTP/1.1" browser
2020/09/02 13:32:46.249 +0000 INFO [LoginAbstractAzkabanServlet] [Azkaban] 95.79.158.252  -  "GET /Six/Js/class_12.js - HTTP/1.1" browser
2020/09/02 13:32:46.949 +0000 INFO [LoginAbstractAzkabanServlet] [Azkaban] 95.79.158.252  -  "GET /Application/Basic/Static/css/customerselect.css - HTTP/1.1" browser
2020/09/02 13:32:46.994 +0000 INFO [LoginAbstractAzkabanServlet] [Azkaban] 95.79.158.252  -  "GET /views/ucenter/ucenter.js - HTTP/1.1" browser
2020/09/02 13:32:46.996 +0000 INFO [LoginAbstractAzkabanServlet] [Azkaban] 95.79.158.252  -  "GET /lateron.asp - HTTP/1.1" browser
2020/09/02 13:32:47.002 +0000 INFO [LoginAbstractAzkabanServlet] [Azkaban] 95.79.158.252  -  "GET / - HTTP/1.1" browser
2020/09/02 13:32:47.092 +0000 INFO [LoginAbstractAzkabanServlet] [Azkaban] 95.79.158.252  -  "GET /Public/mobile/js/config.js - HTTP/1.1" browser
2020/09/02 13:32:47.102 +0000 INFO [LoginAbstractAzkabanServlet] [Azkaban] 95.79.158.252  -  "GET /pczs/js/trendChart.js - HTTP/1.1" browser
2020/09/02 13:32:47.112 +0000 INFO [LoginAbstractAzkabanServlet] [Azkaban] 95.79.158.252  -  "GET /11.txt - HTTP/1.1" browser
2020/09/02 13:32:47.129 +0000 INFO [LoginAbstractAzkabanServlet] [Azkaban] 95.79.158.252  -  "GET /Public/Home/statics/web/js/style.js - HTTP/1.1" browser
2020/09/02 13:55:45.243 +0000 INFO [ExecutionLogsCleaner] [Azkaban] Cleaning old logs from execution_logs
2020/09/02 13:55:45.256 +0000 INFO [ExecutionLogsCleaner] [Azkaban] Cleaning old log files before 2020-06-10T13:55:45.256Z
2020/09/02 13:55:46.297 +0000 INFO [ExecutionLogsCleaner] [Azkaban] Cleaned up 0 log entries.
2020/09/02 13:55:46.297 +0000 INFO [ExecutionLogsCleaner] [Azkaban] log clean up time: 1041 ms.
2020/09/02 14:55:45.251 +0000 INFO [ExecutionLogsCleaner] [Azkaban] Cleaning old logs from execution_logs
2020/09/02 14:55:45.266 +0000 INFO [ExecutionLogsCleaner] [Azkaban] Cleaning old log files before 2020-06-10T14:55:45.266Z
2020/09/02 14:55:46.323 +0000 INFO [ExecutionLogsCleaner] [Azkaban] Cleaned up 0 log entries.
2020/09/02 14:55:46.323 +0000 INFO [ExecutionLogsCleaner] [Azkaban] log clean up time: 1057 ms.
2020/09/02 15:55:45.239 +0000 INFO [ExecutionLogsCleaner] [Azkaban] Cleaning old logs from execution_logs
2020/09/02 15:55:45.258 +0000 INFO [ExecutionLogsCleaner] [Azkaban] Cleaning old log files before 2020-06-10T15:55:45.258Z
2020/09/02 15:55:46.302 +0000 INFO [ExecutionLogsCleaner] [Azkaban] Cleaned up 0 log entries.
2020/09/02 15:55:46.302 +0000 INFO [ExecutionLogsCleaner] [Azkaban] log clean up time: 1044 ms.
2020/09/02 16:55:45.238 +0000 INFO [ExecutionLogsCleaner] [Azkaban] Cleaning old logs from execution_logs
2020/09/02 16:55:45.248 +0000 INFO [ExecutionLogsCleaner] [Azkaban] Cleaning old log files before 2020-06-10T16:55:45.247Z
2020/09/02 16:55:46.253 +0000 INFO [ExecutionLogsCleaner] [Azkaban] Cleaned up 0 log entries.
2020/09/02 16:55:46.253 +0000 INFO [ExecutionLogsCleaner] [Azkaban] log clean up time: 1005 ms.
2020/09/02 17:55:45.238 +0000 INFO [ExecutionLogsCleaner] [Azkaban] Cleaning old logs from execution_logs
2020/09/02 17:55:45.257 +0000 INFO [ExecutionLogsCleaner] [Azkaban] Cleaning old log files before 2020-06-10T17:55:45.257Z
2020/09/02 17:55:46.327 +0000 INFO [ExecutionLogsCleaner] [Azkaban] Cleaned up 0 log entries.
2020/09/02 17:55:46.327 +0000 INFO [ExecutionLogsCleaner] [Azkaban] log clean up time: 1070 ms.
2020/09/02 18:55:45.254 +0000 INFO [ExecutionLogsCleaner] [Azkaban] Cleaning old logs from execution_logs
2020/09/02 18:55:45.269 +0000 INFO [ExecutionLogsCleaner] [Azkaban] Cleaning old log files before 2020-06-10T18:55:45.269Z
2020/09/02 18:55:46.300 +0000 INFO [ExecutionLogsCleaner] [Azkaban] Cleaned up 0 log entries.
2020/09/02 18:55:46.300 +0000 INFO [ExecutionLogsCleaner] [Azkaban] log clean up time: 1030 ms.
2020/09/02 19:55:45.256 +0000 INFO [ExecutionLogsCleaner] [Azkaban] Cleaning old logs from execution_logs
2020/09/02 19:55:45.264 +0000 INFO [ExecutionLogsCleaner] [Azkaban] Cleaning old log files before 2020-06-10T19:55:45.264Z
2020/09/02 19:55:46.331 +0000 INFO [ExecutionLogsCleaner] [Azkaban] Cleaned up 0 log entries.
2020/09/02 19:55:46.331 +0000 INFO [ExecutionLogsCleaner] [Azkaban] log clean up time: 1067 ms.
2020/09/02 20:55:45.254 +0000 INFO [ExecutionLogsCleaner] [Azkaban] Cleaning old logs from execution_logs
2020/09/02 20:55:45.266 +0000 INFO [ExecutionLogsCleaner] [Azkaban] Cleaning old log files before 2020-06-10T20:55:45.265Z
2020/09/02 20:55:46.295 +0000 INFO [ExecutionLogsCleaner] [Azkaban] Cleaned up 0 log entries.
2020/09/02 20:55:46.295 +0000 INFO [ExecutionLogsCleaner] [Azkaban] log clean up time: 1029 ms.
2020/09/02 21:55:45.256 +0000 INFO [ExecutionLogsCleaner] [Azkaban] Cleaning old logs from execution_logs
2020/09/02 21:55:45.272 +0000 INFO [ExecutionLogsCleaner] [Azkaban] Cleaning old log files before 2020-06-10T21:55:45.272Z
2020/09/02 21:55:46.305 +0000 INFO [ExecutionLogsCleaner] [Azkaban] Cleaned up 0 log entries.
2020/09/02 21:55:46.305 +0000 INFO [ExecutionLogsCleaner] [Azkaban] log clean up time: 1033 ms.
2020/09/02 22:47:41.192 +0000 INFO [LoginAbstractAzkabanServlet] [Azkaban] 83.97.20.25  -  "GET / - HTTP/1.0" not-browser
2020/09/02 22:55:45.239 +0000 INFO [ExecutionLogsCleaner] [Azkaban] Cleaning old logs from execution_logs
2020/09/02 22:55:45.239 +0000 INFO [ExecutionLogsCleaner] [Azkaban] Cleaning old log files before 2020-06-10T22:55:45.239Z
2020/09/02 22:55:46.275 +0000 INFO [ExecutionLogsCleaner] [Azkaban] Cleaned up 0 log entries.
2020/09/02 22:55:46.275 +0000 INFO [ExecutionLogsCleaner] [Azkaban] log clean up time: 1036 ms.
2020/09/02 22:57:42.536 +0000 INFO [LoginAbstractAzkabanServlet] [Azkaban] 83.97.20.25  -  "GET / - HTTP/1.0" not-browser
2020/09/02 23:55:45.253 +0000 INFO [ExecutionLogsCleaner] [Azkaban] Cleaning old logs from execution_logs
2020/09/02 23:55:45.268 +0000 INFO [ExecutionLogsCleaner] [Azkaban] Cleaning old log files before 2020-06-10T23:55:45.268Z
2020/09/02 23:55:46.321 +0000 INFO [ExecutionLogsCleaner] [Azkaban] Cleaned up 0 log entries.
2020/09/02 23:55:46.321 +0000 INFO [ExecutionLogsCleaner] [Azkaban] log clean up time: 1053 ms.
2020/09/03 00:55:45.252 +0000 INFO [ExecutionLogsCleaner] [Azkaban] Cleaning old logs from execution_logs
2020/09/03 00:55:45.269 +0000 INFO [ExecutionLogsCleaner] [Azkaban] Cleaning old log files before 2020-06-11T00:55:45.269Z
2020/09/03 00:55:46.291 +0000 INFO [ExecutionLogsCleaner] [Azkaban] Cleaned up 0 log entries.
2020/09/03 00:55:46.291 +0000 INFO [ExecutionLogsCleaner] [Azkaban] log clean up time: 1021 ms.
2020/09/03 01:39:06.741 +0000 INFO [LoginAbstractAzkabanServlet] [Azkaban] 183.136.225.56  -  "GET / - HTTP/1.1" not-browser
2020/09/03 01:55:45.239 +0000 INFO [ExecutionLogsCleaner] [Azkaban] Cleaning old logs from execution_logs
2020/09/03 01:55:45.250 +0000 INFO [ExecutionLogsCleaner] [Azkaban] Cleaning old log files before 2020-06-11T01:55:45.250Z
2020/09/03 01:55:46.274 +0000 INFO [ExecutionLogsCleaner] [Azkaban] Cleaned up 0 log entries.
2020/09/03 01:55:46.275 +0000 INFO [ExecutionLogsCleaner] [Azkaban] log clean up time: 1025 ms.
2020/09/03 02:55:45.257 +0000 INFO [ExecutionLogsCleaner] [Azkaban] Cleaning old logs from execution_logs
2020/09/03 02:55:45.272 +0000 INFO [ExecutionLogsCleaner] [Azkaban] Cleaning old log files before 2020-06-11T02:55:45.271Z
2020/09/03 02:55:46.306 +0000 INFO [ExecutionLogsCleaner] [Azkaban] Cleaned up 0 log entries.
2020/09/03 02:55:46.306 +0000 INFO [ExecutionLogsCleaner] [Azkaban] log clean up time: 1034 ms.
2020/09/03 03:55:45.263 +0000 INFO [ExecutionLogsCleaner] [Azkaban] Cleaning old logs from execution_logs
2020/09/03 03:55:45.276 +0000 INFO [ExecutionLogsCleaner] [Azkaban] Cleaning old log files before 2020-06-11T03:55:45.276Z
2020/09/03 03:55:46.445 +0000 INFO [ExecutionLogsCleaner] [Azkaban] Cleaned up 0 log entries.
2020/09/03 03:55:46.445 +0000 INFO [ExecutionLogsCleaner] [Azkaban] log clean up time: 1169 ms.
2020/09/03 04:55:49.280 +0000 INFO [ExecutionLogsCleaner] [Azkaban] Cleaning old logs from execution_logs
2020/09/03 04:55:49.870 +0000 INFO [ExecutionLogsCleaner] [Azkaban] Cleaning old log files before 2020-06-11T04:55:49.870Z
2020/09/03 04:55:51.182 +0000 INFO [ExecutionLogsCleaner] [Azkaban] Cleaned up 0 log entries.
2020/09/03 04:55:51.182 +0000 INFO [ExecutionLogsCleaner] [Azkaban] log clean up time: 1312 ms.
2020/09/03 05:55:45.244 +0000 INFO [ExecutionLogsCleaner] [Azkaban] Cleaning old logs from execution_logs
2020/09/03 05:55:45.257 +0000 INFO [ExecutionLogsCleaner] [Azkaban] Cleaning old log files before 2020-06-11T05:55:45.257Z
2020/09/03 05:55:46.274 +0000 INFO [ExecutionLogsCleaner] [Azkaban] Cleaned up 0 log entries.
2020/09/03 05:55:46.274 +0000 INFO [ExecutionLogsCleaner] [Azkaban] log clean up time: 1017 ms.
2020/09/03 06:55:45.240 +0000 INFO [ExecutionLogsCleaner] [Azkaban] Cleaning old logs from execution_logs
2020/09/03 06:55:45.258 +0000 INFO [ExecutionLogsCleaner] [Azkaban] Cleaning old log files before 2020-06-11T06:55:45.254Z
2020/09/03 06:55:46.369 +0000 INFO [ExecutionLogsCleaner] [Azkaban] Cleaned up 0 log entries.
2020/09/03 06:55:46.369 +0000 INFO [ExecutionLogsCleaner] [Azkaban] log clean up time: 1109 ms.
2020/09/03 07:55:45.250 +0000 INFO [ExecutionLogsCleaner] [Azkaban] Cleaning old logs from execution_logs
2020/09/03 07:55:45.266 +0000 INFO [ExecutionLogsCleaner] [Azkaban] Cleaning old log files before 2020-06-11T07:55:45.266Z
2020/09/03 07:55:46.284 +0000 INFO [ExecutionLogsCleaner] [Azkaban] Cleaned up 0 log entries.
2020/09/03 07:55:46.284 +0000 INFO [ExecutionLogsCleaner] [Azkaban] log clean up time: 1018 ms.
2020/09/03 08:55:45.253 +0000 INFO [ExecutionLogsCleaner] [Azkaban] Cleaning old logs from execution_logs
2020/09/03 08:55:45.267 +0000 INFO [ExecutionLogsCleaner] [Azkaban] Cleaning old log files before 2020-06-11T08:55:45.267Z
2020/09/03 08:55:46.296 +0000 INFO [ExecutionLogsCleaner] [Azkaban] Cleaned up 0 log entries.
2020/09/03 08:55:46.296 +0000 INFO [ExecutionLogsCleaner] [Azkaban] log clean up time: 1029 ms.
2020/09/03 09:55:45.249 +0000 INFO [ExecutionLogsCleaner] [Azkaban] Cleaning old logs from execution_logs
2020/09/03 09:55:45.261 +0000 INFO [ExecutionLogsCleaner] [Azkaban] Cleaning old log files before 2020-06-11T09:55:45.261Z
2020/09/03 09:55:46.284 +0000 INFO [ExecutionLogsCleaner] [Azkaban] Cleaned up 0 log entries.
2020/09/03 09:55:46.284 +0000 INFO [ExecutionLogsCleaner] [Azkaban] log clean up time: 1022 ms.
2020/09/03 10:41:58.950 +0000 INFO [LoginAbstractAzkabanServlet] [Azkaban] 182.254.52.17  -  "GET /Loan/SubmitLogin - HTTP/1.1" browser
2020/09/03 10:51:28.364 +0000 INFO [LoginAbstractAzkabanServlet] [Azkaban] 182.254.52.17  -  "GET /phpcms/modules/member/touzi.php - HTTP/1.1" browser
2020/09/03 10:55:45.238 +0000 INFO [ExecutionLogsCleaner] [Azkaban] Cleaning old logs from execution_logs
2020/09/03 10:55:45.258 +0000 INFO [ExecutionLogsCleaner] [Azkaban] Cleaning old log files before 2020-06-11T10:55:45.257Z
2020/09/03 10:55:46.266 +0000 INFO [ExecutionLogsCleaner] [Azkaban] Cleaned up 0 log entries.
2020/09/03 10:55:46.266 +0000 INFO [ExecutionLogsCleaner] [Azkaban] log clean up time: 1008 ms.
2020/09/03 11:09:13.569 +0000 INFO [LoginAbstractAzkabanServlet] [Azkaban] 183.192.179.16  -  "GET /gai/ucms/login.php - HTTP/1.1" browser
2020/09/03 11:55:45.252 +0000 INFO [ExecutionLogsCleaner] [Azkaban] Cleaning old logs from execution_logs
2020/09/03 11:55:45.266 +0000 INFO [ExecutionLogsCleaner] [Azkaban] Cleaning old log files before 2020-06-11T11:55:45.266Z
2020/09/03 11:55:46.296 +0000 INFO [ExecutionLogsCleaner] [Azkaban] Cleaned up 0 log entries.
2020/09/03 11:55:46.296 +0000 INFO [ExecutionLogsCleaner] [Azkaban] log clean up time: 1030 ms.
2020/09/03 12:09:26.420 +0000 INFO [LoginAbstractAzkabanServlet] [Azkaban] 183.192.179.16  -  "GET /Template/Home/Run/record.html - HTTP/1.1" browser
2020/09/03 12:55:45.254 +0000 INFO [ExecutionLogsCleaner] [Azkaban] Cleaning old logs from execution_logs
2020/09/03 12:55:45.269 +0000 INFO [ExecutionLogsCleaner] [Azkaban] Cleaning old log files before 2020-06-11T12:55:45.268Z
2020/09/03 12:55:46.287 +0000 INFO [ExecutionLogsCleaner] [Azkaban] Cleaned up 0 log entries.
2020/09/03 12:55:46.287 +0000 INFO [ExecutionLogsCleaner] [Azkaban] log clean up time: 1018 ms.
2020/09/03 13:01:02.312 +0000 INFO [LoginAbstractAzkabanServlet] [Azkaban] 183.192.179.16  -  "GET /case/ - HTTP/1.1" browser
2020/09/03 13:55:45.253 +0000 INFO [ExecutionLogsCleaner] [Azkaban] Cleaning old logs from execution_logs
2020/09/03 13:55:45.268 +0000 INFO [ExecutionLogsCleaner] [Azkaban] Cleaning old log files before 2020-06-11T13:55:45.268Z
2020/09/03 13:55:46.298 +0000 INFO [ExecutionLogsCleaner] [Azkaban] Cleaned up 0 log entries.
2020/09/03 13:55:46.298 +0000 INFO [ExecutionLogsCleaner] [Azkaban] log clean up time: 1030 ms.
2020/09/03 14:10:47.473 +0000 INFO [LoginAbstractAzkabanServlet] [Azkaban] 182.254.52.17  -  "GET /source/pack/upload/install/ios.php - HTTP/1.1" browser
2020/09/03 14:48:24.181 +0000 INFO [LoginAbstractAzkabanServlet] [Azkaban] 61.241.50.63  -  "GET /index/index/register1/type/1.html - HTTP/1.1" browser
2020/09/03 14:55:45.239 +0000 INFO [ExecutionLogsCleaner] [Azkaban] Cleaning old logs from execution_logs
2020/09/03 14:55:45.239 +0000 INFO [ExecutionLogsCleaner] [Azkaban] Cleaning old log files before 2020-06-11T14:55:45.239Z
2020/09/03 14:55:46.261 +0000 INFO [ExecutionLogsCleaner] [Azkaban] Cleaned up 0 log entries.
2020/09/03 14:55:46.262 +0000 INFO [ExecutionLogsCleaner] [Azkaban] log clean up time: 1023 ms.
2020/09/03 15:11:34.931 +0000 INFO [LoginAbstractAzkabanServlet] [Azkaban] 183.192.179.16  -  "GET /index3.php m%3DOrder%26a%3Dhetong%26id%3D999999 HTTP/1.1" browser
2020/09/03 15:45:05.106 +0000 INFO [LoginAbstractAzkabanServlet] [Azkaban] 182.254.52.17  -  "GET /index.php g%3DPay%26m%3DRes%26a%3Dispay HTTP/1.1" browser
2020/09/03 15:55:45.242 +0000 INFO [ExecutionLogsCleaner] [Azkaban] Cleaning old logs from execution_logs
2020/09/03 15:55:45.242 +0000 INFO [ExecutionLogsCleaner] [Azkaban] Cleaning old log files before 2020-06-11T15:55:45.242Z
2020/09/03 15:55:46.259 +0000 INFO [ExecutionLogsCleaner] [Azkaban] Cleaned up 0 log entries.
2020/09/03 15:55:46.259 +0000 INFO [ExecutionLogsCleaner] [Azkaban] log clean up time: 1017 ms.
2020/09/03 16:04:50.157 +0000 INFO [LoginAbstractAzkabanServlet] [Azkaban] 101.89.19.140  -  "GET / - HTTP/1.1" browser
2020/09/03 16:07:35.910 +0000 INFO [LoginAbstractAzkabanServlet] [Azkaban] 182.254.52.17  -  "GET /index2.php - HTTP/1.1" browser
2020/09/03 16:55:45.254 +0000 INFO [ExecutionLogsCleaner] [Azkaban] Cleaning old logs from execution_logs
2020/09/03 16:55:45.270 +0000 INFO [ExecutionLogsCleaner] [Azkaban] Cleaning old log files before 2020-06-11T16:55:45.270Z
2020/09/03 16:55:46.289 +0000 INFO [ExecutionLogsCleaner] [Azkaban] Cleaned up 0 log entries.
2020/09/03 16:55:46.289 +0000 INFO [ExecutionLogsCleaner] [Azkaban] log clean up time: 1019 ms.
2020/09/03 17:55:45.251 +0000 INFO [ExecutionLogsCleaner] [Azkaban] Cleaning old logs from execution_logs
2020/09/03 17:55:45.266 +0000 INFO [ExecutionLogsCleaner] [Azkaban] Cleaning old log files before 2020-06-11T17:55:45.266Z
2020/09/03 17:55:46.295 +0000 INFO [ExecutionLogsCleaner] [Azkaban] Cleaned up 0 log entries.
2020/09/03 17:55:46.295 +0000 INFO [ExecutionLogsCleaner] [Azkaban] log clean up time: 1029 ms.
2020/09/03 18:55:45.247 +0000 INFO [ExecutionLogsCleaner] [Azkaban] Cleaning old logs from execution_logs
2020/09/03 18:55:45.262 +0000 INFO [ExecutionLogsCleaner] [Azkaban] Cleaning old log files before 2020-06-11T18:55:45.262Z
2020/09/03 18:55:46.296 +0000 INFO [ExecutionLogsCleaner] [Azkaban] Cleaned up 0 log entries.
2020/09/03 18:55:46.296 +0000 INFO [ExecutionLogsCleaner] [Azkaban] log clean up time: 1034 ms.
2020/09/03 19:43:25.909 +0000 INFO [LoginAbstractAzkabanServlet] [Azkaban] 83.97.20.25  -  "GET / - HTTP/1.0" not-browser
2020/09/03 19:46:08.805 +0000 INFO [LoginAbstractAzkabanServlet] [Azkaban] 83.97.20.25  -  "GET / - HTTP/1.0" not-browser
2020/09/03 19:55:45.241 +0000 INFO [ExecutionLogsCleaner] [Azkaban] Cleaning old logs from execution_logs
2020/09/03 19:55:45.246 +0000 INFO [ExecutionLogsCleaner] [Azkaban] Cleaning old log files before 2020-06-11T19:55:45.241Z
2020/09/03 19:55:46.274 +0000 INFO [ExecutionLogsCleaner] [Azkaban] Cleaned up 0 log entries.
2020/09/03 19:55:46.274 +0000 INFO [ExecutionLogsCleaner] [Azkaban] log clean up time: 1028 ms.
2020/09/03 20:55:45.255 +0000 INFO [ExecutionLogsCleaner] [Azkaban] Cleaning old logs from execution_logs
2020/09/03 20:55:45.269 +0000 INFO [ExecutionLogsCleaner] [Azkaban] Cleaning old log files before 2020-06-11T20:55:45.269Z
2020/09/03 20:55:46.303 +0000 INFO [ExecutionLogsCleaner] [Azkaban] Cleaned up 0 log entries.
2020/09/03 20:55:46.303 +0000 INFO [ExecutionLogsCleaner] [Azkaban] log clean up time: 1034 ms.
2020/09/03 21:55:45.251 +0000 INFO [ExecutionLogsCleaner] [Azkaban] Cleaning old logs from execution_logs
2020/09/03 21:55:45.266 +0000 INFO [ExecutionLogsCleaner] [Azkaban] Cleaning old log files before 2020-06-11T21:55:45.266Z
2020/09/03 21:55:46.295 +0000 INFO [ExecutionLogsCleaner] [Azkaban] Cleaned up 0 log entries.
2020/09/03 21:55:46.296 +0000 INFO [ExecutionLogsCleaner] [Azkaban] log clean up time: 1030 ms.
2020/09/03 22:55:45.255 +0000 INFO [ExecutionLogsCleaner] [Azkaban] Cleaning old logs from execution_logs
2020/09/03 22:55:45.269 +0000 INFO [ExecutionLogsCleaner] [Azkaban] Cleaning old log files before 2020-06-11T22:55:45.269Z
2020/09/03 22:55:46.315 +0000 INFO [ExecutionLogsCleaner] [Azkaban] Cleaned up 0 log entries.
2020/09/03 22:55:46.315 +0000 INFO [ExecutionLogsCleaner] [Azkaban] log clean up time: 1046 ms.
2020/09/03 23:55:45.249 +0000 INFO [ExecutionLogsCleaner] [Azkaban] Cleaning old logs from execution_logs
2020/09/03 23:55:45.266 +0000 INFO [ExecutionLogsCleaner] [Azkaban] Cleaning old log files before 2020-06-11T23:55:45.262Z
2020/09/03 23:55:46.295 +0000 INFO [ExecutionLogsCleaner] [Azkaban] Cleaned up 0 log entries.
2020/09/03 23:55:46.295 +0000 INFO [ExecutionLogsCleaner] [Azkaban] log clean up time: 1029 ms.
2020/09/04 00:55:45.252 +0000 INFO [ExecutionLogsCleaner] [Azkaban] Cleaning old logs from execution_logs
2020/09/04 00:55:45.270 +0000 INFO [ExecutionLogsCleaner] [Azkaban] Cleaning old log files before 2020-06-12T00:55:45.270Z
2020/09/04 00:55:46.290 +0000 INFO [ExecutionLogsCleaner] [Azkaban] Cleaned up 0 log entries.
2020/09/04 00:55:46.290 +0000 INFO [ExecutionLogsCleaner] [Azkaban] log clean up time: 1020 ms.
2020/09/04 01:55:45.249 +0000 INFO [ExecutionLogsCleaner] [Azkaban] Cleaning old logs from execution_logs
2020/09/04 01:55:45.264 +0000 INFO [ExecutionLogsCleaner] [Azkaban] Cleaning old log files before 2020-06-12T01:55:45.264Z
2020/09/04 01:55:46.291 +0000 INFO [ExecutionLogsCleaner] [Azkaban] Cleaned up 0 log entries.
2020/09/04 01:55:46.291 +0000 INFO [ExecutionLogsCleaner] [Azkaban] log clean up time: 1027 ms.
2020/09/04 02:55:45.249 +0000 INFO [ExecutionLogsCleaner] [Azkaban] Cleaning old logs from execution_logs
2020/09/04 02:55:45.261 +0000 INFO [ExecutionLogsCleaner] [Azkaban] Cleaning old log files before 2020-06-12T02:55:45.261Z
2020/09/04 02:55:46.267 +0000 INFO [ExecutionLogsCleaner] [Azkaban] Cleaned up 0 log entries.
2020/09/04 02:55:46.268 +0000 INFO [ExecutionLogsCleaner] [Azkaban] log clean up time: 1007 ms.
2020/09/04 03:55:45.248 +0000 INFO [ExecutionLogsCleaner] [Azkaban] Cleaning old logs from execution_logs
2020/09/04 03:55:45.267 +0000 INFO [ExecutionLogsCleaner] [Azkaban] Cleaning old log files before 2020-06-12T03:55:45.267Z
2020/09/04 03:55:46.290 +0000 INFO [ExecutionLogsCleaner] [Azkaban] Cleaned up 0 log entries.
2020/09/04 03:55:46.290 +0000 INFO [ExecutionLogsCleaner] [Azkaban] log clean up time: 1023 ms.
2020/09/04 04:55:45.253 +0000 INFO [ExecutionLogsCleaner] [Azkaban] Cleaning old logs from execution_logs
2020/09/04 04:55:45.267 +0000 INFO [ExecutionLogsCleaner] [Azkaban] Cleaning old log files before 2020-06-12T04:55:45.267Z
2020/09/04 04:55:46.294 +0000 INFO [ExecutionLogsCleaner] [Azkaban] Cleaned up 0 log entries.
2020/09/04 04:55:46.294 +0000 INFO [ExecutionLogsCleaner] [Azkaban] log clean up time: 1027 ms.
2020/09/04 05:11:49.337 +0000 INFO [LoginAbstractAzkabanServlet] [Azkaban] 83.97.20.25  -  "GET / - HTTP/1.0" not-browser
2020/09/04 05:25:34.437 +0000 INFO [LoginAbstractAzkabanServlet] [Azkaban] 83.97.20.25  -  "GET / - HTTP/1.0" not-browser
2020/09/04 05:55:45.250 +0000 INFO [ExecutionLogsCleaner] [Azkaban] Cleaning old logs from execution_logs
2020/09/04 05:55:45.262 +0000 INFO [ExecutionLogsCleaner] [Azkaban] Cleaning old log files before 2020-06-12T05:55:45.262Z
2020/09/04 05:55:46.288 +0000 INFO [ExecutionLogsCleaner] [Azkaban] Cleaned up 0 log entries.
2020/09/04 05:55:46.288 +0000 INFO [ExecutionLogsCleaner] [Azkaban] log clean up time: 1026 ms.
2020/09/04 06:11:48.695 +0000 INFO [LoginAbstractAzkabanServlet] [Azkaban] 182.254.52.17  -  "GET /Template/Home/Run/record.html - HTTP/1.1" browser
2020/09/04 06:55:45.272 +0000 INFO [ExecutionLogsCleaner] [Azkaban] Cleaning old logs from execution_logs
2020/09/04 06:55:45.293 +0000 INFO [ExecutionLogsCleaner] [Azkaban] Cleaning old log files before 2020-06-12T06:55:45.293Z
2020/09/04 06:55:46.323 +0000 INFO [ExecutionLogsCleaner] [Azkaban] Cleaned up 0 log entries.
2020/09/04 06:55:46.323 +0000 INFO [ExecutionLogsCleaner] [Azkaban] log clean up time: 1030 ms.
2020/09/04 07:55:45.255 +0000 INFO [ExecutionLogsCleaner] [Azkaban] Cleaning old logs from execution_logs
2020/09/04 07:55:45.276 +0000 INFO [ExecutionLogsCleaner] [Azkaban] Cleaning old log files before 2020-06-12T07:55:45.269Z
2020/09/04 07:55:46.305 +0000 INFO [ExecutionLogsCleaner] [Azkaban] Cleaned up 0 log entries.
2020/09/04 07:55:46.306 +0000 INFO [ExecutionLogsCleaner] [Azkaban] log clean up time: 1030 ms.
2020/09/04 08:55:45.249 +0000 INFO [ExecutionLogsCleaner] [Azkaban] Cleaning old logs from execution_logs
2020/09/04 08:55:45.265 +0000 INFO [ExecutionLogsCleaner] [Azkaban] Cleaning old log files before 2020-06-12T08:55:45.265Z
2020/09/04 08:55:46.295 +0000 INFO [ExecutionLogsCleaner] [Azkaban] Cleaned up 0 log entries.
2020/09/04 08:55:46.295 +0000 INFO [ExecutionLogsCleaner] [Azkaban] log clean up time: 1029 ms.
2020/09/04 09:28:50.022 +0000 INFO [LoginAbstractAzkabanServlet] [Azkaban] 183.136.225.56  -  "GET / - HTTP/1.1" browser
2020/09/04 09:55:45.256 +0000 INFO [ExecutionLogsCleaner] [Azkaban] Cleaning old logs from execution_logs
2020/09/04 09:55:45.272 +0000 INFO [ExecutionLogsCleaner] [Azkaban] Cleaning old log files before 2020-06-12T09:55:45.272Z
2020/09/04 09:55:46.304 +0000 INFO [ExecutionLogsCleaner] [Azkaban] Cleaned up 0 log entries.
2020/09/04 09:55:46.304 +0000 INFO [ExecutionLogsCleaner] [Azkaban] log clean up time: 1032 ms.
2020/09/04 10:55:45.245 +0000 INFO [ExecutionLogsCleaner] [Azkaban] Cleaning old logs from execution_logs
2020/09/04 10:55:45.261 +0000 INFO [ExecutionLogsCleaner] [Azkaban] Cleaning old log files before 2020-06-12T10:55:45.261Z
2020/09/04 10:55:46.269 +0000 INFO [ExecutionLogsCleaner] [Azkaban] Cleaned up 0 log entries.
2020/09/04 10:55:46.269 +0000 INFO [ExecutionLogsCleaner] [Azkaban] log clean up time: 1008 ms.
2020/09/04 11:55:45.244 +0000 INFO [ExecutionLogsCleaner] [Azkaban] Cleaning old logs from execution_logs
2020/09/04 11:55:45.258 +0000 INFO [ExecutionLogsCleaner] [Azkaban] Cleaning old log files before 2020-06-12T11:55:45.258Z
2020/09/04 11:55:46.273 +0000 INFO [ExecutionLogsCleaner] [Azkaban] Cleaned up 0 log entries.
2020/09/04 11:55:46.273 +0000 INFO [ExecutionLogsCleaner] [Azkaban] log clean up time: 1015 ms.
2020/09/04 12:55:45.255 +0000 INFO [ExecutionLogsCleaner] [Azkaban] Cleaning old logs from execution_logs
2020/09/04 12:55:45.271 +0000 INFO [ExecutionLogsCleaner] [Azkaban] Cleaning old log files before 2020-06-12T12:55:45.271Z
2020/09/04 12:55:46.319 +0000 INFO [ExecutionLogsCleaner] [Azkaban] Cleaned up 0 log entries.
2020/09/04 12:55:46.319 +0000 INFO [ExecutionLogsCleaner] [Azkaban] log clean up time: 1048 ms.
2020/09/04 13:40:58.814 +0000 WARN [log] [Azkaban] java.lang.IllegalArgumentException: Cookie name "domain" is a reserved token
2020/09/04 13:40:58.820 +0000 INFO [LoginAbstractAzkabanServlet] [Azkaban] 182.254.52.17  -  "GET /case/ - HTTP/1.1" browser
2020/09/04 13:55:45.256 +0000 INFO [ExecutionLogsCleaner] [Azkaban] Cleaning old logs from execution_logs
2020/09/04 13:55:45.268 +0000 INFO [ExecutionLogsCleaner] [Azkaban] Cleaning old log files before 2020-06-12T13:55:45.268Z
2020/09/04 13:55:46.306 +0000 INFO [ExecutionLogsCleaner] [Azkaban] Cleaned up 0 log entries.
2020/09/04 13:55:46.306 +0000 INFO [ExecutionLogsCleaner] [Azkaban] log clean up time: 1038 ms.
2020/09/04 14:11:34.609 +0000 INFO [LoginAbstractAzkabanServlet] [Azkaban] 198.143.133.154  -  "GET / - HTTP/1.1" browser
2020/09/04 14:55:47.848 +0000 INFO [ExecutionLogsCleaner] [Azkaban] Cleaning old logs from execution_logs
2020/09/04 14:55:48.570 +0000 INFO [ExecutionLogsCleaner] [Azkaban] Cleaning old log files before 2020-06-12T14:55:48.570Z
2020/09/04 14:55:49.925 +0000 INFO [ExecutionLogsCleaner] [Azkaban] Cleaned up 0 log entries.
2020/09/04 14:55:49.925 +0000 INFO [ExecutionLogsCleaner] [Azkaban] log clean up time: 1355 ms.
2020/09/04 15:51:25.191 +0000 INFO [LoginAbstractAzkabanServlet] [Azkaban] 83.97.20.25  -  "GET / - HTTP/1.0" not-browser
2020/09/04 15:55:45.238 +0000 INFO [ExecutionLogsCleaner] [Azkaban] Cleaning old logs from execution_logs
2020/09/04 15:55:45.238 +0000 INFO [ExecutionLogsCleaner] [Azkaban] Cleaning old log files before 2020-06-12T15:55:45.238Z
2020/09/04 15:55:46.249 +0000 INFO [ExecutionLogsCleaner] [Azkaban] Cleaned up 0 log entries.
2020/09/04 15:55:46.249 +0000 INFO [ExecutionLogsCleaner] [Azkaban] log clean up time: 1011 ms.
2020/09/04 16:55:45.239 +0000 INFO [ExecutionLogsCleaner] [Azkaban] Cleaning old logs from execution_logs
2020/09/04 16:55:45.239 +0000 INFO [ExecutionLogsCleaner] [Azkaban] Cleaning old log files before 2020-06-12T16:55:45.239Z
2020/09/04 16:55:46.241 +0000 INFO [ExecutionLogsCleaner] [Azkaban] Cleaned up 0 log entries.
2020/09/04 16:55:46.241 +0000 INFO [ExecutionLogsCleaner] [Azkaban] log clean up time: 1002 ms.
2020/09/04 17:55:45.239 +0000 INFO [ExecutionLogsCleaner] [Azkaban] Cleaning old logs from execution_logs
2020/09/04 17:55:45.239 +0000 INFO [ExecutionLogsCleaner] [Azkaban] Cleaning old log files before 2020-06-12T17:55:45.239Z
2020/09/04 17:55:46.241 +0000 INFO [ExecutionLogsCleaner] [Azkaban] Cleaned up 0 log entries.
2020/09/04 17:55:46.241 +0000 INFO [ExecutionLogsCleaner] [Azkaban] log clean up time: 1002 ms.
2020/09/04 18:55:45.239 +0000 INFO [ExecutionLogsCleaner] [Azkaban] Cleaning old logs from execution_logs
2020/09/04 18:55:45.239 +0000 INFO [ExecutionLogsCleaner] [Azkaban] Cleaning old log files before 2020-06-12T18:55:45.239Z
2020/09/04 18:55:46.242 +0000 INFO [ExecutionLogsCleaner] [Azkaban] Cleaned up 0 log entries.
2020/09/04 18:55:46.242 +0000 INFO [ExecutionLogsCleaner] [Azkaban] log clean up time: 1003 ms.
2020/09/04 19:55:45.238 +0000 INFO [ExecutionLogsCleaner] [Azkaban] Cleaning old logs from execution_logs
2020/09/04 19:55:45.238 +0000 INFO [ExecutionLogsCleaner] [Azkaban] Cleaning old log files before 2020-06-12T19:55:45.238Z
2020/09/04 19:55:46.255 +0000 INFO [ExecutionLogsCleaner] [Azkaban] Cleaned up 0 log entries.
2020/09/04 19:55:46.255 +0000 INFO [ExecutionLogsCleaner] [Azkaban] log clean up time: 1017 ms.
2020/09/04 20:55:45.239 +0000 INFO [ExecutionLogsCleaner] [Azkaban] Cleaning old logs from execution_logs
2020/09/04 20:55:45.239 +0000 INFO [ExecutionLogsCleaner] [Azkaban] Cleaning old log files before 2020-06-12T20:55:45.239Z
2020/09/04 20:55:46.254 +0000 INFO [ExecutionLogsCleaner] [Azkaban] Cleaned up 0 log entries.
2020/09/04 20:55:46.254 +0000 INFO [ExecutionLogsCleaner] [Azkaban] log clean up time: 1015 ms.
2020/09/04 21:55:45.238 +0000 INFO [ExecutionLogsCleaner] [Azkaban] Cleaning old logs from execution_logs
2020/09/04 21:55:45.238 +0000 INFO [ExecutionLogsCleaner] [Azkaban] Cleaning old log files before 2020-06-12T21:55:45.238Z
2020/09/04 21:55:46.241 +0000 INFO [ExecutionLogsCleaner] [Azkaban] Cleaned up 0 log entries.
2020/09/04 21:55:46.241 +0000 INFO [ExecutionLogsCleaner] [Azkaban] log clean up time: 1003 ms.
2020/09/04 22:55:45.239 +0000 INFO [ExecutionLogsCleaner] [Azkaban] Cleaning old logs from execution_logs
2020/09/04 22:55:45.239 +0000 INFO [ExecutionLogsCleaner] [Azkaban] Cleaning old log files before 2020-06-12T22:55:45.239Z
2020/09/04 22:55:46.242 +0000 INFO [ExecutionLogsCleaner] [Azkaban] Cleaned up 0 log entries.
2020/09/04 22:55:46.252 +0000 INFO [ExecutionLogsCleaner] [Azkaban] log clean up time: 1013 ms.
2020/09/04 23:55:45.238 +0000 INFO [ExecutionLogsCleaner] [Azkaban] Cleaning old logs from execution_logs
2020/09/04 23:55:45.238 +0000 INFO [ExecutionLogsCleaner] [Azkaban] Cleaning old log files before 2020-06-12T23:55:45.238Z
2020/09/04 23:55:46.243 +0000 INFO [ExecutionLogsCleaner] [Azkaban] Cleaned up 0 log entries.
2020/09/04 23:55:46.243 +0000 INFO [ExecutionLogsCleaner] [Azkaban] log clean up time: 1005 ms.
2020/09/05 00:55:45.238 +0000 INFO [ExecutionLogsCleaner] [Azkaban] Cleaning old logs from execution_logs
2020/09/05 00:55:45.253 +0000 INFO [ExecutionLogsCleaner] [Azkaban] Cleaning old log files before 2020-06-13T00:55:45.253Z
2020/09/05 00:55:46.275 +0000 INFO [ExecutionLogsCleaner] [Azkaban] Cleaned up 0 log entries.
2020/09/05 00:55:46.275 +0000 INFO [ExecutionLogsCleaner] [Azkaban] log clean up time: 1022 ms.
2020/09/05 01:55:45.239 +0000 INFO [ExecutionLogsCleaner] [Azkaban] Cleaning old logs from execution_logs
2020/09/05 01:55:45.239 +0000 INFO [ExecutionLogsCleaner] [Azkaban] Cleaning old log files before 2020-06-13T01:55:45.239Z
2020/09/05 01:55:46.244 +0000 INFO [ExecutionLogsCleaner] [Azkaban] Cleaned up 0 log entries.
2020/09/05 01:55:46.244 +0000 INFO [ExecutionLogsCleaner] [Azkaban] log clean up time: 1005 ms.
2020/09/05 02:41:36.605 +0000 INFO [LoginAbstractAzkabanServlet] [Azkaban] 83.97.20.25  -  "GET / - HTTP/1.0" not-browser
2020/09/05 02:55:45.238 +0000 INFO [ExecutionLogsCleaner] [Azkaban] Cleaning old logs from execution_logs
2020/09/05 02:55:45.238 +0000 INFO [ExecutionLogsCleaner] [Azkaban] Cleaning old log files before 2020-06-13T02:55:45.238Z
2020/09/05 02:55:46.241 +0000 INFO [ExecutionLogsCleaner] [Azkaban] Cleaned up 0 log entries.
2020/09/05 02:55:46.241 +0000 INFO [ExecutionLogsCleaner] [Azkaban] log clean up time: 1003 ms.
2020/09/05 03:55:45.242 +0000 INFO [ExecutionLogsCleaner] [Azkaban] Cleaning old logs from execution_logs
2020/09/05 03:55:45.242 +0000 INFO [ExecutionLogsCleaner] [Azkaban] Cleaning old log files before 2020-06-13T03:55:45.242Z
2020/09/05 03:55:46.246 +0000 INFO [ExecutionLogsCleaner] [Azkaban] Cleaned up 0 log entries.
2020/09/05 03:55:46.246 +0000 INFO [ExecutionLogsCleaner] [Azkaban] log clean up time: 1004 ms.
2020/09/05 04:52:34.178 +0000 INFO [LoginAbstractAzkabanServlet] [Azkaban] 182.140.238.180  -  "GET / - HTTP/1.1" not-browser
2020/09/05 04:52:34.272 +0000 INFO [LoginAbstractAzkabanServlet] [Azkaban] 182.140.238.180  -  "GET / - HTTP/1.1" browser
2020/09/05 04:55:45.239 +0000 INFO [ExecutionLogsCleaner] [Azkaban] Cleaning old logs from execution_logs
2020/09/05 04:55:45.239 +0000 INFO [ExecutionLogsCleaner] [Azkaban] Cleaning old log files before 2020-06-13T04:55:45.239Z
2020/09/05 04:55:46.242 +0000 INFO [ExecutionLogsCleaner] [Azkaban] Cleaned up 0 log entries.
2020/09/05 04:55:46.242 +0000 INFO [ExecutionLogsCleaner] [Azkaban] log clean up time: 1003 ms.
2020/09/05 05:55:45.239 +0000 INFO [ExecutionLogsCleaner] [Azkaban] Cleaning old logs from execution_logs
2020/09/05 05:55:45.239 +0000 INFO [ExecutionLogsCleaner] [Azkaban] Cleaning old log files before 2020-06-13T05:55:45.239Z
2020/09/05 05:55:46.242 +0000 INFO [ExecutionLogsCleaner] [Azkaban] Cleaned up 0 log entries.
2020/09/05 05:55:46.242 +0000 INFO [ExecutionLogsCleaner] [Azkaban] log clean up time: 1003 ms.
2020/09/05 06:55:45.239 +0000 INFO [ExecutionLogsCleaner] [Azkaban] Cleaning old logs from execution_logs
2020/09/05 06:55:45.239 +0000 INFO [ExecutionLogsCleaner] [Azkaban] Cleaning old log files before 2020-06-13T06:55:45.239Z
2020/09/05 06:55:46.242 +0000 INFO [ExecutionLogsCleaner] [Azkaban] Cleaned up 0 log entries.
2020/09/05 06:55:46.242 +0000 INFO [ExecutionLogsCleaner] [Azkaban] log clean up time: 1003 ms.
2020/09/05 07:55:45.238 +0000 INFO [ExecutionLogsCleaner] [Azkaban] Cleaning old logs from execution_logs
2020/09/05 07:55:45.238 +0000 INFO [ExecutionLogsCleaner] [Azkaban] Cleaning old log files before 2020-06-13T07:55:45.238Z
2020/09/05 07:55:46.242 +0000 INFO [ExecutionLogsCleaner] [Azkaban] Cleaned up 0 log entries.
2020/09/05 07:55:46.244 +0000 INFO [ExecutionLogsCleaner] [Azkaban] log clean up time: 1005 ms.
2020/09/05 08:55:45.239 +0000 INFO [ExecutionLogsCleaner] [Azkaban] Cleaning old logs from execution_logs
2020/09/05 08:55:45.239 +0000 INFO [ExecutionLogsCleaner] [Azkaban] Cleaning old log files before 2020-06-13T08:55:45.239Z
2020/09/05 08:55:46.241 +0000 INFO [ExecutionLogsCleaner] [Azkaban] Cleaned up 0 log entries.
2020/09/05 08:55:46.241 +0000 INFO [ExecutionLogsCleaner] [Azkaban] log clean up time: 1002 ms.
2020/09/05 09:55:45.239 +0000 INFO [ExecutionLogsCleaner] [Azkaban] Cleaning old logs from execution_logs
2020/09/05 09:55:45.239 +0000 INFO [ExecutionLogsCleaner] [Azkaban] Cleaning old log files before 2020-06-13T09:55:45.239Z
2020/09/05 09:55:46.256 +0000 INFO [ExecutionLogsCleaner] [Azkaban] Cleaned up 0 log entries.
2020/09/05 09:55:46.256 +0000 INFO [ExecutionLogsCleaner] [Azkaban] log clean up time: 1017 ms.
2020/09/05 10:55:45.238 +0000 INFO [ExecutionLogsCleaner] [Azkaban] Cleaning old logs from execution_logs
2020/09/05 10:55:45.238 +0000 INFO [ExecutionLogsCleaner] [Azkaban] Cleaning old log files before 2020-06-13T10:55:45.238Z
2020/09/05 10:55:46.242 +0000 INFO [ExecutionLogsCleaner] [Azkaban] Cleaned up 0 log entries.
2020/09/05 10:55:46.242 +0000 INFO [ExecutionLogsCleaner] [Azkaban] log clean up time: 1004 ms.
2020/09/05 11:55:45.243 +0000 INFO [ExecutionLogsCleaner] [Azkaban] Cleaning old logs from execution_logs
2020/09/05 11:55:45.276 +0000 INFO [ExecutionLogsCleaner] [Azkaban] Cleaning old log files before 2020-06-13T11:55:45.262Z
2020/09/05 11:55:46.288 +0000 INFO [ExecutionLogsCleaner] [Azkaban] Cleaned up 0 log entries.
2020/09/05 11:55:46.288 +0000 INFO [ExecutionLogsCleaner] [Azkaban] log clean up time: 1012 ms.
2020/09/05 12:21:24.781 +0000 INFO [LoginAbstractAzkabanServlet] [Azkaban] 83.97.20.25  -  "GET / - HTTP/1.0" not-browser
2020/09/05 12:55:45.244 +0000 INFO [ExecutionLogsCleaner] [Azkaban] Cleaning old logs from execution_logs
2020/09/05 12:55:45.248 +0000 INFO [ExecutionLogsCleaner] [Azkaban] Cleaning old log files before 2020-06-13T12:55:45.248Z
2020/09/05 12:55:46.266 +0000 INFO [ExecutionLogsCleaner] [Azkaban] Cleaned up 0 log entries.
2020/09/05 12:55:46.266 +0000 INFO [ExecutionLogsCleaner] [Azkaban] log clean up time: 1018 ms.
2020/09/05 13:11:30.966 +0000 INFO [LoginAbstractAzkabanServlet] [Azkaban] 83.97.20.25  -  "GET / - HTTP/1.0" not-browser
2020/09/05 13:55:45.246 +0000 INFO [ExecutionLogsCleaner] [Azkaban] Cleaning old logs from execution_logs
2020/09/05 13:55:45.262 +0000 INFO [ExecutionLogsCleaner] [Azkaban] Cleaning old log files before 2020-06-13T13:55:45.256Z
2020/09/05 13:55:46.281 +0000 INFO [ExecutionLogsCleaner] [Azkaban] Cleaned up 0 log entries.
2020/09/05 13:55:46.281 +0000 INFO [ExecutionLogsCleaner] [Azkaban] log clean up time: 1019 ms.
2020/09/05 14:55:45.253 +0000 INFO [ExecutionLogsCleaner] [Azkaban] Cleaning old logs from execution_logs
2020/09/05 14:55:45.270 +0000 INFO [ExecutionLogsCleaner] [Azkaban] Cleaning old log files before 2020-06-13T14:55:45.270Z
2020/09/05 14:55:46.293 +0000 INFO [ExecutionLogsCleaner] [Azkaban] Cleaned up 0 log entries.
2020/09/05 14:55:46.293 +0000 INFO [ExecutionLogsCleaner] [Azkaban] log clean up time: 1023 ms.
2020/09/05 15:55:45.253 +0000 INFO [ExecutionLogsCleaner] [Azkaban] Cleaning old logs from execution_logs
2020/09/05 15:55:45.269 +0000 INFO [ExecutionLogsCleaner] [Azkaban] Cleaning old log files before 2020-06-13T15:55:45.269Z
2020/09/05 15:55:46.284 +0000 INFO [ExecutionLogsCleaner] [Azkaban] Cleaned up 0 log entries.
2020/09/05 15:55:46.284 +0000 INFO [ExecutionLogsCleaner] [Azkaban] log clean up time: 1015 ms.
2020/09/05 16:55:45.260 +0000 INFO [ExecutionLogsCleaner] [Azkaban] Cleaning old logs from execution_logs
2020/09/05 16:55:45.279 +0000 INFO [ExecutionLogsCleaner] [Azkaban] Cleaning old log files before 2020-06-13T16:55:45.279Z
2020/09/05 16:55:46.301 +0000 INFO [ExecutionLogsCleaner] [Azkaban] Cleaned up 0 log entries.
2020/09/05 16:55:46.301 +0000 INFO [ExecutionLogsCleaner] [Azkaban] log clean up time: 1022 ms.
2020/09/05 17:55:45.261 +0000 INFO [ExecutionLogsCleaner] [Azkaban] Cleaning old logs from execution_logs
2020/09/05 17:55:45.274 +0000 INFO [ExecutionLogsCleaner] [Azkaban] Cleaning old log files before 2020-06-13T17:55:45.274Z
2020/09/05 17:55:46.310 +0000 INFO [ExecutionLogsCleaner] [Azkaban] Cleaned up 0 log entries.
2020/09/05 17:55:46.310 +0000 INFO [ExecutionLogsCleaner] [Azkaban] log clean up time: 1036 ms.
2020/09/05 18:55:45.252 +0000 INFO [ExecutionLogsCleaner] [Azkaban] Cleaning old logs from execution_logs
2020/09/05 18:55:45.263 +0000 INFO [ExecutionLogsCleaner] [Azkaban] Cleaning old log files before 2020-06-13T18:55:45.263Z
2020/09/05 18:55:46.291 +0000 INFO [ExecutionLogsCleaner] [Azkaban] Cleaned up 0 log entries.
2020/09/05 18:55:46.291 +0000 INFO [ExecutionLogsCleaner] [Azkaban] log clean up time: 1028 ms.
2020/09/05 19:00:19.054 +0000 WARN [log] [Azkaban] java.lang.IllegalArgumentException: Cookie name "version" is a reserved token
2020/09/05 19:00:19.061 +0000 INFO [LoginAbstractAzkabanServlet] [Azkaban] 61.241.50.63  -  "GET / - HTTP/1.1" browser
2020/09/05 19:55:45.254 +0000 INFO [ExecutionLogsCleaner] [Azkaban] Cleaning old logs from execution_logs
2020/09/05 19:55:45.269 +0000 INFO [ExecutionLogsCleaner] [Azkaban] Cleaning old log files before 2020-06-13T19:55:45.269Z
2020/09/05 19:55:46.310 +0000 INFO [ExecutionLogsCleaner] [Azkaban] Cleaned up 0 log entries.
2020/09/05 19:55:46.311 +0000 INFO [ExecutionLogsCleaner] [Azkaban] log clean up time: 1042 ms.
2020/09/05 20:55:45.252 +0000 INFO [ExecutionLogsCleaner] [Azkaban] Cleaning old logs from execution_logs
2020/09/05 20:55:45.267 +0000 INFO [ExecutionLogsCleaner] [Azkaban] Cleaning old log files before 2020-06-13T20:55:45.267Z
2020/09/05 20:55:46.285 +0000 INFO [ExecutionLogsCleaner] [Azkaban] Cleaned up 0 log entries.
2020/09/05 20:55:46.285 +0000 INFO [ExecutionLogsCleaner] [Azkaban] log clean up time: 1018 ms.
2020/09/05 21:55:45.253 +0000 INFO [ExecutionLogsCleaner] [Azkaban] Cleaning old logs from execution_logs
2020/09/05 21:55:45.262 +0000 INFO [ExecutionLogsCleaner] [Azkaban] Cleaning old log files before 2020-06-13T21:55:45.262Z
2020/09/05 21:55:46.294 +0000 INFO [ExecutionLogsCleaner] [Azkaban] Cleaned up 0 log entries.
2020/09/05 21:55:46.294 +0000 INFO [ExecutionLogsCleaner] [Azkaban] log clean up time: 1032 ms.
2020/09/05 22:55:45.254 +0000 INFO [ExecutionLogsCleaner] [Azkaban] Cleaning old logs from execution_logs
2020/09/05 22:55:45.271 +0000 INFO [ExecutionLogsCleaner] [Azkaban] Cleaning old log files before 2020-06-13T22:55:45.271Z
2020/09/05 22:55:46.303 +0000 INFO [ExecutionLogsCleaner] [Azkaban] Cleaned up 0 log entries.
2020/09/05 22:55:46.303 +0000 INFO [ExecutionLogsCleaner] [Azkaban] log clean up time: 1032 ms.
2020/09/05 23:55:45.253 +0000 INFO [ExecutionLogsCleaner] [Azkaban] Cleaning old logs from execution_logs
2020/09/05 23:55:45.263 +0000 INFO [ExecutionLogsCleaner] [Azkaban] Cleaning old log files before 2020-06-13T23:55:45.262Z
2020/09/05 23:55:46.290 +0000 INFO [ExecutionLogsCleaner] [Azkaban] Cleaned up 0 log entries.
2020/09/05 23:55:46.290 +0000 INFO [ExecutionLogsCleaner] [Azkaban] log clean up time: 1027 ms.
2020/09/06 00:55:45.254 +0000 INFO [ExecutionLogsCleaner] [Azkaban] Cleaning old logs from execution_logs
2020/09/06 00:55:45.269 +0000 INFO [ExecutionLogsCleaner] [Azkaban] Cleaning old log files before 2020-06-14T00:55:45.269Z
2020/09/06 00:55:46.299 +0000 INFO [ExecutionLogsCleaner] [Azkaban] Cleaned up 0 log entries.
2020/09/06 00:55:46.299 +0000 INFO [ExecutionLogsCleaner] [Azkaban] log clean up time: 1030 ms.
2020/09/06 01:24:07.755 +0000 INFO [LoginAbstractAzkabanServlet] [Azkaban] 83.97.20.25  -  "GET / - HTTP/1.0" not-browser
2020/09/06 01:55:45.251 +0000 INFO [ExecutionLogsCleaner] [Azkaban] Cleaning old logs from execution_logs
2020/09/06 01:55:45.273 +0000 INFO [ExecutionLogsCleaner] [Azkaban] Cleaning old log files before 2020-06-14T01:55:45.273Z
2020/09/06 01:55:46.303 +0000 INFO [ExecutionLogsCleaner] [Azkaban] Cleaned up 0 log entries.
2020/09/06 01:55:46.303 +0000 INFO [ExecutionLogsCleaner] [Azkaban] log clean up time: 1030 ms.
2020/09/06 02:55:45.244 +0000 INFO [ExecutionLogsCleaner] [Azkaban] Cleaning old logs from execution_logs
2020/09/06 02:55:45.264 +0000 INFO [ExecutionLogsCleaner] [Azkaban] Cleaning old log files before 2020-06-14T02:55:45.264Z
2020/09/06 02:55:46.309 +0000 INFO [ExecutionLogsCleaner] [Azkaban] Cleaned up 0 log entries.
2020/09/06 02:55:46.309 +0000 INFO [ExecutionLogsCleaner] [Azkaban] log clean up time: 1045 ms.
2020/09/06 03:55:45.250 +0000 INFO [ExecutionLogsCleaner] [Azkaban] Cleaning old logs from execution_logs
2020/09/06 03:55:45.260 +0000 INFO [ExecutionLogsCleaner] [Azkaban] Cleaning old log files before 2020-06-14T03:55:45.260Z
2020/09/06 03:55:46.335 +0000 INFO [ExecutionLogsCleaner] [Azkaban] Cleaned up 0 log entries.
2020/09/06 03:55:46.335 +0000 INFO [ExecutionLogsCleaner] [Azkaban] log clean up time: 1075 ms.
2020/09/06 04:55:45.249 +0000 INFO [ExecutionLogsCleaner] [Azkaban] Cleaning old logs from execution_logs
2020/09/06 04:55:45.264 +0000 INFO [ExecutionLogsCleaner] [Azkaban] Cleaning old log files before 2020-06-14T04:55:45.264Z
2020/09/06 04:55:46.292 +0000 INFO [ExecutionLogsCleaner] [Azkaban] Cleaned up 0 log entries.
2020/09/06 04:55:46.293 +0000 INFO [ExecutionLogsCleaner] [Azkaban] log clean up time: 1029 ms.
2020/09/06 05:55:45.238 +0000 INFO [ExecutionLogsCleaner] [Azkaban] Cleaning old logs from execution_logs
2020/09/06 05:55:45.246 +0000 INFO [ExecutionLogsCleaner] [Azkaban] Cleaning old log files before 2020-06-14T05:55:45.238Z
2020/09/06 05:55:46.278 +0000 INFO [ExecutionLogsCleaner] [Azkaban] Cleaned up 0 log entries.
2020/09/06 05:55:46.278 +0000 INFO [ExecutionLogsCleaner] [Azkaban] log clean up time: 1032 ms.
2020/09/06 06:55:45.243 +0000 INFO [ExecutionLogsCleaner] [Azkaban] Cleaning old logs from execution_logs
2020/09/06 06:55:45.260 +0000 INFO [ExecutionLogsCleaner] [Azkaban] Cleaning old log files before 2020-06-14T06:55:45.260Z
2020/09/06 06:55:46.265 +0000 INFO [ExecutionLogsCleaner] [Azkaban] Cleaned up 0 log entries.
2020/09/06 06:55:46.265 +0000 INFO [ExecutionLogsCleaner] [Azkaban] log clean up time: 1005 ms.
2020/09/06 07:55:45.253 +0000 INFO [ExecutionLogsCleaner] [Azkaban] Cleaning old logs from execution_logs
2020/09/06 07:55:45.267 +0000 INFO [ExecutionLogsCleaner] [Azkaban] Cleaning old log files before 2020-06-14T07:55:45.267Z
2020/09/06 07:55:46.292 +0000 INFO [ExecutionLogsCleaner] [Azkaban] Cleaned up 0 log entries.
2020/09/06 07:55:46.293 +0000 INFO [ExecutionLogsCleaner] [Azkaban] log clean up time: 1025 ms.
2020/09/06 08:55:45.255 +0000 INFO [ExecutionLogsCleaner] [Azkaban] Cleaning old logs from execution_logs
2020/09/06 08:55:45.270 +0000 INFO [ExecutionLogsCleaner] [Azkaban] Cleaning old log files before 2020-06-14T08:55:45.270Z
2020/09/06 08:55:46.295 +0000 INFO [ExecutionLogsCleaner] [Azkaban] Cleaned up 0 log entries.
2020/09/06 08:55:46.295 +0000 INFO [ExecutionLogsCleaner] [Azkaban] log clean up time: 1025 ms.
2020/09/06 09:55:45.246 +0000 INFO [ExecutionLogsCleaner] [Azkaban] Cleaning old logs from execution_logs
2020/09/06 09:55:45.260 +0000 INFO [ExecutionLogsCleaner] [Azkaban] Cleaning old log files before 2020-06-14T09:55:45.260Z
2020/09/06 09:55:46.276 +0000 INFO [ExecutionLogsCleaner] [Azkaban] Cleaned up 0 log entries.
2020/09/06 09:55:46.276 +0000 INFO [ExecutionLogsCleaner] [Azkaban] log clean up time: 1016 ms.
2020/09/06 10:55:45.243 +0000 INFO [ExecutionLogsCleaner] [Azkaban] Cleaning old logs from execution_logs
2020/09/06 10:55:45.251 +0000 INFO [ExecutionLogsCleaner] [Azkaban] Cleaning old log files before 2020-06-14T10:55:45.251Z
2020/09/06 10:55:46.263 +0000 INFO [ExecutionLogsCleaner] [Azkaban] Cleaned up 0 log entries.
2020/09/06 10:55:46.263 +0000 INFO [ExecutionLogsCleaner] [Azkaban] log clean up time: 1012 ms.
2020/09/06 11:55:45.238 +0000 INFO [ExecutionLogsCleaner] [Azkaban] Cleaning old logs from execution_logs
2020/09/06 11:55:45.250 +0000 INFO [ExecutionLogsCleaner] [Azkaban] Cleaning old log files before 2020-06-14T11:55:45.250Z
2020/09/06 11:55:46.255 +0000 INFO [ExecutionLogsCleaner] [Azkaban] Cleaned up 0 log entries.
2020/09/06 11:55:46.255 +0000 INFO [ExecutionLogsCleaner] [Azkaban] log clean up time: 1005 ms.
2020/09/06 12:55:45.251 +0000 INFO [ExecutionLogsCleaner] [Azkaban] Cleaning old logs from execution_logs
2020/09/06 12:55:45.284 +0000 INFO [ExecutionLogsCleaner] [Azkaban] Cleaning old log files before 2020-06-14T12:55:45.277Z
2020/09/06 12:55:46.308 +0000 INFO [ExecutionLogsCleaner] [Azkaban] Cleaned up 0 log entries.
2020/09/06 12:55:46.308 +0000 INFO [ExecutionLogsCleaner] [Azkaban] log clean up time: 1024 ms.
2020/09/06 13:55:45.252 +0000 INFO [ExecutionLogsCleaner] [Azkaban] Cleaning old logs from execution_logs
2020/09/06 13:55:45.265 +0000 INFO [ExecutionLogsCleaner] [Azkaban] Cleaning old log files before 2020-06-14T13:55:45.265Z
2020/09/06 13:55:46.280 +0000 INFO [ExecutionLogsCleaner] [Azkaban] Cleaned up 0 log entries.
2020/09/06 13:55:46.280 +0000 INFO [ExecutionLogsCleaner] [Azkaban] log clean up time: 1015 ms.
2020/09/06 14:55:45.254 +0000 INFO [ExecutionLogsCleaner] [Azkaban] Cleaning old logs from execution_logs
2020/09/06 14:55:45.268 +0000 INFO [ExecutionLogsCleaner] [Azkaban] Cleaning old log files before 2020-06-14T14:55:45.268Z
2020/09/06 14:55:46.297 +0000 INFO [ExecutionLogsCleaner] [Azkaban] Cleaned up 0 log entries.
2020/09/06 14:55:46.297 +0000 INFO [ExecutionLogsCleaner] [Azkaban] log clean up time: 1029 ms.
2020/09/06 15:55:45.251 +0000 INFO [ExecutionLogsCleaner] [Azkaban] Cleaning old logs from execution_logs
2020/09/06 15:55:45.272 +0000 INFO [ExecutionLogsCleaner] [Azkaban] Cleaning old log files before 2020-06-14T15:55:45.272Z
2020/09/06 15:55:46.319 +0000 INFO [ExecutionLogsCleaner] [Azkaban] Cleaned up 0 log entries.
2020/09/06 15:55:46.319 +0000 INFO [ExecutionLogsCleaner] [Azkaban] log clean up time: 1046 ms.
2020/09/06 16:55:45.255 +0000 INFO [ExecutionLogsCleaner] [Azkaban] Cleaning old logs from execution_logs
2020/09/06 16:55:45.276 +0000 INFO [ExecutionLogsCleaner] [Azkaban] Cleaning old log files before 2020-06-14T16:55:45.269Z
2020/09/06 16:55:46.588 +0000 INFO [ExecutionLogsCleaner] [Azkaban] Cleaned up 0 log entries.
2020/09/06 16:55:46.588 +0000 INFO [ExecutionLogsCleaner] [Azkaban] log clean up time: 1312 ms.
2020/09/06 17:55:45.238 +0000 INFO [ExecutionLogsCleaner] [Azkaban] Cleaning old logs from execution_logs
2020/09/06 17:55:45.252 +0000 INFO [ExecutionLogsCleaner] [Azkaban] Cleaning old log files before 2020-06-14T17:55:45.252Z
2020/09/06 17:55:46.257 +0000 INFO [ExecutionLogsCleaner] [Azkaban] Cleaned up 0 log entries.
2020/09/06 17:55:46.257 +0000 INFO [ExecutionLogsCleaner] [Azkaban] log clean up time: 1005 ms.
2020/09/06 18:55:45.239 +0000 INFO [ExecutionLogsCleaner] [Azkaban] Cleaning old logs from execution_logs
2020/09/06 18:55:45.254 +0000 INFO [ExecutionLogsCleaner] [Azkaban] Cleaning old log files before 2020-06-14T18:55:45.254Z
2020/09/06 18:55:46.260 +0000 INFO [ExecutionLogsCleaner] [Azkaban] Cleaned up 0 log entries.
2020/09/06 18:55:46.260 +0000 INFO [ExecutionLogsCleaner] [Azkaban] log clean up time: 1006 ms.
2020/09/06 19:54:29.879 +0000 INFO [LoginAbstractAzkabanServlet] [Azkaban] 83.97.20.25  -  "GET / - HTTP/1.0" not-browser
2020/09/06 19:55:45.240 +0000 INFO [ExecutionLogsCleaner] [Azkaban] Cleaning old logs from execution_logs
2020/09/06 19:55:45.240 +0000 INFO [ExecutionLogsCleaner] [Azkaban] Cleaning old log files before 2020-06-14T19:55:45.240Z
2020/09/06 19:55:46.244 +0000 INFO [ExecutionLogsCleaner] [Azkaban] Cleaned up 0 log entries.
2020/09/06 19:55:46.244 +0000 INFO [ExecutionLogsCleaner] [Azkaban] log clean up time: 1004 ms.
2020/09/06 20:55:45.239 +0000 INFO [ExecutionLogsCleaner] [Azkaban] Cleaning old logs from execution_logs
2020/09/06 20:55:45.239 +0000 INFO [ExecutionLogsCleaner] [Azkaban] Cleaning old log files before 2020-06-14T20:55:45.239Z
2020/09/06 20:55:46.241 +0000 INFO [ExecutionLogsCleaner] [Azkaban] Cleaned up 0 log entries.
2020/09/06 20:55:46.241 +0000 INFO [ExecutionLogsCleaner] [Azkaban] log clean up time: 1002 ms.
2020/09/06 21:24:46.815 +0000 INFO [LoginAbstractAzkabanServlet] [Azkaban] 83.97.20.25  -  "GET / - HTTP/1.0" not-browser
2020/09/06 21:55:45.239 +0000 INFO [ExecutionLogsCleaner] [Azkaban] Cleaning old logs from execution_logs
2020/09/06 21:55:45.239 +0000 INFO [ExecutionLogsCleaner] [Azkaban] Cleaning old log files before 2020-06-14T21:55:45.239Z
2020/09/06 21:55:46.242 +0000 INFO [ExecutionLogsCleaner] [Azkaban] Cleaned up 0 log entries.
2020/09/06 21:55:46.242 +0000 INFO [ExecutionLogsCleaner] [Azkaban] log clean up time: 1003 ms.
2020/09/06 22:55:45.239 +0000 INFO [ExecutionLogsCleaner] [Azkaban] Cleaning old logs from execution_logs
2020/09/06 22:55:45.256 +0000 INFO [ExecutionLogsCleaner] [Azkaban] Cleaning old log files before 2020-06-14T22:55:45.256Z
2020/09/06 22:55:46.262 +0000 INFO [ExecutionLogsCleaner] [Azkaban] Cleaned up 0 log entries.
2020/09/06 22:55:46.262 +0000 INFO [ExecutionLogsCleaner] [Azkaban] log clean up time: 1006 ms.
2020/09/06 23:55:45.239 +0000 INFO [ExecutionLogsCleaner] [Azkaban] Cleaning old logs from execution_logs
2020/09/06 23:55:45.239 +0000 INFO [ExecutionLogsCleaner] [Azkaban] Cleaning old log files before 2020-06-14T23:55:45.239Z
2020/09/06 23:55:46.241 +0000 INFO [ExecutionLogsCleaner] [Azkaban] Cleaned up 0 log entries.
2020/09/06 23:55:46.241 +0000 INFO [ExecutionLogsCleaner] [Azkaban] log clean up time: 1002 ms.
2020/09/07 00:55:45.239 +0000 INFO [ExecutionLogsCleaner] [Azkaban] Cleaning old logs from execution_logs
2020/09/07 00:55:45.251 +0000 INFO [ExecutionLogsCleaner] [Azkaban] Cleaning old log files before 2020-06-15T00:55:45.251Z
2020/09/07 00:55:46.258 +0000 INFO [ExecutionLogsCleaner] [Azkaban] Cleaned up 0 log entries.
2020/09/07 00:55:46.258 +0000 INFO [ExecutionLogsCleaner] [Azkaban] log clean up time: 1007 ms.
2020/09/07 01:55:45.239 +0000 INFO [ExecutionLogsCleaner] [Azkaban] Cleaning old logs from execution_logs
2020/09/07 01:55:45.254 +0000 INFO [ExecutionLogsCleaner] [Azkaban] Cleaning old log files before 2020-06-15T01:55:45.254Z
2020/09/07 01:55:46.261 +0000 INFO [ExecutionLogsCleaner] [Azkaban] Cleaned up 0 log entries.
2020/09/07 01:55:46.261 +0000 INFO [ExecutionLogsCleaner] [Azkaban] log clean up time: 1007 ms.
2020/09/07 02:12:46.864 +0000 INFO [LoginAbstractAzkabanServlet] [Azkaban] 183.136.225.56  -  "GET / - HTTP/1.1" browser
2020/09/07 02:55:45.239 +0000 INFO [ExecutionLogsCleaner] [Azkaban] Cleaning old logs from execution_logs
2020/09/07 02:55:45.239 +0000 INFO [ExecutionLogsCleaner] [Azkaban] Cleaning old log files before 2020-06-15T02:55:45.239Z
2020/09/07 02:55:46.241 +0000 INFO [ExecutionLogsCleaner] [Azkaban] Cleaned up 0 log entries.
2020/09/07 02:55:46.241 +0000 INFO [ExecutionLogsCleaner] [Azkaban] log clean up time: 1002 ms.
2020/09/07 03:55:45.238 +0000 INFO [ExecutionLogsCleaner] [Azkaban] Cleaning old logs from execution_logs
2020/09/07 03:55:45.247 +0000 INFO [ExecutionLogsCleaner] [Azkaban] Cleaning old log files before 2020-06-15T03:55:45.247Z
2020/09/07 03:55:46.252 +0000 INFO [ExecutionLogsCleaner] [Azkaban] Cleaned up 0 log entries.
2020/09/07 03:55:46.252 +0000 INFO [ExecutionLogsCleaner] [Azkaban] log clean up time: 1005 ms.
2020/09/07 04:13:24.029 +0000 INFO [LoginAbstractAzkabanServlet] [Azkaban] 125.33.163.51  -  "GET / - HTTP/1.1" browser
2020/09/07 04:13:30.617 +0000 INFO [LoginAbstractAzkabanServlet] [Azkaban] 125.33.163.51  -  "POST / - HTTP/1.1" browser
2020/09/07 04:13:30.742 +0000 INFO [LoginAbstractAzkabanServlet] [Azkaban] Session id created for user 'azkaban' and ip 125.33.163.51, 0 session(s) found from this IP
2020/09/07 04:13:30.907 +0000 INFO [LoginAbstractAzkabanServlet] [Azkaban] 125.33.163.51 azkaban "GET / - HTTP/1.1" browser
2020/09/07 04:13:30.924 +0000 INFO [LoginAbstractAzkabanServlet] [Azkaban] 125.33.163.51 azkaban "GET /index - HTTP/1.1" browser
2020/09/07 04:55:45.238 +0000 INFO [ExecutionLogsCleaner] [Azkaban] Cleaning old logs from execution_logs
2020/09/07 04:55:45.238 +0000 INFO [ExecutionLogsCleaner] [Azkaban] Cleaning old log files before 2020-06-15T04:55:45.238Z
2020/09/07 04:55:46.239 +0000 INFO [ExecutionLogsCleaner] [Azkaban] Cleaned up 0 log entries.
2020/09/07 04:55:46.240 +0000 INFO [ExecutionLogsCleaner] [Azkaban] log clean up time: 1002 ms.
2020/09/07 05:55:45.239 +0000 INFO [ExecutionLogsCleaner] [Azkaban] Cleaning old logs from execution_logs
2020/09/07 05:55:45.239 +0000 INFO [ExecutionLogsCleaner] [Azkaban] Cleaning old log files before 2020-06-15T05:55:45.239Z
2020/09/07 05:55:46.242 +0000 INFO [ExecutionLogsCleaner] [Azkaban] Cleaned up 0 log entries.
2020/09/07 05:55:46.242 +0000 INFO [ExecutionLogsCleaner] [Azkaban] log clean up time: 1003 ms.
2020/09/07 06:55:45.239 +0000 INFO [ExecutionLogsCleaner] [Azkaban] Cleaning old logs from execution_logs
2020/09/07 06:55:45.239 +0000 INFO [ExecutionLogsCleaner] [Azkaban] Cleaning old log files before 2020-06-15T06:55:45.239Z
2020/09/07 06:55:46.242 +0000 INFO [ExecutionLogsCleaner] [Azkaban] Cleaned up 0 log entries.
2020/09/07 06:55:46.242 +0000 INFO [ExecutionLogsCleaner] [Azkaban] log clean up time: 1003 ms.
2020/09/07 07:55:45.239 +0000 INFO [ExecutionLogsCleaner] [Azkaban] Cleaning old logs from execution_logs
2020/09/07 07:55:45.239 +0000 INFO [ExecutionLogsCleaner] [Azkaban] Cleaning old log files before 2020-06-15T07:55:45.239Z
2020/09/07 07:55:46.243 +0000 INFO [ExecutionLogsCleaner] [Azkaban] Cleaned up 0 log entries.
2020/09/07 07:55:46.243 +0000 INFO [ExecutionLogsCleaner] [Azkaban] log clean up time: 1004 ms.
