Error: HADOOP_HOME is not set. Hadoop job types will not run properly.
bin/internal/../..
:bin/internal/../../lib/activation-1.1.jar:bin/internal/../../lib/aopalliance-1.0.jar:bin/internal/../../lib/az-core-0.1.0-SNAPSHOT.jar:bin/internal/../../lib/az-hadoop-jobtype-plugin-0.1.0-SNAPSHOT.jar:bin/internal/../../lib/azkaban-common-0.1.0-SNAPSHOT.jar:bin/internal/../../lib/azkaban-db-0.1.0-SNAPSHOT.jar:bin/internal/../../lib/azkaban-exec-server-0.1.0-SNAPSHOT.jar:bin/internal/../../lib/azkaban-hadoop-security-plugin-0.1.0-SNAPSHOT.jar:bin/internal/../../lib/azkaban-spi-0.1.0-SNAPSHOT.jar:bin/internal/../../lib/c3p0-0.9.1.1.jar:bin/internal/../../lib/cached-http-filesystem-0.1.0-SNAPSHOT.jar:bin/internal/../../lib/commons-codec-1.13.jar:bin/internal/../../lib/commons-collections-3.2.2.jar:bin/internal/../../lib/commons-dbcp2-2.7.0.jar:bin/internal/../../lib/commons-dbutils-1.5.jar:bin/internal/../../lib/commons-fileupload-1.2.1.jar:bin/internal/../../lib/commons-io-2.4.jar:bin/internal/../../lib/commons-jexl-2.1.1.jar:bin/internal/../../lib/commons-lang-2.6.jar:bin/internal/../../lib/commons-logging-1.2.jar:bin/internal/../../lib/commons-math3-3.0.jar:bin/internal/../../lib/commons-pool2-2.7.0.jar:bin/internal/../../lib/gson-2.8.1.jar:bin/internal/../../lib/guava-21.0.jar:bin/internal/../../lib/guice-4.1.0.jar:bin/internal/../../lib/httpclient-4.5.3.jar:bin/internal/../../lib/httpcore-4.4.6.jar:bin/internal/../../lib/jackson-core-asl-1.9.5.jar:bin/internal/../../lib/jackson-mapper-asl-1.9.5.jar:bin/internal/../../lib/javax.inject-1.jar:bin/internal/../../lib/jetty-6.1.26.jar:bin/internal/../../lib/jetty-util-6.1.26.jar:bin/internal/../../lib/joda-time-2.0.jar:bin/internal/../../lib/jopt-simple-4.3.jar:bin/internal/../../lib/jsr305-3.0.2.jar:bin/internal/../../lib/kafka-clients-0.10.0.0.jar:bin/internal/../../lib/kafka-log4j-appender-0.10.0.0.jar:bin/internal/../../lib/log4j-1.2.17.jar:bin/internal/../../lib/lz4-1.3.0.jar:bin/internal/../../lib/mail-1.4.5.jar:bin/internal/../../lib/metrics-core-3.1.0.jar:bin/internal/../../lib/metrics-jvm-3.1.0.jar:bin/internal/../../lib/mysql-connector-java-5.1.28.jar:bin/internal/../../lib/quartz-2.2.1.jar:bin/internal/../../lib/servlet-api-2.5-20081211.jar:bin/internal/../../lib/slf4j-api-1.7.21.jar:bin/internal/../../lib/slf4j-log4j12-1.7.21.jar:bin/internal/../../lib/snakeyaml-1.18.jar:bin/internal/../../lib/snappy-java-1.1.2.4.jar:bin/internal/../../lib/velocity-1.7.jar:bin/internal/../../extlib/*.jar:bin/internal/../../plugins/*/*.jar
Starting AzkabanExecutorServer on port 12321  ...
2020/08/30 03:12:28.853 +0000 INFO [AzkabanExecutorServer] [Azkaban] Starting Jetty Azkaban Executor...
2020/08/30 03:12:28.948 +0000 INFO [AzkabanServer] [Azkaban] Loading azkaban settings file from bin/internal/../../conf
2020/08/30 03:12:28.948 +0000 INFO [AzkabanServer] [Azkaban] Loading azkaban properties file
2020/08/30 03:12:31.908 +0000 WARN [StorageCleaner] [Azkaban] Project cleanup disabled. All artifacts will be stored.
2020/08/30 03:12:31.969 +0000 INFO [AzkabanExecServerModule] [Azkaban] Event reporter is not enabled
2020/08/30 03:12:31.970 +0000 INFO [FlowRunnerManager] [Azkaban] useNewThreadPool: false
2020/08/30 03:12:31.973 +0000 INFO [JobTypeManager] [Azkaban] Loading plugin default job types
2020/08/30 03:12:31.991 +0000 INFO [JobTypeManager] [Azkaban] Job type plugin directory set. Loading extra job types from plugins/jobtypes
2020/08/30 03:12:31.992 +0000 INFO [JobTypeManager] [Azkaban] Common plugin job props file plugins/jobtypes/common.properties not found. Using only globals props
2020/08/30 03:12:31.992 +0000 INFO [JobTypeManager] [Azkaban] Common plugin load props file plugins/jobtypes/commonprivate.properties found. Attempt to load.
2020/08/30 03:12:32.018 +0000 INFO [FlowRunnerManager] [Azkaban] # of executing flows: 0
2020/08/30 03:12:32.019 +0000 INFO [FlowRunnerManager] [Azkaban] Cleaning recently finished
2020/08/30 03:12:32.036 +0000 INFO [log] [Azkaban] Logging to org.slf4j.impl.Log4jLoggerAdapter(org.mortbay.log) via org.mortbay.log.Slf4jLog
2020/08/30 03:12:32.039 +0000 INFO [ExecJettyServerModule] [Azkaban] Setting up connector with stats on: true
2020/08/30 03:12:32.044 +0000 INFO [ExecJettyServerModule] [Azkaban] Jetty connector name: 0.0.0.0:12321, default header buffer size: 4096
2020/08/30 03:12:32.045 +0000 INFO [ExecJettyServerModule] [Azkaban] Jetty connector name: 0.0.0.0:12321, (if) new header buffer size: 4096
2020/08/30 03:12:32.118 +0000 INFO [JmxJobMBeanManager] [Azkaban] Initializing azkaban.execapp.jmx.JmxJobMBeanManager
2020/08/30 03:12:32.118 +0000 INFO [AzkabanExecutorServer] [Azkaban] Job callback enabled? true
2020/08/30 03:12:32.121 +0000 INFO [JobCallbackManager] [Azkaban] Initializing
2020/08/30 03:12:32.124 +0000 INFO [JobCallbackRequestMaker] [Azkaban] responseWaitTimeoutMS: 5000
2020/08/30 03:12:32.158 +0000 INFO [JobCallbackRequestMaker] [Azkaban] Global request configuration [expectContinueEnabled=false, proxy=null, localAddress=null, cookieSpec=null, redirectsEnabled=true, relativeRedirectsAllowed=true, maxRedirects=50, circularRedirectsAllowed=false, authenticationEnabled=true, targetPreferredAuthSchemes=null, proxyPreferredAuthSchemes=null, connectionRequestTimeout=3000, connectTimeout=3000, socketTimeout=3000, contentCompressionEnabled=true]
2020/08/30 03:12:33.139 +0000 INFO [JobCallbackRequestMaker] [Azkaban] Jobcall thread pool size: 10
2020/08/30 03:12:33.180 +0000 INFO [JobCallbackRequestMaker] [Azkaban] Initialization for azkaban.execapp.event.JobCallbackRequestMaker is completed
2020/08/30 03:12:33.182 +0000 INFO [JobCallbackManager] [Azkaban] Initialization completed azkaban.execapp.event.JobCallbackManager
2020/08/30 03:12:33.182 +0000 INFO [JobCallbackManager] [Azkaban] azkabanHostName localhost:8081
2020/08/30 03:12:33.182 +0000 INFO [AzkabanExecutorServer] [Azkaban] Registering MBeans...
2020/08/30 03:12:33.253 +0000 INFO [MBeanRegistrationManager] [Azkaban] Bean azkaban.jmx.JmxJettyServer registered.
2020/08/30 03:12:33.255 +0000 INFO [MBeanRegistrationManager] [Azkaban] Bean azkaban.execapp.jmx.JmxFlowRunnerManager registered.
2020/08/30 03:12:33.267 +0000 INFO [MBeanRegistrationManager] [Azkaban] Bean azkaban.execapp.jmx.JmxFlowRampManager registered.
2020/08/30 03:12:33.269 +0000 INFO [MBeanRegistrationManager] [Azkaban] Bean azkaban.execapp.jmx.JmxJobMBeanManager registered.
2020/08/30 03:12:33.269 +0000 INFO [MBeanRegistrationManager] [Azkaban] Bean azkaban.execapp.jmx.JmxJobCallback registered.
2020/08/30 03:12:33.270 +0000 INFO [AzkabanExecutorServer] [Azkaban] No value for property: jmx.attribute.processor.class was found
2020/08/30 03:12:34.085 +0000 INFO [AzkabanExecutorServer] [Azkaban] This executor is already in the DB. Found active=true
2020/08/30 03:12:34.085 +0000 INFO [log] [Azkaban] jetty-6.1.26
2020/08/30 03:12:34.166 +0000 INFO [log] [Azkaban] Started SocketConnector@0.0.0.0:12321
2020/08/30 03:12:34.184 +0000 INFO [AzkabanExecutorServer] [Azkaban] This executor is already in the DB. Found: b207607e691c:12321 (id: 1), active=true
2020/08/30 03:12:34.778 +0000 INFO [AzkabanExecutorServer] [Azkaban] Started Executor Server on b207607e691c:12321
2020/08/30 03:12:34.845 +0000 INFO [AzkabanExecutorServer] [Azkaban] Setting timezone to Asia/Beijing
2020/08/30 03:13:32.020 +0000 INFO [FlowRunnerManager] [Azkaban] # of executing flows: 0
