Error: HADOOP_HOME is not set. Hadoop job types will not run properly.
bin/internal/../..
:bin/internal/../../lib/activation-1.1.jar:bin/internal/../../lib/aopalliance-1.0.jar:bin/internal/../../lib/az-core-0.1.0-SNAPSHOT.jar:bin/internal/../../lib/az-hadoop-jobtype-plugin-0.1.0-SNAPSHOT.jar:bin/internal/../../lib/azkaban-common-0.1.0-SNAPSHOT.jar:bin/internal/../../lib/azkaban-db-0.1.0-SNAPSHOT.jar:bin/internal/../../lib/azkaban-exec-server-0.1.0-SNAPSHOT.jar:bin/internal/../../lib/azkaban-hadoop-security-plugin-0.1.0-SNAPSHOT.jar:bin/internal/../../lib/azkaban-spi-0.1.0-SNAPSHOT.jar:bin/internal/../../lib/c3p0-0.9.1.1.jar:bin/internal/../../lib/cached-http-filesystem-0.1.0-SNAPSHOT.jar:bin/internal/../../lib/commons-codec-1.13.jar:bin/internal/../../lib/commons-collections-3.2.2.jar:bin/internal/../../lib/commons-dbcp2-2.7.0.jar:bin/internal/../../lib/commons-dbutils-1.5.jar:bin/internal/../../lib/commons-fileupload-1.2.1.jar:bin/internal/../../lib/commons-io-2.4.jar:bin/internal/../../lib/commons-jexl-2.1.1.jar:bin/internal/../../lib/commons-lang-2.6.jar:bin/internal/../../lib/commons-logging-1.2.jar:bin/internal/../../lib/commons-math3-3.0.jar:bin/internal/../../lib/commons-pool2-2.7.0.jar:bin/internal/../../lib/gson-2.8.1.jar:bin/internal/../../lib/guava-21.0.jar:bin/internal/../../lib/guice-4.1.0.jar:bin/internal/../../lib/httpclient-4.5.3.jar:bin/internal/../../lib/httpcore-4.4.6.jar:bin/internal/../../lib/jackson-core-asl-1.9.5.jar:bin/internal/../../lib/jackson-mapper-asl-1.9.5.jar:bin/internal/../../lib/javax.inject-1.jar:bin/internal/../../lib/jetty-6.1.26.jar:bin/internal/../../lib/jetty-util-6.1.26.jar:bin/internal/../../lib/joda-time-2.0.jar:bin/internal/../../lib/jopt-simple-4.3.jar:bin/internal/../../lib/jsr305-3.0.2.jar:bin/internal/../../lib/kafka-clients-0.10.0.0.jar:bin/internal/../../lib/kafka-log4j-appender-0.10.0.0.jar:bin/internal/../../lib/log4j-1.2.17.jar:bin/internal/../../lib/lz4-1.3.0.jar:bin/internal/../../lib/mail-1.4.5.jar:bin/internal/../../lib/metrics-core-3.1.0.jar:bin/internal/../../lib/metrics-jvm-3.1.0.jar:bin/internal/../../lib/mysql-connector-java-5.1.28.jar:bin/internal/../../lib/quartz-2.2.1.jar:bin/internal/../../lib/servlet-api-2.5-20081211.jar:bin/internal/../../lib/slf4j-api-1.7.21.jar:bin/internal/../../lib/slf4j-log4j12-1.7.21.jar:bin/internal/../../lib/snakeyaml-1.18.jar:bin/internal/../../lib/snappy-java-1.1.2.4.jar:bin/internal/../../lib/velocity-1.7.jar:bin/internal/../../extlib/*.jar:bin/internal/../../plugins/*/*.jar
Starting AzkabanExecutorServer on port 12321  ...
2020/09/09 03:24:47.864 +0000 INFO [AzkabanExecutorServer] [Azkaban] Starting Jetty Azkaban Executor...
2020/09/09 03:24:47.899 +0000 INFO [AzkabanServer] [Azkaban] Loading azkaban settings file from bin/internal/../../conf
2020/09/09 03:24:47.899 +0000 INFO [AzkabanServer] [Azkaban] Loading azkaban properties file
2020/09/09 03:24:50.008 +0000 INFO [JdbcProjectImpl] [Azkaban] project temporary folder is being constructed.
2020/09/09 03:24:50.008 +0000 WARN [StorageCleaner] [Azkaban] Project cleanup disabled. All artifacts will be stored.
2020/09/09 03:24:50.063 +0000 INFO [AzkabanExecServerModule] [Azkaban] Event reporter is not enabled
2020/09/09 03:24:50.064 +0000 INFO [FlowRunnerManager] [Azkaban] Creating subprocess to run shell command: chmod g+s executions
2020/09/09 03:24:50.094 +0000 INFO [FlowRunnerManager] [Azkaban] useNewThreadPool: false
2020/09/09 03:24:50.097 +0000 INFO [JobTypeManager] [Azkaban] Loading plugin default job types
2020/09/09 03:24:50.100 +0000 INFO [JobTypeManager] [Azkaban] Job type plugin directory set. Loading extra job types from plugins/jobtypes
2020/09/09 03:24:50.101 +0000 INFO [JobTypeManager] [Azkaban] Common plugin job props file plugins/jobtypes/common.properties not found. Using only globals props
2020/09/09 03:24:50.101 +0000 INFO [JobTypeManager] [Azkaban] Common plugin load props file plugins/jobtypes/commonprivate.properties found. Attempt to load.
2020/09/09 03:24:50.118 +0000 INFO [FlowRunnerManager] [Azkaban] # of executing flows: 0
2020/09/09 03:24:50.118 +0000 INFO [FlowRunnerManager] [Azkaban] Cleaning recently finished
2020/09/09 03:24:50.134 +0000 INFO [log] [Azkaban] Logging to org.slf4j.impl.Log4jLoggerAdapter(org.mortbay.log) via org.mortbay.log.Slf4jLog
2020/09/09 03:24:50.136 +0000 INFO [ExecJettyServerModule] [Azkaban] Setting up connector with stats on: true
2020/09/09 03:24:50.137 +0000 INFO [ExecJettyServerModule] [Azkaban] Jetty connector name: 0.0.0.0:12321, default header buffer size: 4096
2020/09/09 03:24:50.137 +0000 INFO [ExecJettyServerModule] [Azkaban] Jetty connector name: 0.0.0.0:12321, (if) new header buffer size: 4096
2020/09/09 03:24:50.211 +0000 INFO [JmxJobMBeanManager] [Azkaban] Initializing azkaban.execapp.jmx.JmxJobMBeanManager
2020/09/09 03:24:50.211 +0000 INFO [AzkabanExecutorServer] [Azkaban] Job callback enabled? true
2020/09/09 03:24:50.213 +0000 INFO [JobCallbackManager] [Azkaban] Initializing
2020/09/09 03:24:50.216 +0000 INFO [JobCallbackRequestMaker] [Azkaban] responseWaitTimeoutMS: 5000
2020/09/09 03:24:50.218 +0000 INFO [JobCallbackRequestMaker] [Azkaban] Global request configuration [expectContinueEnabled=false, proxy=null, localAddress=null, cookieSpec=null, redirectsEnabled=true, relativeRedirectsAllowed=true, maxRedirects=50, circularRedirectsAllowed=false, authenticationEnabled=true, targetPreferredAuthSchemes=null, proxyPreferredAuthSchemes=null, connectionRequestTimeout=3000, connectTimeout=3000, socketTimeout=3000, contentCompressionEnabled=true]
2020/09/09 03:24:50.727 +0000 INFO [JobCallbackRequestMaker] [Azkaban] Jobcall thread pool size: 10
2020/09/09 03:24:50.730 +0000 INFO [JobCallbackRequestMaker] [Azkaban] Initialization for azkaban.execapp.event.JobCallbackRequestMaker is completed
2020/09/09 03:24:50.731 +0000 INFO [JobCallbackManager] [Azkaban] Initialization completed azkaban.execapp.event.JobCallbackManager
2020/09/09 03:24:50.731 +0000 INFO [JobCallbackManager] [Azkaban] azkabanHostName webserver:8081
2020/09/09 03:24:50.731 +0000 INFO [AzkabanExecutorServer] [Azkaban] Registering MBeans...
2020/09/09 03:24:50.754 +0000 INFO [MBeanRegistrationManager] [Azkaban] Bean azkaban.jmx.JmxJettyServer registered.
2020/09/09 03:24:50.761 +0000 INFO [MBeanRegistrationManager] [Azkaban] Bean azkaban.execapp.jmx.JmxFlowRunnerManager registered.
2020/09/09 03:24:50.763 +0000 INFO [MBeanRegistrationManager] [Azkaban] Bean azkaban.execapp.jmx.JmxFlowRampManager registered.
2020/09/09 03:24:50.764 +0000 INFO [MBeanRegistrationManager] [Azkaban] Bean azkaban.execapp.jmx.JmxJobMBeanManager registered.
2020/09/09 03:24:50.765 +0000 INFO [MBeanRegistrationManager] [Azkaban] Bean azkaban.execapp.jmx.JmxJobCallback registered.
2020/09/09 03:24:50.765 +0000 INFO [AzkabanExecutorServer] [Azkaban] No value for property: jmx.attribute.processor.class was found
2020/09/09 03:24:51.412 +0000 INFO [AzkabanExecutorServer] [Azkaban] This executor is already in the DB. Found active=false
2020/09/09 03:24:51.413 +0000 INFO [log] [Azkaban] jetty-6.1.26
2020/09/09 03:24:51.733 +0000 INFO [log] [Azkaban] Started SocketConnector@0.0.0.0:12321
2020/09/09 03:24:51.762 +0000 INFO [AzkabanExecutorServer] [Azkaban] This executor is already in the DB. Found: executor:12321 (id: 4), active=false
2020/09/09 03:24:51.770 +0000 INFO [AzkabanExecutorServer] [Azkaban] Started Executor Server on executor:12321
2020/09/09 03:24:51.805 +0000 INFO [AzkabanExecutorServer] [Azkaban] Setting timezone to Asia/Beijing
2020/09/09 03:25:50.120 +0000 INFO [FlowRunnerManager] [Azkaban] # of executing flows: 0
2020/09/09 03:26:50.120 +0000 INFO [FlowRunnerManager] [Azkaban] # of executing flows: 0
2020/09/09 03:26:50.121 +0000 INFO [FlowRunnerManager] [Azkaban] Cleaning recently finished
2020/09/09 03:27:50.122 +0000 INFO [FlowRunnerManager] [Azkaban] # of executing flows: 0
2020/09/09 03:28:50.123 +0000 INFO [FlowRunnerManager] [Azkaban] # of executing flows: 0
2020/09/09 03:28:50.123 +0000 INFO [FlowRunnerManager] [Azkaban] Cleaning recently finished
2020/09/09 03:29:50.123 +0000 INFO [FlowRunnerManager] [Azkaban] # of executing flows: 0
2020/09/09 03:30:50.124 +0000 INFO [FlowRunnerManager] [Azkaban] # of executing flows: 0
2020/09/09 03:30:50.124 +0000 INFO [FlowRunnerManager] [Azkaban] Cleaning recently finished
2020/09/09 03:31:50.126 +0000 INFO [FlowRunnerManager] [Azkaban] # of executing flows: 0
2020/09/09 03:32:50.127 +0000 INFO [FlowRunnerManager] [Azkaban] # of executing flows: 0
2020/09/09 03:32:50.127 +0000 INFO [FlowRunnerManager] [Azkaban] Cleaning recently finished
2020/09/09 03:33:50.129 +0000 INFO [FlowRunnerManager] [Azkaban] # of executing flows: 0
2020/09/09 03:34:50.130 +0000 INFO [FlowRunnerManager] [Azkaban] # of executing flows: 0
2020/09/09 03:34:50.130 +0000 INFO [FlowRunnerManager] [Azkaban] Cleaning recently finished
2020/09/09 03:35:44.209 +0000 INFO [ExecutorServlet] [Azkaban] User  has called action execute on 44
2020/09/09 03:35:44.464 +0000 INFO [ProjectStorageManager] [Azkaban] Fetching project file. project ID: 2 version: 1
2020/09/09 03:35:44.484 +0000 INFO [JdbcProjectImpl] [Azkaban] Md5 Hash is valid
2020/09/09 03:35:44.485 +0000 INFO [FlowPreparer] [Azkaban] Downloading zip file for project ProjectVersion{projectId=2, version=1, installedDir=projects/2.1, dirSizeInByte=null, lastAccessTime=null} when preparing execution [execid 44] completed in 0 second(s)
2020/09/09 03:35:44.486 +0000 INFO [FlowPreparer] [Azkaban] Downloading 0 JAR dependencies... Project: ProjectVersion{projectId=2, version=1, installedDir=projects/2.1, dirSizeInByte=null, lastAccessTime=null}, ExecId: 44
2020/09/09 03:35:44.488 +0000 INFO [FlowPreparer] [Azkaban] Downloading 0 JAR dependencies for project ProjectVersion{projectId=2, version=1, installedDir=projects/2.1, dirSizeInByte=null, lastAccessTime=null} when preparing execution [execid 44] completed in 0 second(s)
2020/09/09 03:35:44.496 +0000 INFO [FlowPreparer] [Azkaban] Project is setup for execution 44
2020/09/09 03:35:44.496 +0000 INFO [FlowPreparer] [Azkaban] Setting up execution dir for 44
2020/09/09 03:35:44.498 +0000 INFO [FlowPreparer] [Azkaban] Setting up execution dir executions/44 took 0 sec(s)
2020/09/09 03:35:44.498 +0000 INFO [FlowPreparer] [Azkaban] Flow preparation completed in 0 sec(s), out ot which 0 sec(s) was spent inside critical section. [execid: 44, path: executions/44]
2020/09/09 03:35:44.520 +0000 INFO [FlowRunnerManager] [Azkaban] Configuring Azkaban metrics tracking for flow runner object
2020/09/09 03:35:44.595 +0000 INFO [datax] [Azkaban] Assigned executor : executor:12321
2020/09/09 03:35:44.608 +0000 INFO [datax] [Azkaban] Running execid:44 flow:datax project:2 version:1
2020/09/09 03:35:44.608 +0000 INFO [datax] [Azkaban] Updating initial flow directory.
2020/09/09 03:35:44.710 +0000 INFO [datax] [Azkaban] Fetching job and shared properties.
2020/09/09 03:35:44.714 +0000 INFO [datax] [Azkaban] Starting flows
2020/09/09 03:35:44.715 +0000 INFO [datax] [Azkaban] Running flow 'datax'.
2020/09/09 03:35:44.742 +0000 INFO [datax] [Azkaban] Configuring Azkaban metrics tracking for jobrunner object
2020/09/09 03:35:44.742 +0000 INFO [datax] [Azkaban] Submitting job 'datax' to run.
2020/09/09 03:35:44.756 +0000 INFO [datax] [Azkaban] Log file path for job: datax is: /app/executions/44/_job.44.datax.log
2020/09/09 03:35:44.766 +0000 INFO [datax] [Azkaban] Created file appender for job datax
2020/09/09 03:35:44.767 +0000 INFO [datax] [Azkaban] Attached file appender for job datax
2020/09/09 03:35:44.781 +0000 INFO [ExecutorDao] [Azkaban] Uploading flowId datax
2020/09/09 03:35:44.853 +0000 INFO [datax] [Azkaban] Job Started: datax
2020/09/09 03:35:45.102 +0000 INFO [datax] [Azkaban] No attachment file for job datax written.
2020/09/09 03:35:45.148 +0000 INFO [JobCallbackManager] [Azkaban] No callback property for SUCCEEDED, exec id: 44
2020/09/09 03:35:45.149 +0000 INFO [datax] [Azkaban] Job datax finished with status SUCCEEDED in 0 seconds
2020/09/09 03:35:45.157 +0000 INFO [datax] [Azkaban] Flow 'datax' is set to SUCCEEDED in 0 seconds
2020/09/09 03:35:45.175 +0000 INFO [datax] [Azkaban] Finishing up flow. Awaiting Termination
2020/09/09 03:35:45.198 +0000 INFO [datax] [Azkaban] Finished Flow
2020/09/09 03:35:45.199 +0000 INFO [datax] [Azkaban] Setting end time for flow 44 to 1599622545199
2020/09/09 03:35:45.243 +0000 INFO [FlowRunnerManager] [Azkaban] Flow 44 is finished. Adding it to recently finished flows list.
2020/09/09 03:35:45.244 +0000 INFO [FlowRunnerManager] [Azkaban] Deleting execution directory for 44
2020/09/09 03:35:45.244 +0000 INFO [FlowRunnerManager] [Azkaban] Starting execution directory deletion for 44
2020/09/09 03:35:45.245 +0000 INFO [datax] [Azkaban] Created FLOW_FINISHED event for 44
2020/09/09 03:35:50.131 +0000 INFO [FlowRunnerManager] [Azkaban] # of executing flows: 0
2020/09/09 03:36:18.300 +0000 INFO [ExecutorServlet] [Azkaban] User  has called action execute on 46
2020/09/09 03:36:18.304 +0000 INFO [FlowPreparer] [Azkaban] Project ProjectVersion{projectId=2, version=1, installedDir=projects/2.1, dirSizeInByte=null, lastAccessTime=null} already cached. Skipping download. ExecId: 46
2020/09/09 03:36:18.304 +0000 INFO [FlowPreparer] [Azkaban] Project is setup for execution 46
2020/09/09 03:36:18.304 +0000 INFO [FlowPreparer] [Azkaban] Setting up execution dir for 46
2020/09/09 03:36:18.305 +0000 INFO [FlowPreparer] [Azkaban] Setting up execution dir executions/46 took 0 sec(s)
2020/09/09 03:36:18.305 +0000 INFO [FlowPreparer] [Azkaban] Flow preparation completed in 0 sec(s), out ot which 0 sec(s) was spent inside critical section. [execid: 46, path: executions/46]
2020/09/09 03:36:18.306 +0000 INFO [FlowRunnerManager] [Azkaban] Configuring Azkaban metrics tracking for flow runner object
2020/09/09 03:36:18.323 +0000 INFO [datax] [Azkaban] Assigned executor : executor:12321
2020/09/09 03:36:18.327 +0000 INFO [datax] [Azkaban] Running execid:46 flow:datax project:2 version:1
2020/09/09 03:36:18.327 +0000 INFO [datax] [Azkaban] Updating initial flow directory.
2020/09/09 03:36:18.349 +0000 INFO [datax] [Azkaban] Fetching job and shared properties.
2020/09/09 03:36:18.350 +0000 INFO [datax] [Azkaban] Starting flows
2020/09/09 03:36:18.350 +0000 INFO [datax] [Azkaban] Running flow 'datax'.
2020/09/09 03:36:18.352 +0000 INFO [datax] [Azkaban] Configuring Azkaban metrics tracking for jobrunner object
2020/09/09 03:36:18.352 +0000 INFO [datax] [Azkaban] Submitting job 'datax' to run.
2020/09/09 03:36:18.362 +0000 INFO [datax] [Azkaban] Log file path for job: datax is: /app/executions/46/_job.46.datax.log
2020/09/09 03:36:18.363 +0000 INFO [datax] [Azkaban] Created file appender for job datax
2020/09/09 03:36:18.363 +0000 INFO [datax] [Azkaban] Attached file appender for job datax
2020/09/09 03:36:18.364 +0000 INFO [ExecutorDao] [Azkaban] Uploading flowId datax
2020/09/09 03:36:18.374 +0000 INFO [datax] [Azkaban] Job Started: datax
2020/09/09 03:36:18.493 +0000 INFO [datax] [Azkaban] No attachment file for job datax written.
2020/09/09 03:36:18.511 +0000 INFO [JobCallbackManager] [Azkaban] No callback property for SUCCEEDED, exec id: 46
2020/09/09 03:36:18.512 +0000 INFO [datax] [Azkaban] Job datax finished with status SUCCEEDED in 0 seconds
2020/09/09 03:36:18.529 +0000 INFO [datax] [Azkaban] Flow 'datax' is set to SUCCEEDED in 0 seconds
2020/09/09 03:36:18.551 +0000 INFO [datax] [Azkaban] Finishing up flow. Awaiting Termination
2020/09/09 03:36:18.579 +0000 INFO [datax] [Azkaban] Finished Flow
2020/09/09 03:36:18.579 +0000 INFO [datax] [Azkaban] Setting end time for flow 46 to 1599622578579
2020/09/09 03:36:18.615 +0000 INFO [FlowRunnerManager] [Azkaban] Flow 46 is finished. Adding it to recently finished flows list.
2020/09/09 03:36:18.616 +0000 INFO [FlowRunnerManager] [Azkaban] Deleting execution directory for 46
2020/09/09 03:36:18.616 +0000 INFO [FlowRunnerManager] [Azkaban] Starting execution directory deletion for 46
2020/09/09 03:36:18.617 +0000 INFO [datax] [Azkaban] Created FLOW_FINISHED event for 46
2020/09/09 03:36:50.132 +0000 INFO [FlowRunnerManager] [Azkaban] # of executing flows: 0
2020/09/09 03:36:50.132 +0000 INFO [FlowRunnerManager] [Azkaban] Cleaning recently finished
2020/09/09 03:36:50.132 +0000 INFO [FlowRunnerManager] [Azkaban] Cleaning execution 44 from recently finished flows list.
2020/09/09 03:37:50.133 +0000 INFO [FlowRunnerManager] [Azkaban] # of executing flows: 0
2020/09/09 03:38:50.133 +0000 INFO [FlowRunnerManager] [Azkaban] # of executing flows: 0
2020/09/09 03:38:50.134 +0000 INFO [FlowRunnerManager] [Azkaban] Cleaning recently finished
2020/09/09 03:38:50.134 +0000 INFO [FlowRunnerManager] [Azkaban] Cleaning execution 46 from recently finished flows list.
2020/09/09 03:39:50.135 +0000 INFO [FlowRunnerManager] [Azkaban] # of executing flows: 0
2020/09/09 03:40:18.795 +0000 INFO [ExecutorServlet] [Azkaban] User  has called action execute on 49
2020/09/09 03:40:18.799 +0000 INFO [ProjectStorageManager] [Azkaban] Fetching project file. project ID: 45 version: 1
2020/09/09 03:40:18.803 +0000 INFO [JdbcProjectImpl] [Azkaban] Md5 Hash is valid
2020/09/09 03:40:18.803 +0000 INFO [FlowPreparer] [Azkaban] Downloading zip file for project ProjectVersion{projectId=45, version=1, installedDir=projects/45.1, dirSizeInByte=null, lastAccessTime=null} when preparing execution [execid 49] completed in 0 second(s)
2020/09/09 03:40:18.803 +0000 INFO [FlowPreparer] [Azkaban] Downloading 0 JAR dependencies... Project: ProjectVersion{projectId=45, version=1, installedDir=projects/45.1, dirSizeInByte=null, lastAccessTime=null}, ExecId: 49
2020/09/09 03:40:18.804 +0000 INFO [FlowPreparer] [Azkaban] Downloading 0 JAR dependencies for project ProjectVersion{projectId=45, version=1, installedDir=projects/45.1, dirSizeInByte=null, lastAccessTime=null} when preparing execution [execid 49] completed in 0 second(s)
2020/09/09 03:40:18.804 +0000 INFO [FlowPreparer] [Azkaban] Project is setup for execution 49
2020/09/09 03:40:18.804 +0000 INFO [FlowPreparer] [Azkaban] Setting up execution dir for 49
2020/09/09 03:40:18.805 +0000 INFO [FlowPreparer] [Azkaban] Setting up execution dir executions/49 took 0 sec(s)
2020/09/09 03:40:18.806 +0000 INFO [FlowPreparer] [Azkaban] Flow preparation completed in 0 sec(s), out ot which 0 sec(s) was spent inside critical section. [execid: 49, path: executions/49]
2020/09/09 03:40:18.806 +0000 INFO [FlowRunnerManager] [Azkaban] Configuring Azkaban metrics tracking for flow runner object
2020/09/09 03:40:18.811 +0000 INFO [datax] [Azkaban] Assigned executor : executor:12321
2020/09/09 03:40:18.827 +0000 INFO [datax] [Azkaban] Running execid:49 flow:datax project:45 version:1
2020/09/09 03:40:18.827 +0000 INFO [datax] [Azkaban] Updating initial flow directory.
2020/09/09 03:40:18.844 +0000 INFO [datax] [Azkaban] Fetching job and shared properties.
2020/09/09 03:40:18.844 +0000 INFO [datax] [Azkaban] Starting flows
2020/09/09 03:40:18.845 +0000 INFO [datax] [Azkaban] Running flow 'datax'.
2020/09/09 03:40:18.847 +0000 INFO [datax] [Azkaban] Configuring Azkaban metrics tracking for jobrunner object
2020/09/09 03:40:18.847 +0000 INFO [datax] [Azkaban] Submitting job 'jsonDownload' to run.
2020/09/09 03:40:18.862 +0000 INFO [datax] [Azkaban] Log file path for job: jsonDownload is: /app/executions/49/_job.49.jsonDownload.log
2020/09/09 03:40:18.863 +0000 INFO [datax] [Azkaban] Created file appender for job jsonDownload
2020/09/09 03:40:18.863 +0000 INFO [datax] [Azkaban] Attached file appender for job jsonDownload
2020/09/09 03:40:18.884 +0000 INFO [ExecutorDao] [Azkaban] Uploading flowId datax
2020/09/09 03:40:18.913 +0000 INFO [datax] [Azkaban] Job Started: jsonDownload
2020/09/09 03:40:19.065 +0000 INFO [datax] [Azkaban] No attachment file for job jsonDownload written.
2020/09/09 03:40:19.081 +0000 INFO [JobCallbackManager] [Azkaban] No callback property for SUCCEEDED, exec id: 49
2020/09/09 03:40:19.082 +0000 INFO [datax] [Azkaban] Job jsonDownload finished with status SUCCEEDED in 0 seconds
2020/09/09 03:40:19.093 +0000 INFO [datax] [Azkaban] Configuring Azkaban metrics tracking for jobrunner object
2020/09/09 03:40:19.093 +0000 INFO [datax] [Azkaban] Submitting job 'datax' to run.
2020/09/09 03:40:19.111 +0000 INFO [datax] [Azkaban] Log file path for job: datax is: /app/executions/49/_job.49.datax.log
2020/09/09 03:40:19.112 +0000 INFO [datax] [Azkaban] Created file appender for job datax
2020/09/09 03:40:19.112 +0000 INFO [datax] [Azkaban] Attached file appender for job datax
2020/09/09 03:40:19.129 +0000 INFO [ExecutorDao] [Azkaban] Uploading flowId datax
2020/09/09 03:40:19.172 +0000 INFO [datax] [Azkaban] Job Started: datax
2020/09/09 03:40:19.307 +0000 INFO [datax] [Azkaban] No attachment file for job datax written.
2020/09/09 03:40:19.323 +0000 INFO [JobCallbackManager] [Azkaban] No callback property for SUCCEEDED, exec id: 49
2020/09/09 03:40:19.323 +0000 INFO [datax] [Azkaban] Job datax finished with status SUCCEEDED in 0 seconds
2020/09/09 03:40:19.332 +0000 INFO [datax] [Azkaban] Flow 'datax' is set to SUCCEEDED in 0 seconds
2020/09/09 03:40:19.355 +0000 INFO [datax] [Azkaban] Finishing up flow. Awaiting Termination
2020/09/09 03:40:19.417 +0000 INFO [datax] [Azkaban] Finished Flow
2020/09/09 03:40:19.417 +0000 INFO [datax] [Azkaban] Setting end time for flow 49 to 1599622819417
2020/09/09 03:40:19.517 +0000 INFO [FlowRunnerManager] [Azkaban] Flow 49 is finished. Adding it to recently finished flows list.
2020/09/09 03:40:19.517 +0000 INFO [FlowRunnerManager] [Azkaban] Deleting execution directory for 49
2020/09/09 03:40:19.517 +0000 INFO [FlowRunnerManager] [Azkaban] Starting execution directory deletion for 49
2020/09/09 03:40:19.519 +0000 INFO [datax] [Azkaban] Created FLOW_FINISHED event for 49
2020/09/09 03:40:50.135 +0000 INFO [FlowRunnerManager] [Azkaban] # of executing flows: 0
2020/09/09 03:40:50.136 +0000 INFO [FlowRunnerManager] [Azkaban] Cleaning recently finished
2020/09/09 03:41:50.137 +0000 INFO [FlowRunnerManager] [Azkaban] # of executing flows: 0
2020/09/09 03:42:50.138 +0000 INFO [FlowRunnerManager] [Azkaban] # of executing flows: 0
2020/09/09 03:42:50.138 +0000 INFO [FlowRunnerManager] [Azkaban] Cleaning recently finished
2020/09/09 03:42:50.138 +0000 INFO [FlowRunnerManager] [Azkaban] Cleaning execution 49 from recently finished flows list.
2020/09/09 03:43:50.140 +0000 INFO [FlowRunnerManager] [Azkaban] # of executing flows: 0
2020/09/09 03:44:50.141 +0000 INFO [FlowRunnerManager] [Azkaban] # of executing flows: 0
2020/09/09 03:44:50.141 +0000 INFO [FlowRunnerManager] [Azkaban] Cleaning recently finished
2020/09/09 03:45:50.142 +0000 INFO [FlowRunnerManager] [Azkaban] # of executing flows: 0
